<?xml version="1.0" encoding="UTF-8"?>
<testsuites name="Navigation" time="587.587" tests="16" failures="4" skips="0" errors="0">
   <testsuite name="Navigation" tests="16" failures="4" errors="0" time="587.587" skips="0" timestamp="2021-05-11 19:26:42" hostname="moham - DESKTOP-21F1E8S" id="Test Suites/Navigation">
      <properties>
         <property name="deviceName" value=""/>
         <property name="devicePlatform" value=""/>
         <property name="logFolder" value="C:\\Users\\moham\\git\\SuCourse_Katalon\\Reports\\20210511_192636\\Navigation\\20210511_192636"/>
         <property name="logFiles" value="C:\\Users\\moham\\git\\SuCourse_Katalon\\Reports\\20210511_192636\\Navigation\\20210511_192636\\execution0.log"/>
         <property name="attachments" value="C:\\Users\\moham\\git\\SuCourse_Katalon\\Reports\\20210511_192636\\Navigation\\20210511_192636\\1620750482917.png, C:\\Users\\moham\\git\\SuCourse_Katalon\\Reports\\20210511_192636\\Navigation\\20210511_192636\\1620750578686.png, C:\\Users\\moham\\git\\SuCourse_Katalon\\Reports\\20210511_192636\\Navigation\\20210511_192636\\1620750867467.png, C:\\Users\\moham\\git\\SuCourse_Katalon\\Reports\\20210511_192636\\Navigation\\20210511_192636\\1620750986447.png"/>
         <property name="hostName" value="moham - DESKTOP-21F1E8S"/>
         <property name="os" value="Windows 10 64bit"/>
         <property name="katalonVersion" value="7.9.1.208"/>
         <property name="browser" value="Chrome 90.0.4430.93"/>
         <property name="hostAddress" value="192.168.100.73"/>
         <property name="sessionId" value="c396477e38026b78f0f3df076c3476c6"/>
         <property name="seleniumVersion" value="3.141.59"/>
         <property name="proxyInformation" value="ProxyInformation { proxyOption=NO_PROXY, proxyServerType=HTTP, username=, password=********, proxyServerAddress=, proxyServerPort=0, executionList=&quot;&quot;, isApplyToDesiredCapabilities=true }"/>
         <property name="platform" value="Windows 10"/>
      </properties>
      <testcase name="Test Cases/ProfilePage(PressingOnImage)" time="28.564" classname="Test Cases/ProfilePage(PressingOnImage)" status="PASSED">
         <system-out><![CDATA[2021-05-11 19:26:44 - [TEST_CASE][PASSED] - Test Cases/ProfilePage(PressingOnImage): Test Cases/ProfilePage(PressingOnImage)

2021-05-11 19:26:45 - [TEST_STEP][PASSED] - openBrowser(""): Browser is opened with url: ''

2021-05-11 19:26:46 - [MESSAGE][INFO] - Starting 'Chrome' driver

2021-05-11 19:26:46 - [MESSAGE][INFO] - Action delay is set to 0 milliseconds

2021-05-11 19:26:50 - [MESSAGE][PASSED] - Browser is opened with url: ''

2021-05-11 19:26:50 - [TEST_STEP][PASSED] - navigateToUrl("https://sucourse.sabanciuniv.edu/plus/"): Navigate to 'https://sucourse.sabanciuniv.edu/plus/' successfully

2021-05-11 19:26:53 - [MESSAGE][PASSED] - Navigate to 'https://sucourse.sabanciuniv.edu/plus/' successfully

2021-05-11 19:26:53 - [TEST_STEP][PASSED] - delay(1): Delayed 1 second(s)

2021-05-11 19:26:54 - [MESSAGE][PASSED] - Delayed 1 second(s)

2021-05-11 19:26:54 - [TEST_STEP][PASSED] - click(findTestObject("Object Repository/ProfilePage(PressingOnImage)/Page_SUCourse/a_Login")): Object: 'Object Repository/ProfilePage(PressingOnImage)/Page_SUCourse/a_Login' is clicked on

2021-05-11 19:26:56 - [MESSAGE][PASSED] - Object: 'Object Repository/ProfilePage(PressingOnImage)/Page_SUCourse/a_Login' is clicked on

2021-05-11 19:26:56 - [TEST_STEP][PASSED] - delay(1): Delayed 1 second(s)

2021-05-11 19:26:57 - [MESSAGE][PASSED] - Delayed 1 second(s)

2021-05-11 19:26:57 - [TEST_STEP][PASSED] - click(findTestObject("Object Repository/ProfilePage(PressingOnImage)/Page_SUCourse Authentication choice/a_SUNet users (Sabanc University members)")): Object: 'Object Repository/ProfilePage(PressingOnImage)/Page_SUCourse Authentication choice/a_SUNet users (Sabanc University members)' is clicked on

2021-05-11 19:26:59 - [MESSAGE][PASSED] - Object: 'Object Repository/ProfilePage(PressingOnImage)/Page_SUCourse Authentication choice/a_SUNet users (Sabanc University members)' is clicked on

2021-05-11 19:26:59 - [TEST_STEP][PASSED] - delay(1): Delayed 1 second(s)

2021-05-11 19:27:00 - [MESSAGE][PASSED] - Delayed 1 second(s)

2021-05-11 19:27:00 - [TEST_STEP][PASSED] - setText(findTestObject("Object Repository/ProfilePage(PressingOnImage)/Page_Login - CAS  Central Authentication Service/input_U_username"), "mohamedkassem"): Text 'mohamedkassem' is set on object 'Object Repository/ProfilePage(PressingOnImage)/Page_Login - CAS  Central Authentication Service/input_U_username'

2021-05-11 19:27:01 - [MESSAGE][PASSED] - Text 'mohamedkassem' is set on object 'Object Repository/ProfilePage(PressingOnImage)/Page_Login - CAS  Central Authentication Service/input_U_username'

2021-05-11 19:27:01 - [TEST_STEP][PASSED] - delay(1): Delayed 1 second(s)

2021-05-11 19:27:02 - [MESSAGE][PASSED] - Delayed 1 second(s)

2021-05-11 19:27:02 - [TEST_STEP][PASSED] - setEncryptedText(findTestObject("Object Repository/ProfilePage(PressingOnImage)/Page_Login - CAS  Central Authentication Service/input_P_password"), "lsh4UT/KYs157Zjg3xgr3w=="): Text ****** has been set on object 'Object Repository/ProfilePage(PressingOnImage)/Page_Login - CAS  Central Authentication Service/input_P_password'

2021-05-11 19:27:03 - [MESSAGE][PASSED] - Text ****** has been set on object 'Object Repository/ProfilePage(PressingOnImage)/Page_Login - CAS  Central Authentication Service/input_P_password'

2021-05-11 19:27:03 - [TEST_STEP][PASSED] - delay(1): Delayed 1 second(s)

2021-05-11 19:27:04 - [MESSAGE][PASSED] - Delayed 1 second(s)

2021-05-11 19:27:04 - [TEST_STEP][PASSED] - click(findTestObject("Object Repository/ProfilePage(PressingOnImage)/Page_Login - CAS  Central Authentication Service/input_Remember Me_submit")): Object: 'Object Repository/ProfilePage(PressingOnImage)/Page_Login - CAS  Central Authentication Service/input_Remember Me_submit' is clicked on

2021-05-11 19:27:07 - [MESSAGE][PASSED] - Object: 'Object Repository/ProfilePage(PressingOnImage)/Page_Login - CAS  Central Authentication Service/input_Remember Me_submit' is clicked on

2021-05-11 19:27:07 - [TEST_STEP][PASSED] - delay(1): Delayed 1 second(s)

2021-05-11 19:27:08 - [MESSAGE][PASSED] - Delayed 1 second(s)

2021-05-11 19:27:08 - [TEST_STEP][PASSED] - click(findTestObject("Object Repository/ProfilePage(PressingOnImage)/Page_Dashboard/img_Log out_welcome_userpicture")): Object: 'Object Repository/ProfilePage(PressingOnImage)/Page_Dashboard/img_Log out_welcome_userpicture' is clicked on

2021-05-11 19:27:09 - [MESSAGE][PASSED] - Object: 'Object Repository/ProfilePage(PressingOnImage)/Page_Dashboard/img_Log out_welcome_userpicture' is clicked on

2021-05-11 19:27:09 - [TEST_STEP][PASSED] - delay(3): Delayed 3 second(s)

2021-05-11 19:27:12 - [MESSAGE][PASSED] - Delayed 3 second(s)

2021-05-11 19:27:12 - [TEST_STEP][PASSED] - closeBrowser(): Browser is closed

2021-05-11 19:27:13 - [MESSAGE][PASSED] - Browser is closed]]></system-out>
         <system-err><![CDATA[]]></system-err>
      </testcase>
      <testcase name="Test Cases/ProfilePage(DropdownTab)" time="27.612" classname="Test Cases/ProfilePage(DropdownTab)" status="PASSED">
         <system-out><![CDATA[2021-05-11 19:27:13 - [TEST_CASE][PASSED] - Test Cases/ProfilePage(DropdownTab): Test Cases/ProfilePage(DropdownTab)

2021-05-11 19:27:14 - [TEST_STEP][PASSED] - openBrowser(""): Browser is opened with url: ''

2021-05-11 19:27:14 - [MESSAGE][INFO] - Starting 'Chrome' driver

2021-05-11 19:27:14 - [MESSAGE][INFO] - Action delay is set to 0 milliseconds

2021-05-11 19:27:16 - [MESSAGE][PASSED] - Browser is opened with url: ''

2021-05-11 19:27:16 - [TEST_STEP][PASSED] - navigateToUrl("https://sucourse.sabanciuniv.edu/plus/"): Navigate to 'https://sucourse.sabanciuniv.edu/plus/' successfully

2021-05-11 19:27:20 - [MESSAGE][PASSED] - Navigate to 'https://sucourse.sabanciuniv.edu/plus/' successfully

2021-05-11 19:27:20 - [TEST_STEP][PASSED] - delay(1): Delayed 1 second(s)

2021-05-11 19:27:21 - [MESSAGE][PASSED] - Delayed 1 second(s)

2021-05-11 19:27:21 - [TEST_STEP][PASSED] - click(findTestObject("Object Repository/ProfilePage(DropdownTab)/Page_SUCourse/a_Login")): Object: 'Object Repository/ProfilePage(DropdownTab)/Page_SUCourse/a_Login' is clicked on

2021-05-11 19:27:22 - [MESSAGE][PASSED] - Object: 'Object Repository/ProfilePage(DropdownTab)/Page_SUCourse/a_Login' is clicked on

2021-05-11 19:27:22 - [TEST_STEP][PASSED] - delay(1): Delayed 1 second(s)

2021-05-11 19:27:23 - [MESSAGE][PASSED] - Delayed 1 second(s)

2021-05-11 19:27:23 - [TEST_STEP][PASSED] - click(findTestObject("Object Repository/ProfilePage(DropdownTab)/Page_SUCourse Authentication choice/a_SUNet users (Sabanc University members)")): Object: 'Object Repository/ProfilePage(DropdownTab)/Page_SUCourse Authentication choice/a_SUNet users (Sabanc University members)' is clicked on

2021-05-11 19:27:25 - [MESSAGE][PASSED] - Object: 'Object Repository/ProfilePage(DropdownTab)/Page_SUCourse Authentication choice/a_SUNet users (Sabanc University members)' is clicked on

2021-05-11 19:27:25 - [TEST_STEP][PASSED] - delay(1): Delayed 1 second(s)

2021-05-11 19:27:26 - [MESSAGE][PASSED] - Delayed 1 second(s)

2021-05-11 19:27:26 - [TEST_STEP][PASSED] - setText(findTestObject("Object Repository/ProfilePage(DropdownTab)/Page_Login - CAS  Central Authentication Service/input_U_username"), "mohamedkassem"): Text 'mohamedkassem' is set on object 'Object Repository/ProfilePage(DropdownTab)/Page_Login - CAS  Central Authentication Service/input_U_username'

2021-05-11 19:27:27 - [MESSAGE][PASSED] - Text 'mohamedkassem' is set on object 'Object Repository/ProfilePage(DropdownTab)/Page_Login - CAS  Central Authentication Service/input_U_username'

2021-05-11 19:27:27 - [TEST_STEP][PASSED] - delay(1): Delayed 1 second(s)

2021-05-11 19:27:28 - [MESSAGE][PASSED] - Delayed 1 second(s)

2021-05-11 19:27:28 - [TEST_STEP][PASSED] - setEncryptedText(findTestObject("Object Repository/ProfilePage(DropdownTab)/Page_Login - CAS  Central Authentication Service/input_P_password"), "lsh4UT/KYs157Zjg3xgr3w=="): Text ****** has been set on object 'Object Repository/ProfilePage(DropdownTab)/Page_Login - CAS  Central Authentication Service/input_P_password'

2021-05-11 19:27:29 - [MESSAGE][PASSED] - Text ****** has been set on object 'Object Repository/ProfilePage(DropdownTab)/Page_Login - CAS  Central Authentication Service/input_P_password'

2021-05-11 19:27:29 - [TEST_STEP][PASSED] - delay(1): Delayed 1 second(s)

2021-05-11 19:27:30 - [MESSAGE][PASSED] - Delayed 1 second(s)

2021-05-11 19:27:30 - [TEST_STEP][PASSED] - click(findTestObject("Object Repository/ProfilePage(DropdownTab)/Page_Login - CAS  Central Authentication Service/input_Remember Me_submit")): Object: 'Object Repository/ProfilePage(DropdownTab)/Page_Login - CAS  Central Authentication Service/input_Remember Me_submit' is clicked on

2021-05-11 19:27:33 - [MESSAGE][PASSED] - Object: 'Object Repository/ProfilePage(DropdownTab)/Page_Login - CAS  Central Authentication Service/input_Remember Me_submit' is clicked on

2021-05-11 19:27:33 - [TEST_STEP][PASSED] - delay(1): Delayed 1 second(s)

2021-05-11 19:27:34 - [MESSAGE][PASSED] - Delayed 1 second(s)

2021-05-11 19:27:34 - [TEST_STEP][PASSED] - click(findTestObject("Object Repository/ProfilePage(DropdownTab)/Page_Dashboard/span_Mohamed Emad Mohamed Kassem")): Object: 'Object Repository/ProfilePage(DropdownTab)/Page_Dashboard/span_Mohamed Emad Mohamed Kassem' is clicked on

2021-05-11 19:27:34 - [MESSAGE][PASSED] - Object: 'Object Repository/ProfilePage(DropdownTab)/Page_Dashboard/span_Mohamed Emad Mohamed Kassem' is clicked on

2021-05-11 19:27:34 - [TEST_STEP][PASSED] - delay(1): Delayed 1 second(s)

2021-05-11 19:27:35 - [MESSAGE][PASSED] - Delayed 1 second(s)

2021-05-11 19:27:35 - [TEST_STEP][PASSED] - click(findTestObject("Object Repository/ProfilePage(DropdownTab)/Page_Dashboard/a_Profile")): Object: 'Object Repository/ProfilePage(DropdownTab)/Page_Dashboard/a_Profile' is clicked on

2021-05-11 19:27:37 - [MESSAGE][PASSED] - Object: 'Object Repository/ProfilePage(DropdownTab)/Page_Dashboard/a_Profile' is clicked on

2021-05-11 19:27:37 - [TEST_STEP][PASSED] - delay(3): Delayed 3 second(s)

2021-05-11 19:27:40 - [MESSAGE][PASSED] - Delayed 3 second(s)

2021-05-11 19:27:40 - [TEST_STEP][PASSED] - closeBrowser(): Browser is closed

2021-05-11 19:27:41 - [MESSAGE][PASSED] - Browser is closed]]></system-out>
         <system-err><![CDATA[]]></system-err>
      </testcase>
      <testcase name="Test Cases/MyCourses(CS439)" time="22.215" classname="Test Cases/MyCourses(CS439)" status="FAILED">
         <failure type="FAILED" message="Test Cases/MyCourses(CS439) FAILED.
Reason:
com.kms.katalon.core.exception.StepFailedException: Unable to click on object 'Object Repository/MyCourses(CS439)/Page_Dashboard/a_CS439-202002'
	at com.kms.katalon.core.webui.keyword.internal.WebUIKeywordMain.stepFailed(WebUIKeywordMain.groovy:64)
	at com.kms.katalon.core.webui.keyword.internal.WebUIKeywordMain.runKeyword(WebUIKeywordMain.groovy:26)
	at com.kms.katalon.core.webui.keyword.builtin.ClickKeyword.click(ClickKeyword.groovy:75)
	at com.kms.katalon.core.webui.keyword.builtin.ClickKeyword.execute(ClickKeyword.groovy:42)
	at com.kms.katalon.core.keyword.internal.KeywordExecutor.executeKeywordForPlatform(KeywordExecutor.groovy:73)
	at com.kms.katalon.core.webui.keyword.WebUiBuiltInKeywords.click(WebUiBuiltInKeywords.groovy:619)
	at com.kms.katalon.core.webui.keyword.WebUiBuiltInKeywords$click$1.call(Unknown Source)
	at MyCourses(CS439).run(MyCourses(CS439):48)
	at com.kms.katalon.core.main.ScriptEngine.run(ScriptEngine.java:194)
	at com.kms.katalon.core.main.ScriptEngine.runScriptAsRawText(ScriptEngine.java:119)
	at com.kms.katalon.core.main.TestCaseExecutor.runScript(TestCaseExecutor.java:398)
	at com.kms.katalon.core.main.TestCaseExecutor.doExecute(TestCaseExecutor.java:389)
	at com.kms.katalon.core.main.TestCaseExecutor.processExecutionPhase(TestCaseExecutor.java:368)
	at com.kms.katalon.core.main.TestCaseExecutor.accessMainPhase(TestCaseExecutor.java:360)
	at com.kms.katalon.core.main.TestCaseExecutor.execute(TestCaseExecutor.java:255)
	at com.kms.katalon.core.main.TestSuiteExecutor.accessTestCaseMainPhase(TestSuiteExecutor.java:203)
	at com.kms.katalon.core.main.TestSuiteExecutor.accessTestSuiteMainPhase(TestSuiteExecutor.java:152)
	at com.kms.katalon.core.main.TestSuiteExecutor.execute(TestSuiteExecutor.java:95)
	at com.kms.katalon.core.main.TestCaseMain.startTestSuite(TestCaseMain.java:157)
	at com.kms.katalon.core.main.TestCaseMain$startTestSuite$0.call(Unknown Source)
	at TempTestSuite1620750396797.run(TempTestSuite1620750396797.groovy:39)
Caused by: org.openqa.selenium.ElementNotInteractableException: element not interactable
  (Session info: chrome=90.0.4430.93)
Build info: version: '3.141.59', revision: 'e82be7d358', time: '2018-11-14T08:25:53'
System info: host: 'DESKTOP-21F1E8S', ip: '192.168.100.73', os.name: 'Windows 10', os.arch: 'amd64', os.version: '10.0', java.version: '1.8.0_181'
Driver info: com.kms.katalon.selenium.driver.CChromeDriver
Capabilities {acceptInsecureCerts: false, browserName: chrome, browserVersion: 90.0.4430.93, chrome: {chromedriverVersion: 90.0.4430.24 (4c6d850f087da..., userDataDir: C:\Users\moham\AppData\Loca...}, goog:chromeOptions: {debuggerAddress: localhost:33072}, javascriptEnabled: true, networkConnectionEnabled: false, pageLoadStrategy: normal, platform: WINDOWS, platformName: WINDOWS, proxy: Proxy(), setWindowRect: true, strictFileInteractability: false, timeouts: {implicit: 0, pageLoad: 300000, script: 30000}, unhandledPromptBehavior: dismiss and notify, webauthn:extension:largeBlob: true, webauthn:virtualAuthenticators: true}
Session ID: ee9a2bbb0b7ff22db33ecf108d40c6f8
	at org.openqa.selenium.remote.http.W3CHttpResponseCodec.createException(W3CHttpResponseCodec.java:187)
	at org.openqa.selenium.remote.http.W3CHttpResponseCodec.decode(W3CHttpResponseCodec.java:122)
	at org.openqa.selenium.remote.http.W3CHttpResponseCodec.decode(W3CHttpResponseCodec.java:49)
	at org.openqa.selenium.remote.HttpCommandExecutor.execute(HttpCommandExecutor.java:158)
	at org.openqa.selenium.remote.service.DriverCommandExecutor.execute(DriverCommandExecutor.java:83)
	at org.openqa.selenium.remote.RemoteWebDriver.execute(RemoteWebDriver.java:552)
	at com.kms.katalon.selenium.driver.CChromeDriver.execute(CChromeDriver.java:19)
	at org.openqa.selenium.remote.RemoteWebElement.execute(RemoteWebElement.java:285)
	at org.openqa.selenium.remote.RemoteWebElement.click(RemoteWebElement.java:84)
	at org.openqa.selenium.support.events.EventFiringWebDriver$EventFiringWebElement.lambda$new$0(EventFiringWebDriver.java:404)
	at com.sun.proxy.$Proxy11.click(Unknown Source)
	at org.openqa.selenium.support.events.EventFiringWebDriver$EventFiringWebElement.click(EventFiringWebDriver.java:417)
	at com.kms.katalon.core.webui.keyword.builtin.ClickKeyword$_click_closure1.doCall(ClickKeyword.groovy:68)
	at com.kms.katalon.core.webui.keyword.builtin.ClickKeyword$_click_closure1.call(ClickKeyword.groovy)
	at com.kms.katalon.core.webui.keyword.internal.WebUIKeywordMain.runKeyword(WebUIKeywordMain.groovy:20)
	... 19 more
"/>
         <system-out><![CDATA[2021-05-11 19:27:41 - [TEST_CASE][FAILED] - Test Cases/MyCourses(CS439): Test Cases/MyCourses(CS439) FAILED.
Reason:
com.kms.katalon.core.exception.StepFailedException: Unable to click on object 'Object Repository/MyCourses(CS439)/Page_Dashboard/a_CS439-202002'
	at com.kms.katalon.core.webui.keyword.internal.WebUIKeywordMain.stepFailed(WebUIKeywordMain.groovy:64)
	at com.kms.katalon.core.webui.keyword.internal.WebUIKeywordMain.runKeyword(WebUIKeywordMain.groovy:26)
	at com.kms.katalon.core.webui.keyword.builtin.ClickKeyword.click(ClickKeyword.groovy:75)
	at com.kms.katalon.core.webui.keyword.builtin.ClickKeyword.execute(ClickKeyword.groovy:42)
	at com.kms.katalon.core.keyword.internal.KeywordExecutor.executeKeywordForPlatform(KeywordExecutor.groovy:73)
	at com.kms.katalon.core.webui.keyword.WebUiBuiltInKeywords.click(WebUiBuiltInKeywords.groovy:619)
	at com.kms.katalon.core.webui.keyword.WebUiBuiltInKeywords$click$1.call(Unknown Source)
	at MyCourses(CS439).run(MyCourses(CS439):48)
	at com.kms.katalon.core.main.ScriptEngine.run(ScriptEngine.java:194)
	at com.kms.katalon.core.main.ScriptEngine.runScriptAsRawText(ScriptEngine.java:119)
	at com.kms.katalon.core.main.TestCaseExecutor.runScript(TestCaseExecutor.java:398)
	at com.kms.katalon.core.main.TestCaseExecutor.doExecute(TestCaseExecutor.java:389)
	at com.kms.katalon.core.main.TestCaseExecutor.processExecutionPhase(TestCaseExecutor.java:368)
	at com.kms.katalon.core.main.TestCaseExecutor.accessMainPhase(TestCaseExecutor.java:360)
	at com.kms.katalon.core.main.TestCaseExecutor.execute(TestCaseExecutor.java:255)
	at com.kms.katalon.core.main.TestSuiteExecutor.accessTestCaseMainPhase(TestSuiteExecutor.java:203)
	at com.kms.katalon.core.main.TestSuiteExecutor.accessTestSuiteMainPhase(TestSuiteExecutor.java:152)
	at com.kms.katalon.core.main.TestSuiteExecutor.execute(TestSuiteExecutor.java:95)
	at com.kms.katalon.core.main.TestCaseMain.startTestSuite(TestCaseMain.java:157)
	at com.kms.katalon.core.main.TestCaseMain$startTestSuite$0.call(Unknown Source)
	at TempTestSuite1620750396797.run(TempTestSuite1620750396797.groovy:39)
Caused by: org.openqa.selenium.ElementNotInteractableException: element not interactable
  (Session info: chrome=90.0.4430.93)
Build info: version: '3.141.59', revision: 'e82be7d358', time: '2018-11-14T08:25:53'
System info: host: 'DESKTOP-21F1E8S', ip: '192.168.100.73', os.name: 'Windows 10', os.arch: 'amd64', os.version: '10.0', java.version: '1.8.0_181'
Driver info: com.kms.katalon.selenium.driver.CChromeDriver
Capabilities {acceptInsecureCerts: false, browserName: chrome, browserVersion: 90.0.4430.93, chrome: {chromedriverVersion: 90.0.4430.24 (4c6d850f087da..., userDataDir: C:\Users\moham\AppData\Loca...}, goog:chromeOptions: {debuggerAddress: localhost:33072}, javascriptEnabled: true, networkConnectionEnabled: false, pageLoadStrategy: normal, platform: WINDOWS, platformName: WINDOWS, proxy: Proxy(), setWindowRect: true, strictFileInteractability: false, timeouts: {implicit: 0, pageLoad: 300000, script: 30000}, unhandledPromptBehavior: dismiss and notify, webauthn:extension:largeBlob: true, webauthn:virtualAuthenticators: true}
Session ID: ee9a2bbb0b7ff22db33ecf108d40c6f8
	at org.openqa.selenium.remote.http.W3CHttpResponseCodec.createException(W3CHttpResponseCodec.java:187)
	at org.openqa.selenium.remote.http.W3CHttpResponseCodec.decode(W3CHttpResponseCodec.java:122)
	at org.openqa.selenium.remote.http.W3CHttpResponseCodec.decode(W3CHttpResponseCodec.java:49)
	at org.openqa.selenium.remote.HttpCommandExecutor.execute(HttpCommandExecutor.java:158)
	at org.openqa.selenium.remote.service.DriverCommandExecutor.execute(DriverCommandExecutor.java:83)
	at org.openqa.selenium.remote.RemoteWebDriver.execute(RemoteWebDriver.java:552)
	at com.kms.katalon.selenium.driver.CChromeDriver.execute(CChromeDriver.java:19)
	at org.openqa.selenium.remote.RemoteWebElement.execute(RemoteWebElement.java:285)
	at org.openqa.selenium.remote.RemoteWebElement.click(RemoteWebElement.java:84)
	at org.openqa.selenium.support.events.EventFiringWebDriver$EventFiringWebElement.lambda$new$0(EventFiringWebDriver.java:404)
	at com.sun.proxy.$Proxy11.click(Unknown Source)
	at org.openqa.selenium.support.events.EventFiringWebDriver$EventFiringWebElement.click(EventFiringWebDriver.java:417)
	at com.kms.katalon.core.webui.keyword.builtin.ClickKeyword$_click_closure1.doCall(ClickKeyword.groovy:68)
	at com.kms.katalon.core.webui.keyword.builtin.ClickKeyword$_click_closure1.call(ClickKeyword.groovy)
	at com.kms.katalon.core.webui.keyword.internal.WebUIKeywordMain.runKeyword(WebUIKeywordMain.groovy:20)
	... 19 more


2021-05-11 19:27:41 - [TEST_STEP][PASSED] - openBrowser(""): Browser is opened with url: ''

2021-05-11 19:27:41 - [MESSAGE][INFO] - Starting 'Chrome' driver

2021-05-11 19:27:41 - [MESSAGE][INFO] - Action delay is set to 0 milliseconds

2021-05-11 19:27:43 - [MESSAGE][PASSED] - Browser is opened with url: ''

2021-05-11 19:27:43 - [TEST_STEP][PASSED] - navigateToUrl("https://sucourse.sabanciuniv.edu/plus/"): Navigate to 'https://sucourse.sabanciuniv.edu/plus/' successfully

2021-05-11 19:27:48 - [MESSAGE][PASSED] - Navigate to 'https://sucourse.sabanciuniv.edu/plus/' successfully

2021-05-11 19:27:48 - [TEST_STEP][PASSED] - delay(1): Delayed 1 second(s)

2021-05-11 19:27:49 - [MESSAGE][PASSED] - Delayed 1 second(s)

2021-05-11 19:27:49 - [TEST_STEP][PASSED] - click(findTestObject("Object Repository/MyCourses(CS439)/Page_SUCourse/a_Login")): Object: 'Object Repository/MyCourses(CS439)/Page_SUCourse/a_Login' is clicked on

2021-05-11 19:27:50 - [MESSAGE][PASSED] - Object: 'Object Repository/MyCourses(CS439)/Page_SUCourse/a_Login' is clicked on

2021-05-11 19:27:50 - [TEST_STEP][PASSED] - delay(1): Delayed 1 second(s)

2021-05-11 19:27:51 - [MESSAGE][PASSED] - Delayed 1 second(s)

2021-05-11 19:27:51 - [TEST_STEP][PASSED] - click(findTestObject("Object Repository/MyCourses(CS439)/Page_SUCourse Authentication choice/a_SUNet users (Sabanc University members)")): Object: 'Object Repository/MyCourses(CS439)/Page_SUCourse Authentication choice/a_SUNet users (Sabanc University members)' is clicked on

2021-05-11 19:27:53 - [MESSAGE][PASSED] - Object: 'Object Repository/MyCourses(CS439)/Page_SUCourse Authentication choice/a_SUNet users (Sabanc University members)' is clicked on

2021-05-11 19:27:53 - [TEST_STEP][PASSED] - delay(1): Delayed 1 second(s)

2021-05-11 19:27:54 - [MESSAGE][PASSED] - Delayed 1 second(s)

2021-05-11 19:27:54 - [TEST_STEP][PASSED] - setText(findTestObject("Object Repository/MyCourses(CS439)/Page_Login - CAS  Central Authentication Service/input_U_username"), "mohamedkassem"): Text 'mohamedkassem' is set on object 'Object Repository/MyCourses(CS439)/Page_Login - CAS  Central Authentication Service/input_U_username'

2021-05-11 19:27:55 - [MESSAGE][PASSED] - Text 'mohamedkassem' is set on object 'Object Repository/MyCourses(CS439)/Page_Login - CAS  Central Authentication Service/input_U_username'

2021-05-11 19:27:55 - [TEST_STEP][PASSED] - delay(1): Delayed 1 second(s)

2021-05-11 19:27:56 - [MESSAGE][PASSED] - Delayed 1 second(s)

2021-05-11 19:27:56 - [TEST_STEP][PASSED] - setEncryptedText(findTestObject("Object Repository/MyCourses(CS439)/Page_Login - CAS  Central Authentication Service/input_P_password"), "lsh4UT/KYs157Zjg3xgr3w=="): Text ****** has been set on object 'Object Repository/MyCourses(CS439)/Page_Login - CAS  Central Authentication Service/input_P_password'

2021-05-11 19:27:57 - [MESSAGE][PASSED] - Text ****** has been set on object 'Object Repository/MyCourses(CS439)/Page_Login - CAS  Central Authentication Service/input_P_password'

2021-05-11 19:27:57 - [TEST_STEP][PASSED] - delay(1): Delayed 1 second(s)

2021-05-11 19:27:58 - [MESSAGE][PASSED] - Delayed 1 second(s)

2021-05-11 19:27:58 - [TEST_STEP][PASSED] - click(findTestObject("Object Repository/MyCourses(CS439)/Page_Login - CAS  Central Authentication Service/input_Remember Me_submit")): Object: 'Object Repository/MyCourses(CS439)/Page_Login - CAS  Central Authentication Service/input_Remember Me_submit' is clicked on

2021-05-11 19:28:01 - [MESSAGE][PASSED] - Object: 'Object Repository/MyCourses(CS439)/Page_Login - CAS  Central Authentication Service/input_Remember Me_submit' is clicked on

2021-05-11 19:28:01 - [TEST_STEP][PASSED] - delay(1): Delayed 1 second(s)

2021-05-11 19:28:02 - [MESSAGE][PASSED] - Delayed 1 second(s)

2021-05-11 19:28:02 - [TEST_STEP][FAILED] - click(findTestObject("Object Repository/MyCourses(CS439)/Page_Dashboard/a_CS439-202002")): Unable to click on object 'Object Repository/MyCourses(CS439)/Page_Dashboard/a_CS439-202002' (Root cause: com.kms.katalon.core.exception.StepFailedException: Unable to click on object 'Object Repository/MyCourses(CS439)/Page_Dashboard/a_CS439-202002'
	at com.kms.katalon.core.webui.keyword.internal.WebUIKeywordMain.stepFailed(WebUIKeywordMain.groovy:64)
	at com.kms.katalon.core.webui.keyword.internal.WebUIKeywordMain.runKeyword(WebUIKeywordMain.groovy:26)
	at com.kms.katalon.core.webui.keyword.builtin.ClickKeyword.click(ClickKeyword.groovy:75)
	at com.kms.katalon.core.webui.keyword.builtin.ClickKeyword.execute(ClickKeyword.groovy:42)
	at com.kms.katalon.core.keyword.internal.KeywordExecutor.executeKeywordForPlatform(KeywordExecutor.groovy:73)
	at com.kms.katalon.core.webui.keyword.WebUiBuiltInKeywords.click(WebUiBuiltInKeywords.groovy:619)
	at com.kms.katalon.core.webui.keyword.WebUiBuiltInKeywords$click$1.call(Unknown Source)
	at MyCourses(CS439).run(MyCourses(CS439):48)
	at com.kms.katalon.core.main.ScriptEngine.run(ScriptEngine.java:194)
	at com.kms.katalon.core.main.ScriptEngine.runScriptAsRawText(ScriptEngine.java:119)
	at com.kms.katalon.core.main.TestCaseExecutor.runScript(TestCaseExecutor.java:398)
	at com.kms.katalon.core.main.TestCaseExecutor.doExecute(TestCaseExecutor.java:389)
	at com.kms.katalon.core.main.TestCaseExecutor.processExecutionPhase(TestCaseExecutor.java:368)
	at com.kms.katalon.core.main.TestCaseExecutor.accessMainPhase(TestCaseExecutor.java:360)
	at com.kms.katalon.core.main.TestCaseExecutor.execute(TestCaseExecutor.java:255)
	at com.kms.katalon.core.main.TestSuiteExecutor.accessTestCaseMainPhase(TestSuiteExecutor.java:203)
	at com.kms.katalon.core.main.TestSuiteExecutor.accessTestSuiteMainPhase(TestSuiteExecutor.java:152)
	at com.kms.katalon.core.main.TestSuiteExecutor.execute(TestSuiteExecutor.java:95)
	at com.kms.katalon.core.main.TestCaseMain.startTestSuite(TestCaseMain.java:157)
	at com.kms.katalon.core.main.TestCaseMain$startTestSuite$0.call(Unknown Source)
	at TempTestSuite1620750396797.run(TempTestSuite1620750396797.groovy:39)
Caused by: org.openqa.selenium.ElementNotInteractableException: element not interactable
  (Session info: chrome=90.0.4430.93)
Build info: version: '3.141.59', revision: 'e82be7d358', time: '2018-11-14T08:25:53'
System info: host: 'DESKTOP-21F1E8S', ip: '192.168.100.73', os.name: 'Windows 10', os.arch: 'amd64', os.version: '10.0', java.version: '1.8.0_181'
Driver info: com.kms.katalon.selenium.driver.CChromeDriver
Capabilities {acceptInsecureCerts: false, browserName: chrome, browserVersion: 90.0.4430.93, chrome: {chromedriverVersion: 90.0.4430.24 (4c6d850f087da..., userDataDir: C:\Users\moham\AppData\Loca...}, goog:chromeOptions: {debuggerAddress: localhost:33072}, javascriptEnabled: true, networkConnectionEnabled: false, pageLoadStrategy: normal, platform: WINDOWS, platformName: WINDOWS, proxy: Proxy(), setWindowRect: true, strictFileInteractability: false, timeouts: {implicit: 0, pageLoad: 300000, script: 30000}, unhandledPromptBehavior: dismiss and notify, webauthn:extension:largeBlob: true, webauthn:virtualAuthenticators: true}
Session ID: ee9a2bbb0b7ff22db33ecf108d40c6f8
	at org.openqa.selenium.remote.http.W3CHttpResponseCodec.createException(W3CHttpResponseCodec.java:187)
	at org.openqa.selenium.remote.http.W3CHttpResponseCodec.decode(W3CHttpResponseCodec.java:122)
	at org.openqa.selenium.remote.http.W3CHttpResponseCodec.decode(W3CHttpResponseCodec.java:49)
	at org.openqa.selenium.remote.HttpCommandExecutor.execute(HttpCommandExecutor.java:158)
	at org.openqa.selenium.remote.service.DriverCommandExecutor.execute(DriverCommandExecutor.java:83)
	at org.openqa.selenium.remote.RemoteWebDriver.execute(RemoteWebDriver.java:552)
	at com.kms.katalon.selenium.driver.CChromeDriver.execute(CChromeDriver.java:19)
	at org.openqa.selenium.remote.RemoteWebElement.execute(RemoteWebElement.java:285)
	at org.openqa.selenium.remote.RemoteWebElement.click(RemoteWebElement.java:84)
	at org.openqa.selenium.support.events.EventFiringWebDriver$EventFiringWebElement.lambda$new$0(EventFiringWebDriver.java:404)
	at com.sun.proxy.$Proxy11.click(Unknown Source)
	at org.openqa.selenium.support.events.EventFiringWebDriver$EventFiringWebElement.click(EventFiringWebDriver.java:417)
	at com.kms.katalon.core.webui.keyword.builtin.ClickKeyword$_click_closure1.doCall(ClickKeyword.groovy:68)
	at com.kms.katalon.core.webui.keyword.builtin.ClickKeyword$_click_closure1.call(ClickKeyword.groovy)
	at com.kms.katalon.core.webui.keyword.internal.WebUIKeywordMain.runKeyword(WebUIKeywordMain.groovy:20)
	at com.kms.katalon.core.webui.keyword.builtin.ClickKeyword.click(ClickKeyword.groovy:75)
	at com.kms.katalon.core.webui.keyword.builtin.ClickKeyword.execute(ClickKeyword.groovy:42)
	at com.kms.katalon.core.keyword.internal.KeywordExecutor.executeKeywordForPlatform(KeywordExecutor.groovy:73)
	at com.kms.katalon.core.webui.keyword.WebUiBuiltInKeywords.click(WebUiBuiltInKeywords.groovy:619)
	at com.kms.katalon.core.webui.keyword.WebUiBuiltInKeywords$click$1.call(Unknown Source)
	at Script1620676465332.run(Script1620676465332.groovy:48)
	... 13 more
)

2021-05-11 19:28:03 - [MESSAGE][FAILED] - Unable to click on object 'Object Repository/MyCourses(CS439)/Page_Dashboard/a_CS439-202002' (Root cause: com.kms.katalon.core.exception.StepFailedException: Unable to click on object 'Object Repository/MyCourses(CS439)/Page_Dashboard/a_CS439-202002'
	at com.kms.katalon.core.webui.keyword.internal.WebUIKeywordMain.stepFailed(WebUIKeywordMain.groovy:64)
	at com.kms.katalon.core.webui.keyword.internal.WebUIKeywordMain.runKeyword(WebUIKeywordMain.groovy:26)
	at com.kms.katalon.core.webui.keyword.builtin.ClickKeyword.click(ClickKeyword.groovy:75)
	at com.kms.katalon.core.webui.keyword.builtin.ClickKeyword.execute(ClickKeyword.groovy:42)
	at com.kms.katalon.core.keyword.internal.KeywordExecutor.executeKeywordForPlatform(KeywordExecutor.groovy:73)
	at com.kms.katalon.core.webui.keyword.WebUiBuiltInKeywords.click(WebUiBuiltInKeywords.groovy:619)
	at com.kms.katalon.core.webui.keyword.WebUiBuiltInKeywords$click$1.call(Unknown Source)
	at MyCourses(CS439).run(MyCourses(CS439):48)
	at com.kms.katalon.core.main.ScriptEngine.run(ScriptEngine.java:194)
	at com.kms.katalon.core.main.ScriptEngine.runScriptAsRawText(ScriptEngine.java:119)
	at com.kms.katalon.core.main.TestCaseExecutor.runScript(TestCaseExecutor.java:398)
	at com.kms.katalon.core.main.TestCaseExecutor.doExecute(TestCaseExecutor.java:389)
	at com.kms.katalon.core.main.TestCaseExecutor.processExecutionPhase(TestCaseExecutor.java:368)
	at com.kms.katalon.core.main.TestCaseExecutor.accessMainPhase(TestCaseExecutor.java:360)
	at com.kms.katalon.core.main.TestCaseExecutor.execute(TestCaseExecutor.java:255)
	at com.kms.katalon.core.main.TestSuiteExecutor.accessTestCaseMainPhase(TestSuiteExecutor.java:203)
	at com.kms.katalon.core.main.TestSuiteExecutor.accessTestSuiteMainPhase(TestSuiteExecutor.java:152)
	at com.kms.katalon.core.main.TestSuiteExecutor.execute(TestSuiteExecutor.java:95)
	at com.kms.katalon.core.main.TestCaseMain.startTestSuite(TestCaseMain.java:157)
	at com.kms.katalon.core.main.TestCaseMain$startTestSuite$0.call(Unknown Source)
	at TempTestSuite1620750396797.run(TempTestSuite1620750396797.groovy:39)
Caused by: org.openqa.selenium.ElementNotInteractableException: element not interactable
  (Session info: chrome=90.0.4430.93)
Build info: version: '3.141.59', revision: 'e82be7d358', time: '2018-11-14T08:25:53'
System info: host: 'DESKTOP-21F1E8S', ip: '192.168.100.73', os.name: 'Windows 10', os.arch: 'amd64', os.version: '10.0', java.version: '1.8.0_181'
Driver info: com.kms.katalon.selenium.driver.CChromeDriver
Capabilities {acceptInsecureCerts: false, browserName: chrome, browserVersion: 90.0.4430.93, chrome: {chromedriverVersion: 90.0.4430.24 (4c6d850f087da..., userDataDir: C:\Users\moham\AppData\Loca...}, goog:chromeOptions: {debuggerAddress: localhost:33072}, javascriptEnabled: true, networkConnectionEnabled: false, pageLoadStrategy: normal, platform: WINDOWS, platformName: WINDOWS, proxy: Proxy(), setWindowRect: true, strictFileInteractability: false, timeouts: {implicit: 0, pageLoad: 300000, script: 30000}, unhandledPromptBehavior: dismiss and notify, webauthn:extension:largeBlob: true, webauthn:virtualAuthenticators: true}
Session ID: ee9a2bbb0b7ff22db33ecf108d40c6f8
	at org.openqa.selenium.remote.http.W3CHttpResponseCodec.createException(W3CHttpResponseCodec.java:187)
	at org.openqa.selenium.remote.http.W3CHttpResponseCodec.decode(W3CHttpResponseCodec.java:122)
	at org.openqa.selenium.remote.http.W3CHttpResponseCodec.decode(W3CHttpResponseCodec.java:49)
	at org.openqa.selenium.remote.HttpCommandExecutor.execute(HttpCommandExecutor.java:158)
	at org.openqa.selenium.remote.service.DriverCommandExecutor.execute(DriverCommandExecutor.java:83)
	at org.openqa.selenium.remote.RemoteWebDriver.execute(RemoteWebDriver.java:552)
	at com.kms.katalon.selenium.driver.CChromeDriver.execute(CChromeDriver.java:19)
	at org.openqa.selenium.remote.RemoteWebElement.execute(RemoteWebElement.java:285)
	at org.openqa.selenium.remote.RemoteWebElement.click(RemoteWebElement.java:84)
	at org.openqa.selenium.support.events.EventFiringWebDriver$EventFiringWebElement.lambda$new$0(EventFiringWebDriver.java:404)
	at com.sun.proxy.$Proxy11.click(Unknown Source)
	at org.openqa.selenium.support.events.EventFiringWebDriver$EventFiringWebElement.click(EventFiringWebDriver.java:417)
	at com.kms.katalon.core.webui.keyword.builtin.ClickKeyword$_click_closure1.doCall(ClickKeyword.groovy:68)
	at com.kms.katalon.core.webui.keyword.builtin.ClickKeyword$_click_closure1.call(ClickKeyword.groovy)
	at com.kms.katalon.core.webui.keyword.internal.WebUIKeywordMain.runKeyword(WebUIKeywordMain.groovy:20)
	at com.kms.katalon.core.webui.keyword.builtin.ClickKeyword.click(ClickKeyword.groovy:75)
	at com.kms.katalon.core.webui.keyword.builtin.ClickKeyword.execute(ClickKeyword.groovy:42)
	at com.kms.katalon.core.keyword.internal.KeywordExecutor.executeKeywordForPlatform(KeywordExecutor.groovy:73)
	at com.kms.katalon.core.webui.keyword.WebUiBuiltInKeywords.click(WebUiBuiltInKeywords.groovy:619)
	at com.kms.katalon.core.webui.keyword.WebUiBuiltInKeywords$click$1.call(Unknown Source)
	at Script1620676465332.run(Script1620676465332.groovy:48)
	... 13 more
)
[[ATTACHMENT|C:\\Users\\moham\\git\\SuCourse_Katalon\\Reports\\20210511_192636\\Navigation\\20210511_192636\\1620750482917.png]]]]></system-out>
         <system-err><![CDATA[2021-05-11 19:27:41 - [TEST_CASE][FAILED] - Test Cases/MyCourses(CS439): Test Cases/MyCourses(CS439) FAILED.
Reason:
com.kms.katalon.core.exception.StepFailedException: Unable to click on object 'Object Repository/MyCourses(CS439)/Page_Dashboard/a_CS439-202002'
	at com.kms.katalon.core.webui.keyword.internal.WebUIKeywordMain.stepFailed(WebUIKeywordMain.groovy:64)
	at com.kms.katalon.core.webui.keyword.internal.WebUIKeywordMain.runKeyword(WebUIKeywordMain.groovy:26)
	at com.kms.katalon.core.webui.keyword.builtin.ClickKeyword.click(ClickKeyword.groovy:75)
	at com.kms.katalon.core.webui.keyword.builtin.ClickKeyword.execute(ClickKeyword.groovy:42)
	at com.kms.katalon.core.keyword.internal.KeywordExecutor.executeKeywordForPlatform(KeywordExecutor.groovy:73)
	at com.kms.katalon.core.webui.keyword.WebUiBuiltInKeywords.click(WebUiBuiltInKeywords.groovy:619)
	at com.kms.katalon.core.webui.keyword.WebUiBuiltInKeywords$click$1.call(Unknown Source)
	at MyCourses(CS439).run(MyCourses(CS439):48)
	at com.kms.katalon.core.main.ScriptEngine.run(ScriptEngine.java:194)
	at com.kms.katalon.core.main.ScriptEngine.runScriptAsRawText(ScriptEngine.java:119)
	at com.kms.katalon.core.main.TestCaseExecutor.runScript(TestCaseExecutor.java:398)
	at com.kms.katalon.core.main.TestCaseExecutor.doExecute(TestCaseExecutor.java:389)
	at com.kms.katalon.core.main.TestCaseExecutor.processExecutionPhase(TestCaseExecutor.java:368)
	at com.kms.katalon.core.main.TestCaseExecutor.accessMainPhase(TestCaseExecutor.java:360)
	at com.kms.katalon.core.main.TestCaseExecutor.execute(TestCaseExecutor.java:255)
	at com.kms.katalon.core.main.TestSuiteExecutor.accessTestCaseMainPhase(TestSuiteExecutor.java:203)
	at com.kms.katalon.core.main.TestSuiteExecutor.accessTestSuiteMainPhase(TestSuiteExecutor.java:152)
	at com.kms.katalon.core.main.TestSuiteExecutor.execute(TestSuiteExecutor.java:95)
	at com.kms.katalon.core.main.TestCaseMain.startTestSuite(TestCaseMain.java:157)
	at com.kms.katalon.core.main.TestCaseMain$startTestSuite$0.call(Unknown Source)
	at TempTestSuite1620750396797.run(TempTestSuite1620750396797.groovy:39)
Caused by: org.openqa.selenium.ElementNotInteractableException: element not interactable
  (Session info: chrome=90.0.4430.93)
Build info: version: '3.141.59', revision: 'e82be7d358', time: '2018-11-14T08:25:53'
System info: host: 'DESKTOP-21F1E8S', ip: '192.168.100.73', os.name: 'Windows 10', os.arch: 'amd64', os.version: '10.0', java.version: '1.8.0_181'
Driver info: com.kms.katalon.selenium.driver.CChromeDriver
Capabilities {acceptInsecureCerts: false, browserName: chrome, browserVersion: 90.0.4430.93, chrome: {chromedriverVersion: 90.0.4430.24 (4c6d850f087da..., userDataDir: C:\Users\moham\AppData\Loca...}, goog:chromeOptions: {debuggerAddress: localhost:33072}, javascriptEnabled: true, networkConnectionEnabled: false, pageLoadStrategy: normal, platform: WINDOWS, platformName: WINDOWS, proxy: Proxy(), setWindowRect: true, strictFileInteractability: false, timeouts: {implicit: 0, pageLoad: 300000, script: 30000}, unhandledPromptBehavior: dismiss and notify, webauthn:extension:largeBlob: true, webauthn:virtualAuthenticators: true}
Session ID: ee9a2bbb0b7ff22db33ecf108d40c6f8
	at org.openqa.selenium.remote.http.W3CHttpResponseCodec.createException(W3CHttpResponseCodec.java:187)
	at org.openqa.selenium.remote.http.W3CHttpResponseCodec.decode(W3CHttpResponseCodec.java:122)
	at org.openqa.selenium.remote.http.W3CHttpResponseCodec.decode(W3CHttpResponseCodec.java:49)
	at org.openqa.selenium.remote.HttpCommandExecutor.execute(HttpCommandExecutor.java:158)
	at org.openqa.selenium.remote.service.DriverCommandExecutor.execute(DriverCommandExecutor.java:83)
	at org.openqa.selenium.remote.RemoteWebDriver.execute(RemoteWebDriver.java:552)
	at com.kms.katalon.selenium.driver.CChromeDriver.execute(CChromeDriver.java:19)
	at org.openqa.selenium.remote.RemoteWebElement.execute(RemoteWebElement.java:285)
	at org.openqa.selenium.remote.RemoteWebElement.click(RemoteWebElement.java:84)
	at org.openqa.selenium.support.events.EventFiringWebDriver$EventFiringWebElement.lambda$new$0(EventFiringWebDriver.java:404)
	at com.sun.proxy.$Proxy11.click(Unknown Source)
	at org.openqa.selenium.support.events.EventFiringWebDriver$EventFiringWebElement.click(EventFiringWebDriver.java:417)
	at com.kms.katalon.core.webui.keyword.builtin.ClickKeyword$_click_closure1.doCall(ClickKeyword.groovy:68)
	at com.kms.katalon.core.webui.keyword.builtin.ClickKeyword$_click_closure1.call(ClickKeyword.groovy)
	at com.kms.katalon.core.webui.keyword.internal.WebUIKeywordMain.runKeyword(WebUIKeywordMain.groovy:20)
	... 19 more]]></system-err>
      </testcase>
      <testcase name="Test Cases/CS439Forum" time="30.057" classname="Test Cases/CS439Forum" status="PASSED">
         <system-out><![CDATA[2021-05-11 19:28:03 - [TEST_CASE][PASSED] - Test Cases/CS439Forum: Test Cases/CS439Forum

2021-05-11 19:28:04 - [TEST_STEP][PASSED] - openBrowser(""): Browser is opened with url: ''

2021-05-11 19:28:04 - [MESSAGE][WARNING] - A browser is already opened. Closing browser and opening a new one

2021-05-11 19:28:05 - [MESSAGE][INFO] - Starting 'Chrome' driver

2021-05-11 19:28:05 - [MESSAGE][INFO] - Action delay is set to 0 milliseconds

2021-05-11 19:28:07 - [MESSAGE][PASSED] - Browser is opened with url: ''

2021-05-11 19:28:07 - [TEST_STEP][PASSED] - navigateToUrl("https://sucourse.sabanciuniv.edu/plus/"): Navigate to 'https://sucourse.sabanciuniv.edu/plus/' successfully

2021-05-11 19:28:10 - [MESSAGE][PASSED] - Navigate to 'https://sucourse.sabanciuniv.edu/plus/' successfully

2021-05-11 19:28:10 - [TEST_STEP][PASSED] - delay(1): Delayed 1 second(s)

2021-05-11 19:28:11 - [MESSAGE][PASSED] - Delayed 1 second(s)

2021-05-11 19:28:11 - [TEST_STEP][PASSED] - click(findTestObject("Object Repository/CS439Forum/Page_SUCourse/a_Login")): Object: 'Object Repository/CS439Forum/Page_SUCourse/a_Login' is clicked on

2021-05-11 19:28:12 - [MESSAGE][PASSED] - Object: 'Object Repository/CS439Forum/Page_SUCourse/a_Login' is clicked on

2021-05-11 19:28:12 - [TEST_STEP][PASSED] - delay(1): Delayed 1 second(s)

2021-05-11 19:28:13 - [MESSAGE][PASSED] - Delayed 1 second(s)

2021-05-11 19:28:13 - [TEST_STEP][PASSED] - click(findTestObject("Object Repository/CS439Forum/Page_SUCourse Authentication choice/a_SUNet users (Sabanc University members)")): Object: 'Object Repository/CS439Forum/Page_SUCourse Authentication choice/a_SUNet users (Sabanc University members)' is clicked on

2021-05-11 19:28:16 - [MESSAGE][PASSED] - Object: 'Object Repository/CS439Forum/Page_SUCourse Authentication choice/a_SUNet users (Sabanc University members)' is clicked on

2021-05-11 19:28:16 - [TEST_STEP][PASSED] - delay(1): Delayed 1 second(s)

2021-05-11 19:28:17 - [MESSAGE][PASSED] - Delayed 1 second(s)

2021-05-11 19:28:17 - [TEST_STEP][PASSED] - setText(findTestObject("Object Repository/CS439Forum/Page_Login - CAS  Central Authentication Service/input_U_username"), "mohamedkassem"): Text 'mohamedkassem' is set on object 'Object Repository/CS439Forum/Page_Login - CAS  Central Authentication Service/input_U_username'

2021-05-11 19:28:17 - [MESSAGE][PASSED] - Text 'mohamedkassem' is set on object 'Object Repository/CS439Forum/Page_Login - CAS  Central Authentication Service/input_U_username'

2021-05-11 19:28:17 - [TEST_STEP][PASSED] - delay(1): Delayed 1 second(s)

2021-05-11 19:28:18 - [MESSAGE][PASSED] - Delayed 1 second(s)

2021-05-11 19:28:18 - [TEST_STEP][PASSED] - setEncryptedText(findTestObject("Object Repository/CS439Forum/Page_Login - CAS  Central Authentication Service/input_P_password"), "lsh4UT/KYs157Zjg3xgr3w=="): Text ****** has been set on object 'Object Repository/CS439Forum/Page_Login - CAS  Central Authentication Service/input_P_password'

2021-05-11 19:28:19 - [MESSAGE][PASSED] - Text ****** has been set on object 'Object Repository/CS439Forum/Page_Login - CAS  Central Authentication Service/input_P_password'

2021-05-11 19:28:19 - [TEST_STEP][PASSED] - delay(1): Delayed 1 second(s)

2021-05-11 19:28:20 - [MESSAGE][PASSED] - Delayed 1 second(s)

2021-05-11 19:28:20 - [TEST_STEP][PASSED] - click(findTestObject("Object Repository/CS439Forum/Page_Login - CAS  Central Authentication Service/input_Remember Me_submit")): Object: 'Object Repository/CS439Forum/Page_Login - CAS  Central Authentication Service/input_Remember Me_submit' is clicked on

2021-05-11 19:28:23 - [MESSAGE][PASSED] - Object: 'Object Repository/CS439Forum/Page_Login - CAS  Central Authentication Service/input_Remember Me_submit' is clicked on

2021-05-11 19:28:23 - [TEST_STEP][PASSED] - delay(1): Delayed 1 second(s)

2021-05-11 19:28:24 - [MESSAGE][PASSED] - Delayed 1 second(s)

2021-05-11 19:28:24 - [TEST_STEP][PASSED] - click(findTestObject("Object Repository/CS439Forum/Page_Dashboard/a_CS439-202002")): Object: 'Object Repository/CS439Forum/Page_Dashboard/a_CS439-202002' is clicked on

2021-05-11 19:28:25 - [MESSAGE][PASSED] - Object: 'Object Repository/CS439Forum/Page_Dashboard/a_CS439-202002' is clicked on

2021-05-11 19:28:25 - [TEST_STEP][PASSED] - delay(1): Delayed 1 second(s)

2021-05-11 19:28:26 - [MESSAGE][PASSED] - Delayed 1 second(s)

2021-05-11 19:28:26 - [TEST_STEP][PASSED] - click(findTestObject("Object Repository/CS439Forum/Page_Course CS439-202002/a_Forums")): Object: 'Object Repository/CS439Forum/Page_Course CS439-202002/a_Forums' is clicked on

2021-05-11 19:28:27 - [MESSAGE][PASSED] - Object: 'Object Repository/CS439Forum/Page_Course CS439-202002/a_Forums' is clicked on

2021-05-11 19:28:27 - [TEST_STEP][PASSED] - delay(1): Delayed 1 second(s)

2021-05-11 19:28:29 - [MESSAGE][PASSED] - Delayed 1 second(s)

2021-05-11 19:28:29 - [TEST_STEP][PASSED] - click(findTestObject("Object Repository/CS439Forum/Page_CS439-202002 Forums/a_Discussion Board")): Object: 'Object Repository/CS439Forum/Page_CS439-202002 Forums/a_Discussion Board' is clicked on

2021-05-11 19:28:30 - [MESSAGE][PASSED] - Object: 'Object Repository/CS439Forum/Page_CS439-202002 Forums/a_Discussion Board' is clicked on

2021-05-11 19:28:30 - [TEST_STEP][PASSED] - delay(2): Delayed 2 second(s)

2021-05-11 19:28:32 - [MESSAGE][PASSED] - Delayed 2 second(s)

2021-05-11 19:28:32 - [TEST_STEP][PASSED] - closeBrowser(): Browser is closed

2021-05-11 19:28:33 - [MESSAGE][PASSED] - Browser is closed]]></system-out>
         <system-err><![CDATA[]]></system-err>
      </testcase>
      <testcase name="Test Cases/BrowserSessions" time="34.342" classname="Test Cases/BrowserSessions" status="PASSED">
         <system-out><![CDATA[2021-05-11 19:28:33 - [TEST_CASE][PASSED] - Test Cases/BrowserSessions: Test Cases/BrowserSessions

2021-05-11 19:28:34 - [TEST_STEP][PASSED] - openBrowser(""): Browser is opened with url: ''

2021-05-11 19:28:34 - [MESSAGE][INFO] - Starting 'Chrome' driver

2021-05-11 19:28:34 - [MESSAGE][INFO] - Action delay is set to 0 milliseconds

2021-05-11 19:28:36 - [MESSAGE][PASSED] - Browser is opened with url: ''

2021-05-11 19:28:36 - [TEST_STEP][PASSED] - navigateToUrl("https://sucourse.sabanciuniv.edu/plus/"): Navigate to 'https://sucourse.sabanciuniv.edu/plus/' successfully

2021-05-11 19:28:40 - [MESSAGE][PASSED] - Navigate to 'https://sucourse.sabanciuniv.edu/plus/' successfully

2021-05-11 19:28:40 - [TEST_STEP][PASSED] - delay(1): Delayed 1 second(s)

2021-05-11 19:28:41 - [MESSAGE][PASSED] - Delayed 1 second(s)

2021-05-11 19:28:41 - [TEST_STEP][PASSED] - click(findTestObject("Object Repository/BrowserSessions/Page_SUCourse/a_Login")): Object: 'Object Repository/BrowserSessions/Page_SUCourse/a_Login' is clicked on

2021-05-11 19:28:42 - [MESSAGE][PASSED] - Object: 'Object Repository/BrowserSessions/Page_SUCourse/a_Login' is clicked on

2021-05-11 19:28:42 - [TEST_STEP][PASSED] - delay(1): Delayed 1 second(s)

2021-05-11 19:28:43 - [MESSAGE][PASSED] - Delayed 1 second(s)

2021-05-11 19:28:43 - [TEST_STEP][PASSED] - click(findTestObject("Object Repository/BrowserSessions/Page_SUCourse Authentication choice/a_SUNet users (Sabanc University members)")): Object: 'Object Repository/BrowserSessions/Page_SUCourse Authentication choice/a_SUNet users (Sabanc University members)' is clicked on

2021-05-11 19:28:46 - [MESSAGE][PASSED] - Object: 'Object Repository/BrowserSessions/Page_SUCourse Authentication choice/a_SUNet users (Sabanc University members)' is clicked on

2021-05-11 19:28:46 - [TEST_STEP][PASSED] - delay(1): Delayed 1 second(s)

2021-05-11 19:28:47 - [MESSAGE][PASSED] - Delayed 1 second(s)

2021-05-11 19:28:47 - [TEST_STEP][PASSED] - setText(findTestObject("Object Repository/BrowserSessions/Page_Login - CAS  Central Authentication Service/input_U_username"), "mohamedkassem"): Text 'mohamedkassem' is set on object 'Object Repository/BrowserSessions/Page_Login - CAS  Central Authentication Service/input_U_username'

2021-05-11 19:28:48 - [MESSAGE][PASSED] - Text 'mohamedkassem' is set on object 'Object Repository/BrowserSessions/Page_Login - CAS  Central Authentication Service/input_U_username'

2021-05-11 19:28:48 - [TEST_STEP][PASSED] - delay(1): Delayed 1 second(s)

2021-05-11 19:28:49 - [MESSAGE][PASSED] - Delayed 1 second(s)

2021-05-11 19:28:49 - [TEST_STEP][PASSED] - setEncryptedText(findTestObject("Object Repository/BrowserSessions/Page_Login - CAS  Central Authentication Service/input_P_password"), "lsh4UT/KYs157Zjg3xgr3w=="): Text ****** has been set on object 'Object Repository/BrowserSessions/Page_Login - CAS  Central Authentication Service/input_P_password'

2021-05-11 19:28:49 - [MESSAGE][PASSED] - Text ****** has been set on object 'Object Repository/BrowserSessions/Page_Login - CAS  Central Authentication Service/input_P_password'

2021-05-11 19:28:49 - [TEST_STEP][PASSED] - delay(1): Delayed 1 second(s)

2021-05-11 19:28:50 - [MESSAGE][PASSED] - Delayed 1 second(s)

2021-05-11 19:28:50 - [TEST_STEP][PASSED] - click(findTestObject("Object Repository/BrowserSessions/Page_Login - CAS  Central Authentication Service/input_Remember Me_submit")): Object: 'Object Repository/BrowserSessions/Page_Login - CAS  Central Authentication Service/input_Remember Me_submit' is clicked on

2021-05-11 19:28:53 - [MESSAGE][PASSED] - Object: 'Object Repository/BrowserSessions/Page_Login - CAS  Central Authentication Service/input_Remember Me_submit' is clicked on

2021-05-11 19:28:53 - [TEST_STEP][PASSED] - delay(1): Delayed 1 second(s)

2021-05-11 19:28:54 - [MESSAGE][PASSED] - Delayed 1 second(s)

2021-05-11 19:28:54 - [TEST_STEP][PASSED] - click(findTestObject("Object Repository/BrowserSessions/Page_Dashboard/span_Mohamed Emad Mohamed Kassem")): Object: 'Object Repository/BrowserSessions/Page_Dashboard/span_Mohamed Emad Mohamed Kassem' is clicked on

2021-05-11 19:28:55 - [MESSAGE][PASSED] - Object: 'Object Repository/BrowserSessions/Page_Dashboard/span_Mohamed Emad Mohamed Kassem' is clicked on

2021-05-11 19:28:55 - [TEST_STEP][PASSED] - delay(1): Delayed 1 second(s)

2021-05-11 19:28:56 - [MESSAGE][PASSED] - Delayed 1 second(s)

2021-05-11 19:28:56 - [TEST_STEP][PASSED] - click(findTestObject("Object Repository/BrowserSessions/Page_Dashboard/span_Profile")): Object: 'Object Repository/BrowserSessions/Page_Dashboard/span_Profile' is clicked on

2021-05-11 19:28:57 - [MESSAGE][PASSED] - Object: 'Object Repository/BrowserSessions/Page_Dashboard/span_Profile' is clicked on

2021-05-11 19:28:57 - [TEST_STEP][PASSED] - delay(1): Delayed 1 second(s)

2021-05-11 19:28:58 - [MESSAGE][PASSED] - Delayed 1 second(s)

2021-05-11 19:28:58 - [TEST_STEP][PASSED] - click(findTestObject("Object Repository/BrowserSessions/Page_Mohamed Emad Mohamed Kassem Public profile/a_Browser sessions")): Object: 'Object Repository/BrowserSessions/Page_Mohamed Emad Mohamed Kassem Public profile/a_Browser sessions' is clicked on

2021-05-11 19:29:00 - [MESSAGE][PASSED] - Object: 'Object Repository/BrowserSessions/Page_Mohamed Emad Mohamed Kassem Public profile/a_Browser sessions' is clicked on

2021-05-11 19:29:00 - [TEST_STEP][PASSED] - delay(1): Delayed 1 second(s)

2021-05-11 19:29:01 - [MESSAGE][PASSED] - Delayed 1 second(s)

2021-05-11 19:29:01 - [TEST_STEP][PASSED] - click(findTestObject("Object Repository/BrowserSessions/Page_Browser sessions/a_156.213.215.40")): Object: 'Object Repository/BrowserSessions/Page_Browser sessions/a_156.213.215.40' is clicked on

2021-05-11 19:29:02 - [MESSAGE][PASSED] - Object: 'Object Repository/BrowserSessions/Page_Browser sessions/a_156.213.215.40' is clicked on

2021-05-11 19:29:02 - [TEST_STEP][PASSED] - delay(1): Delayed 1 second(s)

2021-05-11 19:29:03 - [MESSAGE][PASSED] - Delayed 1 second(s)

2021-05-11 19:29:03 - [TEST_STEP][PASSED] - click(findTestObject("Object Repository/BrowserSessions/Page_IP address lookup 156.213.215.40 - Cai_411c07/img")): Object: 'Object Repository/BrowserSessions/Page_IP address lookup 156.213.215.40 - Cai_411c07/img' is clicked on

2021-05-11 19:29:03 - [MESSAGE][PASSED] - Object: 'Object Repository/BrowserSessions/Page_IP address lookup 156.213.215.40 - Cai_411c07/img' is clicked on

2021-05-11 19:29:03 - [TEST_STEP][PASSED] - delay(3): Delayed 3 second(s)

2021-05-11 19:29:06 - [MESSAGE][PASSED] - Delayed 3 second(s)

2021-05-11 19:29:06 - [TEST_STEP][PASSED] - closeBrowser(): Browser is closed

2021-05-11 19:29:07 - [MESSAGE][PASSED] - Browser is closed]]></system-out>
         <system-err><![CDATA[]]></system-err>
      </testcase>
      <testcase name="Test Cases/BlogEntries" time="31.269" classname="Test Cases/BlogEntries" status="FAILED">
         <failure type="FAILED" message="Test Cases/BlogEntries FAILED.
Reason:
com.kms.katalon.core.exception.StepFailedException: Unable to set text '1 &lt;p>1&lt;/p>' of object 'Object Repository/BlogEntries/Page_SUCourse Blogs Add a new entry/div_1 1'
	at com.kms.katalon.core.webui.keyword.internal.WebUIKeywordMain.stepFailed(WebUIKeywordMain.groovy:64)
	at com.kms.katalon.core.webui.keyword.internal.WebUIKeywordMain.runKeyword(WebUIKeywordMain.groovy:26)
	at com.kms.katalon.core.webui.keyword.builtin.SetTextKeyword.setText(SetTextKeyword.groovy:66)
	at com.kms.katalon.core.webui.keyword.builtin.SetTextKeyword.execute(SetTextKeyword.groovy:37)
	at com.kms.katalon.core.keyword.internal.KeywordExecutor.executeKeywordForPlatform(KeywordExecutor.groovy:73)
	at com.kms.katalon.core.webui.keyword.WebUiBuiltInKeywords.setText(WebUiBuiltInKeywords.groovy:979)
	at com.kms.katalon.core.webui.keyword.WebUiBuiltInKeywords$setText$2.call(Unknown Source)
	at BlogEntries.run(BlogEntries:64)
	at com.kms.katalon.core.main.ScriptEngine.run(ScriptEngine.java:194)
	at com.kms.katalon.core.main.ScriptEngine.runScriptAsRawText(ScriptEngine.java:119)
	at com.kms.katalon.core.main.TestCaseExecutor.runScript(TestCaseExecutor.java:398)
	at com.kms.katalon.core.main.TestCaseExecutor.doExecute(TestCaseExecutor.java:389)
	at com.kms.katalon.core.main.TestCaseExecutor.processExecutionPhase(TestCaseExecutor.java:368)
	at com.kms.katalon.core.main.TestCaseExecutor.accessMainPhase(TestCaseExecutor.java:360)
	at com.kms.katalon.core.main.TestCaseExecutor.execute(TestCaseExecutor.java:255)
	at com.kms.katalon.core.main.TestSuiteExecutor.accessTestCaseMainPhase(TestSuiteExecutor.java:203)
	at com.kms.katalon.core.main.TestSuiteExecutor.accessTestSuiteMainPhase(TestSuiteExecutor.java:152)
	at com.kms.katalon.core.main.TestSuiteExecutor.execute(TestSuiteExecutor.java:95)
	at com.kms.katalon.core.main.TestCaseMain.startTestSuite(TestCaseMain.java:157)
	at com.kms.katalon.core.main.TestCaseMain$startTestSuite$0.call(Unknown Source)
	at TempTestSuite1620750396797.run(TempTestSuite1620750396797.groovy:39)
Caused by: org.openqa.selenium.InvalidElementStateException: invalid element state
  (Session info: chrome=90.0.4430.93)
Build info: version: '3.141.59', revision: 'e82be7d358', time: '2018-11-14T08:25:53'
System info: host: 'DESKTOP-21F1E8S', ip: '192.168.100.73', os.name: 'Windows 10', os.arch: 'amd64', os.version: '10.0', java.version: '1.8.0_181'
Driver info: com.kms.katalon.selenium.driver.CChromeDriver
Capabilities {acceptInsecureCerts: false, browserName: chrome, browserVersion: 90.0.4430.93, chrome: {chromedriverVersion: 90.0.4430.24 (4c6d850f087da..., userDataDir: C:\Users\moham\AppData\Loca...}, goog:chromeOptions: {debuggerAddress: localhost:33273}, javascriptEnabled: true, networkConnectionEnabled: false, pageLoadStrategy: normal, platform: WINDOWS, platformName: WINDOWS, proxy: Proxy(), setWindowRect: true, strictFileInteractability: false, timeouts: {implicit: 0, pageLoad: 300000, script: 30000}, unhandledPromptBehavior: dismiss and notify, webauthn:extension:largeBlob: true, webauthn:virtualAuthenticators: true}
Session ID: 31dc9f3bb7c23803fd6e67e51b92e5cb
	at org.openqa.selenium.remote.http.W3CHttpResponseCodec.createException(W3CHttpResponseCodec.java:187)
	at org.openqa.selenium.remote.http.W3CHttpResponseCodec.decode(W3CHttpResponseCodec.java:122)
	at org.openqa.selenium.remote.http.W3CHttpResponseCodec.decode(W3CHttpResponseCodec.java:49)
	at org.openqa.selenium.remote.HttpCommandExecutor.execute(HttpCommandExecutor.java:158)
	at org.openqa.selenium.remote.service.DriverCommandExecutor.execute(DriverCommandExecutor.java:83)
	at org.openqa.selenium.remote.RemoteWebDriver.execute(RemoteWebDriver.java:552)
	at com.kms.katalon.selenium.driver.CChromeDriver.execute(CChromeDriver.java:19)
	at org.openqa.selenium.remote.RemoteWebElement.execute(RemoteWebElement.java:285)
	at org.openqa.selenium.remote.RemoteWebElement.clear(RemoteWebElement.java:124)
	at org.openqa.selenium.support.events.EventFiringWebDriver$EventFiringWebElement.lambda$new$0(EventFiringWebDriver.java:404)
	at com.sun.proxy.$Proxy11.clear(Unknown Source)
	at org.openqa.selenium.support.events.EventFiringWebDriver$EventFiringWebElement.clear(EventFiringWebDriver.java:436)
	at com.kms.katalon.core.webui.keyword.builtin.SetTextKeyword$_setText_closure1.doCall(SetTextKeyword.groovy:53)
	at com.kms.katalon.core.webui.keyword.builtin.SetTextKeyword$_setText_closure1.call(SetTextKeyword.groovy)
	at com.kms.katalon.core.webui.keyword.internal.WebUIKeywordMain.runKeyword(WebUIKeywordMain.groovy:20)
	... 19 more
"/>
         <system-out><![CDATA[2021-05-11 19:29:07 - [TEST_CASE][FAILED] - Test Cases/BlogEntries: Test Cases/BlogEntries FAILED.
Reason:
com.kms.katalon.core.exception.StepFailedException: Unable to set text '1 <p>1</p>' of object 'Object Repository/BlogEntries/Page_SUCourse Blogs Add a new entry/div_1 1'
	at com.kms.katalon.core.webui.keyword.internal.WebUIKeywordMain.stepFailed(WebUIKeywordMain.groovy:64)
	at com.kms.katalon.core.webui.keyword.internal.WebUIKeywordMain.runKeyword(WebUIKeywordMain.groovy:26)
	at com.kms.katalon.core.webui.keyword.builtin.SetTextKeyword.setText(SetTextKeyword.groovy:66)
	at com.kms.katalon.core.webui.keyword.builtin.SetTextKeyword.execute(SetTextKeyword.groovy:37)
	at com.kms.katalon.core.keyword.internal.KeywordExecutor.executeKeywordForPlatform(KeywordExecutor.groovy:73)
	at com.kms.katalon.core.webui.keyword.WebUiBuiltInKeywords.setText(WebUiBuiltInKeywords.groovy:979)
	at com.kms.katalon.core.webui.keyword.WebUiBuiltInKeywords$setText$2.call(Unknown Source)
	at BlogEntries.run(BlogEntries:64)
	at com.kms.katalon.core.main.ScriptEngine.run(ScriptEngine.java:194)
	at com.kms.katalon.core.main.ScriptEngine.runScriptAsRawText(ScriptEngine.java:119)
	at com.kms.katalon.core.main.TestCaseExecutor.runScript(TestCaseExecutor.java:398)
	at com.kms.katalon.core.main.TestCaseExecutor.doExecute(TestCaseExecutor.java:389)
	at com.kms.katalon.core.main.TestCaseExecutor.processExecutionPhase(TestCaseExecutor.java:368)
	at com.kms.katalon.core.main.TestCaseExecutor.accessMainPhase(TestCaseExecutor.java:360)
	at com.kms.katalon.core.main.TestCaseExecutor.execute(TestCaseExecutor.java:255)
	at com.kms.katalon.core.main.TestSuiteExecutor.accessTestCaseMainPhase(TestSuiteExecutor.java:203)
	at com.kms.katalon.core.main.TestSuiteExecutor.accessTestSuiteMainPhase(TestSuiteExecutor.java:152)
	at com.kms.katalon.core.main.TestSuiteExecutor.execute(TestSuiteExecutor.java:95)
	at com.kms.katalon.core.main.TestCaseMain.startTestSuite(TestCaseMain.java:157)
	at com.kms.katalon.core.main.TestCaseMain$startTestSuite$0.call(Unknown Source)
	at TempTestSuite1620750396797.run(TempTestSuite1620750396797.groovy:39)
Caused by: org.openqa.selenium.InvalidElementStateException: invalid element state
  (Session info: chrome=90.0.4430.93)
Build info: version: '3.141.59', revision: 'e82be7d358', time: '2018-11-14T08:25:53'
System info: host: 'DESKTOP-21F1E8S', ip: '192.168.100.73', os.name: 'Windows 10', os.arch: 'amd64', os.version: '10.0', java.version: '1.8.0_181'
Driver info: com.kms.katalon.selenium.driver.CChromeDriver
Capabilities {acceptInsecureCerts: false, browserName: chrome, browserVersion: 90.0.4430.93, chrome: {chromedriverVersion: 90.0.4430.24 (4c6d850f087da..., userDataDir: C:\Users\moham\AppData\Loca...}, goog:chromeOptions: {debuggerAddress: localhost:33273}, javascriptEnabled: true, networkConnectionEnabled: false, pageLoadStrategy: normal, platform: WINDOWS, platformName: WINDOWS, proxy: Proxy(), setWindowRect: true, strictFileInteractability: false, timeouts: {implicit: 0, pageLoad: 300000, script: 30000}, unhandledPromptBehavior: dismiss and notify, webauthn:extension:largeBlob: true, webauthn:virtualAuthenticators: true}
Session ID: 31dc9f3bb7c23803fd6e67e51b92e5cb
	at org.openqa.selenium.remote.http.W3CHttpResponseCodec.createException(W3CHttpResponseCodec.java:187)
	at org.openqa.selenium.remote.http.W3CHttpResponseCodec.decode(W3CHttpResponseCodec.java:122)
	at org.openqa.selenium.remote.http.W3CHttpResponseCodec.decode(W3CHttpResponseCodec.java:49)
	at org.openqa.selenium.remote.HttpCommandExecutor.execute(HttpCommandExecutor.java:158)
	at org.openqa.selenium.remote.service.DriverCommandExecutor.execute(DriverCommandExecutor.java:83)
	at org.openqa.selenium.remote.RemoteWebDriver.execute(RemoteWebDriver.java:552)
	at com.kms.katalon.selenium.driver.CChromeDriver.execute(CChromeDriver.java:19)
	at org.openqa.selenium.remote.RemoteWebElement.execute(RemoteWebElement.java:285)
	at org.openqa.selenium.remote.RemoteWebElement.clear(RemoteWebElement.java:124)
	at org.openqa.selenium.support.events.EventFiringWebDriver$EventFiringWebElement.lambda$new$0(EventFiringWebDriver.java:404)
	at com.sun.proxy.$Proxy11.clear(Unknown Source)
	at org.openqa.selenium.support.events.EventFiringWebDriver$EventFiringWebElement.clear(EventFiringWebDriver.java:436)
	at com.kms.katalon.core.webui.keyword.builtin.SetTextKeyword$_setText_closure1.doCall(SetTextKeyword.groovy:53)
	at com.kms.katalon.core.webui.keyword.builtin.SetTextKeyword$_setText_closure1.call(SetTextKeyword.groovy)
	at com.kms.katalon.core.webui.keyword.internal.WebUIKeywordMain.runKeyword(WebUIKeywordMain.groovy:20)
	... 19 more


2021-05-11 19:29:08 - [TEST_STEP][PASSED] - openBrowser(""): Browser is opened with url: ''

2021-05-11 19:29:08 - [MESSAGE][INFO] - Starting 'Chrome' driver

2021-05-11 19:29:08 - [MESSAGE][INFO] - Action delay is set to 0 milliseconds

2021-05-11 19:29:10 - [MESSAGE][PASSED] - Browser is opened with url: ''

2021-05-11 19:29:10 - [TEST_STEP][PASSED] - navigateToUrl("https://sucourse.sabanciuniv.edu/plus/"): Navigate to 'https://sucourse.sabanciuniv.edu/plus/' successfully

2021-05-11 19:29:14 - [MESSAGE][PASSED] - Navigate to 'https://sucourse.sabanciuniv.edu/plus/' successfully

2021-05-11 19:29:14 - [TEST_STEP][PASSED] - delay(1): Delayed 1 second(s)

2021-05-11 19:29:15 - [MESSAGE][PASSED] - Delayed 1 second(s)

2021-05-11 19:29:15 - [TEST_STEP][PASSED] - click(findTestObject("Object Repository/BlogEntries/Page_SUCourse/a_Login")): Object: 'Object Repository/BlogEntries/Page_SUCourse/a_Login' is clicked on

2021-05-11 19:29:16 - [MESSAGE][PASSED] - Object: 'Object Repository/BlogEntries/Page_SUCourse/a_Login' is clicked on

2021-05-11 19:29:16 - [TEST_STEP][PASSED] - delay(1): Delayed 1 second(s)

2021-05-11 19:29:17 - [MESSAGE][PASSED] - Delayed 1 second(s)

2021-05-11 19:29:17 - [TEST_STEP][PASSED] - click(findTestObject("Object Repository/BlogEntries/Page_SUCourse Authentication choice/a_SUNet users (Sabanc University members)")): Object: 'Object Repository/BlogEntries/Page_SUCourse Authentication choice/a_SUNet users (Sabanc University members)' is clicked on

2021-05-11 19:29:19 - [MESSAGE][PASSED] - Object: 'Object Repository/BlogEntries/Page_SUCourse Authentication choice/a_SUNet users (Sabanc University members)' is clicked on

2021-05-11 19:29:19 - [TEST_STEP][PASSED] - delay(1): Delayed 1 second(s)

2021-05-11 19:29:20 - [MESSAGE][PASSED] - Delayed 1 second(s)

2021-05-11 19:29:20 - [TEST_STEP][PASSED] - setText(findTestObject("Object Repository/BlogEntries/Page_Login - CAS  Central Authentication Service/input_U_username"), "mohamedkassem"): Text 'mohamedkassem' is set on object 'Object Repository/BlogEntries/Page_Login - CAS  Central Authentication Service/input_U_username'

2021-05-11 19:29:21 - [MESSAGE][PASSED] - Text 'mohamedkassem' is set on object 'Object Repository/BlogEntries/Page_Login - CAS  Central Authentication Service/input_U_username'

2021-05-11 19:29:21 - [TEST_STEP][PASSED] - delay(1): Delayed 1 second(s)

2021-05-11 19:29:22 - [MESSAGE][PASSED] - Delayed 1 second(s)

2021-05-11 19:29:22 - [TEST_STEP][PASSED] - setEncryptedText(findTestObject("Object Repository/BlogEntries/Page_Login - CAS  Central Authentication Service/input_P_password"), "lsh4UT/KYs157Zjg3xgr3w=="): Text ****** has been set on object 'Object Repository/BlogEntries/Page_Login - CAS  Central Authentication Service/input_P_password'

2021-05-11 19:29:23 - [MESSAGE][PASSED] - Text ****** has been set on object 'Object Repository/BlogEntries/Page_Login - CAS  Central Authentication Service/input_P_password'

2021-05-11 19:29:23 - [TEST_STEP][PASSED] - delay(1): Delayed 1 second(s)

2021-05-11 19:29:24 - [MESSAGE][PASSED] - Delayed 1 second(s)

2021-05-11 19:29:24 - [TEST_STEP][PASSED] - click(findTestObject("Object Repository/BlogEntries/Page_Login - CAS  Central Authentication Service/input_Remember Me_submit")): Object: 'Object Repository/BlogEntries/Page_Login - CAS  Central Authentication Service/input_Remember Me_submit' is clicked on

2021-05-11 19:29:27 - [MESSAGE][PASSED] - Object: 'Object Repository/BlogEntries/Page_Login - CAS  Central Authentication Service/input_Remember Me_submit' is clicked on

2021-05-11 19:29:27 - [TEST_STEP][PASSED] - delay(1): Delayed 1 second(s)

2021-05-11 19:29:28 - [MESSAGE][PASSED] - Delayed 1 second(s)

2021-05-11 19:29:28 - [TEST_STEP][PASSED] - click(findTestObject("Object Repository/BlogEntries/Page_Dashboard/span_Mohamed Emad Mohamed Kassem")): Object: 'Object Repository/BlogEntries/Page_Dashboard/span_Mohamed Emad Mohamed Kassem' is clicked on

2021-05-11 19:29:29 - [MESSAGE][PASSED] - Object: 'Object Repository/BlogEntries/Page_Dashboard/span_Mohamed Emad Mohamed Kassem' is clicked on

2021-05-11 19:29:29 - [TEST_STEP][PASSED] - delay(1): Delayed 1 second(s)

2021-05-11 19:29:30 - [MESSAGE][PASSED] - Delayed 1 second(s)

2021-05-11 19:29:30 - [TEST_STEP][PASSED] - click(findTestObject("Object Repository/BlogEntries/Page_Dashboard/span_Profile")): Object: 'Object Repository/BlogEntries/Page_Dashboard/span_Profile' is clicked on

2021-05-11 19:29:31 - [MESSAGE][PASSED] - Object: 'Object Repository/BlogEntries/Page_Dashboard/span_Profile' is clicked on

2021-05-11 19:29:31 - [TEST_STEP][PASSED] - delay(1): Delayed 1 second(s)

2021-05-11 19:29:32 - [MESSAGE][PASSED] - Delayed 1 second(s)

2021-05-11 19:29:32 - [TEST_STEP][PASSED] - click(findTestObject("Object Repository/BlogEntries/Page_Mohamed Emad Mohamed Kassem Public profile/a_Blog entries")): Object: 'Object Repository/BlogEntries/Page_Mohamed Emad Mohamed Kassem Public profile/a_Blog entries' is clicked on

2021-05-11 19:29:33 - [MESSAGE][PASSED] - Object: 'Object Repository/BlogEntries/Page_Mohamed Emad Mohamed Kassem Public profile/a_Blog entries' is clicked on

2021-05-11 19:29:33 - [TEST_STEP][PASSED] - delay(1): Delayed 1 second(s)

2021-05-11 19:29:34 - [MESSAGE][PASSED] - Delayed 1 second(s)

2021-05-11 19:29:34 - [TEST_STEP][PASSED] - click(findTestObject("Object Repository/BlogEntries/Page_SUCourse Mohamed Emad Mohamed Kassem Blog/a_Add a new entry")): Object: 'Object Repository/BlogEntries/Page_SUCourse Mohamed Emad Mohamed Kassem Blog/a_Add a new entry' is clicked on

2021-05-11 19:29:37 - [MESSAGE][PASSED] - Object: 'Object Repository/BlogEntries/Page_SUCourse Mohamed Emad Mohamed Kassem Blog/a_Add a new entry' is clicked on

2021-05-11 19:29:37 - [TEST_STEP][PASSED] - delay(1): Delayed 1 second(s)

2021-05-11 19:29:38 - [MESSAGE][PASSED] - Delayed 1 second(s)

2021-05-11 19:29:38 - [TEST_STEP][FAILED] - setText(findTestObject("Object Repository/BlogEntries/Page_SUCourse Blogs Add a new entry/div_1 1"), "1 <p>1</p>"): Unable to set text '1 <p>1</p>' of object 'Object Repository/BlogEntries/Page_SUCourse Blogs Add a new entry/div_1 1' (Root cause: com.kms.katalon.core.exception.StepFailedException: Unable to set text '1 <p>1</p>' of object 'Object Repository/BlogEntries/Page_SUCourse Blogs Add a new entry/div_1 1'
	at com.kms.katalon.core.webui.keyword.internal.WebUIKeywordMain.stepFailed(WebUIKeywordMain.groovy:64)
	at com.kms.katalon.core.webui.keyword.internal.WebUIKeywordMain.runKeyword(WebUIKeywordMain.groovy:26)
	at com.kms.katalon.core.webui.keyword.builtin.SetTextKeyword.setText(SetTextKeyword.groovy:66)
	at com.kms.katalon.core.webui.keyword.builtin.SetTextKeyword.execute(SetTextKeyword.groovy:37)
	at com.kms.katalon.core.keyword.internal.KeywordExecutor.executeKeywordForPlatform(KeywordExecutor.groovy:73)
	at com.kms.katalon.core.webui.keyword.WebUiBuiltInKeywords.setText(WebUiBuiltInKeywords.groovy:979)
	at com.kms.katalon.core.webui.keyword.WebUiBuiltInKeywords$setText$2.call(Unknown Source)
	at BlogEntries.run(BlogEntries:64)
	at com.kms.katalon.core.main.ScriptEngine.run(ScriptEngine.java:194)
	at com.kms.katalon.core.main.ScriptEngine.runScriptAsRawText(ScriptEngine.java:119)
	at com.kms.katalon.core.main.TestCaseExecutor.runScript(TestCaseExecutor.java:398)
	at com.kms.katalon.core.main.TestCaseExecutor.doExecute(TestCaseExecutor.java:389)
	at com.kms.katalon.core.main.TestCaseExecutor.processExecutionPhase(TestCaseExecutor.java:368)
	at com.kms.katalon.core.main.TestCaseExecutor.accessMainPhase(TestCaseExecutor.java:360)
	at com.kms.katalon.core.main.TestCaseExecutor.execute(TestCaseExecutor.java:255)
	at com.kms.katalon.core.main.TestSuiteExecutor.accessTestCaseMainPhase(TestSuiteExecutor.java:203)
	at com.kms.katalon.core.main.TestSuiteExecutor.accessTestSuiteMainPhase(TestSuiteExecutor.java:152)
	at com.kms.katalon.core.main.TestSuiteExecutor.execute(TestSuiteExecutor.java:95)
	at com.kms.katalon.core.main.TestCaseMain.startTestSuite(TestCaseMain.java:157)
	at com.kms.katalon.core.main.TestCaseMain$startTestSuite$0.call(Unknown Source)
	at TempTestSuite1620750396797.run(TempTestSuite1620750396797.groovy:39)
Caused by: org.openqa.selenium.InvalidElementStateException: invalid element state
  (Session info: chrome=90.0.4430.93)
Build info: version: '3.141.59', revision: 'e82be7d358', time: '2018-11-14T08:25:53'
System info: host: 'DESKTOP-21F1E8S', ip: '192.168.100.73', os.name: 'Windows 10', os.arch: 'amd64', os.version: '10.0', java.version: '1.8.0_181'
Driver info: com.kms.katalon.selenium.driver.CChromeDriver
Capabilities {acceptInsecureCerts: false, browserName: chrome, browserVersion: 90.0.4430.93, chrome: {chromedriverVersion: 90.0.4430.24 (4c6d850f087da..., userDataDir: C:\Users\moham\AppData\Loca...}, goog:chromeOptions: {debuggerAddress: localhost:33273}, javascriptEnabled: true, networkConnectionEnabled: false, pageLoadStrategy: normal, platform: WINDOWS, platformName: WINDOWS, proxy: Proxy(), setWindowRect: true, strictFileInteractability: false, timeouts: {implicit: 0, pageLoad: 300000, script: 30000}, unhandledPromptBehavior: dismiss and notify, webauthn:extension:largeBlob: true, webauthn:virtualAuthenticators: true}
Session ID: 31dc9f3bb7c23803fd6e67e51b92e5cb
	at org.openqa.selenium.remote.http.W3CHttpResponseCodec.createException(W3CHttpResponseCodec.java:187)
	at org.openqa.selenium.remote.http.W3CHttpResponseCodec.decode(W3CHttpResponseCodec.java:122)
	at org.openqa.selenium.remote.http.W3CHttpResponseCodec.decode(W3CHttpResponseCodec.java:49)
	at org.openqa.selenium.remote.HttpCommandExecutor.execute(HttpCommandExecutor.java:158)
	at org.openqa.selenium.remote.service.DriverCommandExecutor.execute(DriverCommandExecutor.java:83)
	at org.openqa.selenium.remote.RemoteWebDriver.execute(RemoteWebDriver.java:552)
	at com.kms.katalon.selenium.driver.CChromeDriver.execute(CChromeDriver.java:19)
	at org.openqa.selenium.remote.RemoteWebElement.execute(RemoteWebElement.java:285)
	at org.openqa.selenium.remote.RemoteWebElement.clear(RemoteWebElement.java:124)
	at org.openqa.selenium.support.events.EventFiringWebDriver$EventFiringWebElement.lambda$new$0(EventFiringWebDriver.java:404)
	at com.sun.proxy.$Proxy11.clear(Unknown Source)
	at org.openqa.selenium.support.events.EventFiringWebDriver$EventFiringWebElement.clear(EventFiringWebDriver.java:436)
	at com.kms.katalon.core.webui.keyword.builtin.SetTextKeyword$_setText_closure1.doCall(SetTextKeyword.groovy:53)
	at com.kms.katalon.core.webui.keyword.builtin.SetTextKeyword$_setText_closure1.call(SetTextKeyword.groovy)
	at com.kms.katalon.core.webui.keyword.internal.WebUIKeywordMain.runKeyword(WebUIKeywordMain.groovy:20)
	at com.kms.katalon.core.webui.keyword.builtin.SetTextKeyword.setText(SetTextKeyword.groovy:66)
	at com.kms.katalon.core.webui.keyword.builtin.SetTextKeyword.execute(SetTextKeyword.groovy:37)
	at com.kms.katalon.core.keyword.internal.KeywordExecutor.executeKeywordForPlatform(KeywordExecutor.groovy:73)
	at com.kms.katalon.core.webui.keyword.WebUiBuiltInKeywords.setText(WebUiBuiltInKeywords.groovy:979)
	at com.kms.katalon.core.webui.keyword.WebUiBuiltInKeywords$setText$2.call(Unknown Source)
	at Script1620656559910.run(Script1620656559910.groovy:64)
	... 13 more
)

2021-05-11 19:29:39 - [MESSAGE][FAILED] - Unable to set text '1 <p>1</p>' of object 'Object Repository/BlogEntries/Page_SUCourse Blogs Add a new entry/div_1 1' (Root cause: com.kms.katalon.core.exception.StepFailedException: Unable to set text '1 <p>1</p>' of object 'Object Repository/BlogEntries/Page_SUCourse Blogs Add a new entry/div_1 1'
	at com.kms.katalon.core.webui.keyword.internal.WebUIKeywordMain.stepFailed(WebUIKeywordMain.groovy:64)
	at com.kms.katalon.core.webui.keyword.internal.WebUIKeywordMain.runKeyword(WebUIKeywordMain.groovy:26)
	at com.kms.katalon.core.webui.keyword.builtin.SetTextKeyword.setText(SetTextKeyword.groovy:66)
	at com.kms.katalon.core.webui.keyword.builtin.SetTextKeyword.execute(SetTextKeyword.groovy:37)
	at com.kms.katalon.core.keyword.internal.KeywordExecutor.executeKeywordForPlatform(KeywordExecutor.groovy:73)
	at com.kms.katalon.core.webui.keyword.WebUiBuiltInKeywords.setText(WebUiBuiltInKeywords.groovy:979)
	at com.kms.katalon.core.webui.keyword.WebUiBuiltInKeywords$setText$2.call(Unknown Source)
	at BlogEntries.run(BlogEntries:64)
	at com.kms.katalon.core.main.ScriptEngine.run(ScriptEngine.java:194)
	at com.kms.katalon.core.main.ScriptEngine.runScriptAsRawText(ScriptEngine.java:119)
	at com.kms.katalon.core.main.TestCaseExecutor.runScript(TestCaseExecutor.java:398)
	at com.kms.katalon.core.main.TestCaseExecutor.doExecute(TestCaseExecutor.java:389)
	at com.kms.katalon.core.main.TestCaseExecutor.processExecutionPhase(TestCaseExecutor.java:368)
	at com.kms.katalon.core.main.TestCaseExecutor.accessMainPhase(TestCaseExecutor.java:360)
	at com.kms.katalon.core.main.TestCaseExecutor.execute(TestCaseExecutor.java:255)
	at com.kms.katalon.core.main.TestSuiteExecutor.accessTestCaseMainPhase(TestSuiteExecutor.java:203)
	at com.kms.katalon.core.main.TestSuiteExecutor.accessTestSuiteMainPhase(TestSuiteExecutor.java:152)
	at com.kms.katalon.core.main.TestSuiteExecutor.execute(TestSuiteExecutor.java:95)
	at com.kms.katalon.core.main.TestCaseMain.startTestSuite(TestCaseMain.java:157)
	at com.kms.katalon.core.main.TestCaseMain$startTestSuite$0.call(Unknown Source)
	at TempTestSuite1620750396797.run(TempTestSuite1620750396797.groovy:39)
Caused by: org.openqa.selenium.InvalidElementStateException: invalid element state
  (Session info: chrome=90.0.4430.93)
Build info: version: '3.141.59', revision: 'e82be7d358', time: '2018-11-14T08:25:53'
System info: host: 'DESKTOP-21F1E8S', ip: '192.168.100.73', os.name: 'Windows 10', os.arch: 'amd64', os.version: '10.0', java.version: '1.8.0_181'
Driver info: com.kms.katalon.selenium.driver.CChromeDriver
Capabilities {acceptInsecureCerts: false, browserName: chrome, browserVersion: 90.0.4430.93, chrome: {chromedriverVersion: 90.0.4430.24 (4c6d850f087da..., userDataDir: C:\Users\moham\AppData\Loca...}, goog:chromeOptions: {debuggerAddress: localhost:33273}, javascriptEnabled: true, networkConnectionEnabled: false, pageLoadStrategy: normal, platform: WINDOWS, platformName: WINDOWS, proxy: Proxy(), setWindowRect: true, strictFileInteractability: false, timeouts: {implicit: 0, pageLoad: 300000, script: 30000}, unhandledPromptBehavior: dismiss and notify, webauthn:extension:largeBlob: true, webauthn:virtualAuthenticators: true}
Session ID: 31dc9f3bb7c23803fd6e67e51b92e5cb
	at org.openqa.selenium.remote.http.W3CHttpResponseCodec.createException(W3CHttpResponseCodec.java:187)
	at org.openqa.selenium.remote.http.W3CHttpResponseCodec.decode(W3CHttpResponseCodec.java:122)
	at org.openqa.selenium.remote.http.W3CHttpResponseCodec.decode(W3CHttpResponseCodec.java:49)
	at org.openqa.selenium.remote.HttpCommandExecutor.execute(HttpCommandExecutor.java:158)
	at org.openqa.selenium.remote.service.DriverCommandExecutor.execute(DriverCommandExecutor.java:83)
	at org.openqa.selenium.remote.RemoteWebDriver.execute(RemoteWebDriver.java:552)
	at com.kms.katalon.selenium.driver.CChromeDriver.execute(CChromeDriver.java:19)
	at org.openqa.selenium.remote.RemoteWebElement.execute(RemoteWebElement.java:285)
	at org.openqa.selenium.remote.RemoteWebElement.clear(RemoteWebElement.java:124)
	at org.openqa.selenium.support.events.EventFiringWebDriver$EventFiringWebElement.lambda$new$0(EventFiringWebDriver.java:404)
	at com.sun.proxy.$Proxy11.clear(Unknown Source)
	at org.openqa.selenium.support.events.EventFiringWebDriver$EventFiringWebElement.clear(EventFiringWebDriver.java:436)
	at com.kms.katalon.core.webui.keyword.builtin.SetTextKeyword$_setText_closure1.doCall(SetTextKeyword.groovy:53)
	at com.kms.katalon.core.webui.keyword.builtin.SetTextKeyword$_setText_closure1.call(SetTextKeyword.groovy)
	at com.kms.katalon.core.webui.keyword.internal.WebUIKeywordMain.runKeyword(WebUIKeywordMain.groovy:20)
	at com.kms.katalon.core.webui.keyword.builtin.SetTextKeyword.setText(SetTextKeyword.groovy:66)
	at com.kms.katalon.core.webui.keyword.builtin.SetTextKeyword.execute(SetTextKeyword.groovy:37)
	at com.kms.katalon.core.keyword.internal.KeywordExecutor.executeKeywordForPlatform(KeywordExecutor.groovy:73)
	at com.kms.katalon.core.webui.keyword.WebUiBuiltInKeywords.setText(WebUiBuiltInKeywords.groovy:979)
	at com.kms.katalon.core.webui.keyword.WebUiBuiltInKeywords$setText$2.call(Unknown Source)
	at Script1620656559910.run(Script1620656559910.groovy:64)
	... 13 more
)
[[ATTACHMENT|C:\\Users\\moham\\git\\SuCourse_Katalon\\Reports\\20210511_192636\\Navigation\\20210511_192636\\1620750578686.png]]]]></system-out>
         <system-err><![CDATA[2021-05-11 19:29:07 - [TEST_CASE][FAILED] - Test Cases/BlogEntries: Test Cases/BlogEntries FAILED.
Reason:
com.kms.katalon.core.exception.StepFailedException: Unable to set text '1 <p>1</p>' of object 'Object Repository/BlogEntries/Page_SUCourse Blogs Add a new entry/div_1 1'
	at com.kms.katalon.core.webui.keyword.internal.WebUIKeywordMain.stepFailed(WebUIKeywordMain.groovy:64)
	at com.kms.katalon.core.webui.keyword.internal.WebUIKeywordMain.runKeyword(WebUIKeywordMain.groovy:26)
	at com.kms.katalon.core.webui.keyword.builtin.SetTextKeyword.setText(SetTextKeyword.groovy:66)
	at com.kms.katalon.core.webui.keyword.builtin.SetTextKeyword.execute(SetTextKeyword.groovy:37)
	at com.kms.katalon.core.keyword.internal.KeywordExecutor.executeKeywordForPlatform(KeywordExecutor.groovy:73)
	at com.kms.katalon.core.webui.keyword.WebUiBuiltInKeywords.setText(WebUiBuiltInKeywords.groovy:979)
	at com.kms.katalon.core.webui.keyword.WebUiBuiltInKeywords$setText$2.call(Unknown Source)
	at BlogEntries.run(BlogEntries:64)
	at com.kms.katalon.core.main.ScriptEngine.run(ScriptEngine.java:194)
	at com.kms.katalon.core.main.ScriptEngine.runScriptAsRawText(ScriptEngine.java:119)
	at com.kms.katalon.core.main.TestCaseExecutor.runScript(TestCaseExecutor.java:398)
	at com.kms.katalon.core.main.TestCaseExecutor.doExecute(TestCaseExecutor.java:389)
	at com.kms.katalon.core.main.TestCaseExecutor.processExecutionPhase(TestCaseExecutor.java:368)
	at com.kms.katalon.core.main.TestCaseExecutor.accessMainPhase(TestCaseExecutor.java:360)
	at com.kms.katalon.core.main.TestCaseExecutor.execute(TestCaseExecutor.java:255)
	at com.kms.katalon.core.main.TestSuiteExecutor.accessTestCaseMainPhase(TestSuiteExecutor.java:203)
	at com.kms.katalon.core.main.TestSuiteExecutor.accessTestSuiteMainPhase(TestSuiteExecutor.java:152)
	at com.kms.katalon.core.main.TestSuiteExecutor.execute(TestSuiteExecutor.java:95)
	at com.kms.katalon.core.main.TestCaseMain.startTestSuite(TestCaseMain.java:157)
	at com.kms.katalon.core.main.TestCaseMain$startTestSuite$0.call(Unknown Source)
	at TempTestSuite1620750396797.run(TempTestSuite1620750396797.groovy:39)
Caused by: org.openqa.selenium.InvalidElementStateException: invalid element state
  (Session info: chrome=90.0.4430.93)
Build info: version: '3.141.59', revision: 'e82be7d358', time: '2018-11-14T08:25:53'
System info: host: 'DESKTOP-21F1E8S', ip: '192.168.100.73', os.name: 'Windows 10', os.arch: 'amd64', os.version: '10.0', java.version: '1.8.0_181'
Driver info: com.kms.katalon.selenium.driver.CChromeDriver
Capabilities {acceptInsecureCerts: false, browserName: chrome, browserVersion: 90.0.4430.93, chrome: {chromedriverVersion: 90.0.4430.24 (4c6d850f087da..., userDataDir: C:\Users\moham\AppData\Loca...}, goog:chromeOptions: {debuggerAddress: localhost:33273}, javascriptEnabled: true, networkConnectionEnabled: false, pageLoadStrategy: normal, platform: WINDOWS, platformName: WINDOWS, proxy: Proxy(), setWindowRect: true, strictFileInteractability: false, timeouts: {implicit: 0, pageLoad: 300000, script: 30000}, unhandledPromptBehavior: dismiss and notify, webauthn:extension:largeBlob: true, webauthn:virtualAuthenticators: true}
Session ID: 31dc9f3bb7c23803fd6e67e51b92e5cb
	at org.openqa.selenium.remote.http.W3CHttpResponseCodec.createException(W3CHttpResponseCodec.java:187)
	at org.openqa.selenium.remote.http.W3CHttpResponseCodec.decode(W3CHttpResponseCodec.java:122)
	at org.openqa.selenium.remote.http.W3CHttpResponseCodec.decode(W3CHttpResponseCodec.java:49)
	at org.openqa.selenium.remote.HttpCommandExecutor.execute(HttpCommandExecutor.java:158)
	at org.openqa.selenium.remote.service.DriverCommandExecutor.execute(DriverCommandExecutor.java:83)
	at org.openqa.selenium.remote.RemoteWebDriver.execute(RemoteWebDriver.java:552)
	at com.kms.katalon.selenium.driver.CChromeDriver.execute(CChromeDriver.java:19)
	at org.openqa.selenium.remote.RemoteWebElement.execute(RemoteWebElement.java:285)
	at org.openqa.selenium.remote.RemoteWebElement.clear(RemoteWebElement.java:124)
	at org.openqa.selenium.support.events.EventFiringWebDriver$EventFiringWebElement.lambda$new$0(EventFiringWebDriver.java:404)
	at com.sun.proxy.$Proxy11.clear(Unknown Source)
	at org.openqa.selenium.support.events.EventFiringWebDriver$EventFiringWebElement.clear(EventFiringWebDriver.java:436)
	at com.kms.katalon.core.webui.keyword.builtin.SetTextKeyword$_setText_closure1.doCall(SetTextKeyword.groovy:53)
	at com.kms.katalon.core.webui.keyword.builtin.SetTextKeyword$_setText_closure1.call(SetTextKeyword.groovy)
	at com.kms.katalon.core.webui.keyword.internal.WebUIKeywordMain.runKeyword(WebUIKeywordMain.groovy:20)
	... 19 more]]></system-err>
      </testcase>
      <testcase name="Test Cases/SuCourseCalendar" time="96.187" classname="Test Cases/SuCourseCalendar" status="PASSED">
         <system-out><![CDATA[2021-05-11 19:29:39 - [TEST_CASE][PASSED] - Test Cases/SuCourseCalendar: Test Cases/SuCourseCalendar

2021-05-11 19:29:39 - [TEST_STEP][PASSED] - openBrowser(""): Browser is opened with url: ''

2021-05-11 19:29:39 - [MESSAGE][WARNING] - A browser is already opened. Closing browser and opening a new one

2021-05-11 19:29:40 - [MESSAGE][INFO] - Starting 'Chrome' driver

2021-05-11 19:29:40 - [MESSAGE][INFO] - Action delay is set to 0 milliseconds

2021-05-11 19:29:42 - [MESSAGE][PASSED] - Browser is opened with url: ''

2021-05-11 19:29:42 - [TEST_STEP][PASSED] - navigateToUrl("https://sucourse.sabanciuniv.edu/plus/"): Navigate to 'https://sucourse.sabanciuniv.edu/plus/' successfully

2021-05-11 19:29:46 - [MESSAGE][PASSED] - Navigate to 'https://sucourse.sabanciuniv.edu/plus/' successfully

2021-05-11 19:29:46 - [TEST_STEP][PASSED] - delay(1): Delayed 1 second(s)

2021-05-11 19:29:47 - [MESSAGE][PASSED] - Delayed 1 second(s)

2021-05-11 19:29:47 - [TEST_STEP][PASSED] - click(findTestObject("Object Repository/SuCourseCalendar/Page_SUCourse/a_Login")): Object: 'Object Repository/SuCourseCalendar/Page_SUCourse/a_Login' is clicked on

2021-05-11 19:29:48 - [MESSAGE][PASSED] - Object: 'Object Repository/SuCourseCalendar/Page_SUCourse/a_Login' is clicked on

2021-05-11 19:29:48 - [TEST_STEP][PASSED] - delay(1): Delayed 1 second(s)

2021-05-11 19:29:49 - [MESSAGE][PASSED] - Delayed 1 second(s)

2021-05-11 19:29:49 - [TEST_STEP][PASSED] - click(findTestObject("Object Repository/SuCourseCalendar/Page_SUCourse Authentication choice/a_SUNet users (Sabanc University members)")): Object: 'Object Repository/SuCourseCalendar/Page_SUCourse Authentication choice/a_SUNet users (Sabanc University members)' is clicked on

2021-05-11 19:29:52 - [MESSAGE][PASSED] - Object: 'Object Repository/SuCourseCalendar/Page_SUCourse Authentication choice/a_SUNet users (Sabanc University members)' is clicked on

2021-05-11 19:29:52 - [TEST_STEP][PASSED] - delay(1): Delayed 1 second(s)

2021-05-11 19:29:53 - [MESSAGE][PASSED] - Delayed 1 second(s)

2021-05-11 19:29:53 - [TEST_STEP][PASSED] - setText(findTestObject("Object Repository/SuCourseCalendar/Page_Login - CAS  Central Authentication Service/input_U_username"), "mohamedkassem"): Text 'mohamedkassem' is set on object 'Object Repository/SuCourseCalendar/Page_Login - CAS  Central Authentication Service/input_U_username'

2021-05-11 19:29:54 - [MESSAGE][PASSED] - Text 'mohamedkassem' is set on object 'Object Repository/SuCourseCalendar/Page_Login - CAS  Central Authentication Service/input_U_username'

2021-05-11 19:29:54 - [TEST_STEP][PASSED] - delay(1): Delayed 1 second(s)

2021-05-11 19:29:55 - [MESSAGE][PASSED] - Delayed 1 second(s)

2021-05-11 19:29:55 - [TEST_STEP][PASSED] - setEncryptedText(findTestObject("Object Repository/SuCourseCalendar/Page_Login - CAS  Central Authentication Service/input_P_password"), "lsh4UT/KYs157Zjg3xgr3w=="): Text ****** has been set on object 'Object Repository/SuCourseCalendar/Page_Login - CAS  Central Authentication Service/input_P_password'

2021-05-11 19:29:55 - [MESSAGE][PASSED] - Text ****** has been set on object 'Object Repository/SuCourseCalendar/Page_Login - CAS  Central Authentication Service/input_P_password'

2021-05-11 19:29:55 - [TEST_STEP][PASSED] - delay(1): Delayed 1 second(s)

2021-05-11 19:29:56 - [MESSAGE][PASSED] - Delayed 1 second(s)

2021-05-11 19:29:56 - [TEST_STEP][PASSED] - click(findTestObject("Object Repository/SuCourseCalendar/Page_Login - CAS  Central Authentication Service/input_Remember Me_submit")): Object: 'Object Repository/SuCourseCalendar/Page_Login - CAS  Central Authentication Service/input_Remember Me_submit' is clicked on

2021-05-11 19:29:59 - [MESSAGE][PASSED] - Object: 'Object Repository/SuCourseCalendar/Page_Login - CAS  Central Authentication Service/input_Remember Me_submit' is clicked on

2021-05-11 19:29:59 - [TEST_STEP][PASSED] - delay(1): Delayed 1 second(s)

2021-05-11 19:30:00 - [MESSAGE][PASSED] - Delayed 1 second(s)

2021-05-11 19:30:00 - [TEST_STEP][PASSED] - click(findTestObject("Object Repository/SuCourseCalendar/Page_Dashboard/img_Skip Calendar_block-hider-hide")): Object: 'Object Repository/SuCourseCalendar/Page_Dashboard/img_Skip Calendar_block-hider-hide' is clicked on

2021-05-11 19:30:00 - [MESSAGE][PASSED] - Object: 'Object Repository/SuCourseCalendar/Page_Dashboard/img_Skip Calendar_block-hider-hide' is clicked on

2021-05-11 19:30:00 - [TEST_STEP][PASSED] - delay(1): Delayed 1 second(s)

2021-05-11 19:30:01 - [MESSAGE][PASSED] - Delayed 1 second(s)

2021-05-11 19:30:01 - [TEST_STEP][PASSED] - click(findTestObject("Object Repository/SuCourseCalendar/Page_Dashboard/img_Skip Calendar_block-hider-show")): Object: 'Object Repository/SuCourseCalendar/Page_Dashboard/img_Skip Calendar_block-hider-show' is clicked on

2021-05-11 19:30:02 - [MESSAGE][PASSED] - Object: 'Object Repository/SuCourseCalendar/Page_Dashboard/img_Skip Calendar_block-hider-show' is clicked on

2021-05-11 19:30:02 - [TEST_STEP][PASSED] - delay(1): Delayed 1 second(s)

2021-05-11 19:30:03 - [MESSAGE][PASSED] - Delayed 1 second(s)

2021-05-11 19:30:03 - [TEST_STEP][PASSED] - click(findTestObject("Object Repository/SuCourseCalendar/Page_Dashboard/h2_Calendar")): Object: 'Object Repository/SuCourseCalendar/Page_Dashboard/h2_Calendar' is clicked on

2021-05-11 19:30:34 - [MESSAGE][INFO] - Unable to find the element located by 'By.xpath: //h2[@id='instance-52707-header']'. Please recheck the objects properties to make sure the desired element is located. 

2021-05-11 19:30:34 - [MESSAGE][WARNING] - [SELF-HEALING] Failed to find element with id 'Object Repository/SuCourseCalendar/Page_Dashboard/h2_Calendar'. Try using Self-healing.

2021-05-11 19:30:34 - [MESSAGE][INFO] - [SELF-HEALING] Failed Locator: '//h2[@id='instance-52707-header']'.

2021-05-11 19:30:35 - [MESSAGE][INFO] - [SELF-HEALING] Failed Locator: '//div[@id='yui_3_17_2_1_1620593542117_95']/h2'.

2021-05-11 19:30:35 - [MESSAGE][INFO] - [SELF-HEALING] Working Locator: '(.//*[normalize-space(text()) and normalize-space(.)='Skip Calendar'])[1]/following::h2[1]'.

2021-05-11 19:30:35 - [MESSAGE][INFO] - [SELF-HEALING] Screenshot: C:/Users/moham/git/SuCourse_Katalon/Reports/Self-healing/Object Repository/SuCourseCalendar/Page_Dashboard/h2_Calendar_neighbor.png

2021-05-11 19:30:35 - [MESSAGE][WARNING] - [SELF-HEALING] The current locator of test object 'Object Repository/SuCourseCalendar/Page_Dashboard/h2_Calendar' was broken. Propose an alternative one: '(.//*[normalize-space(text()) and normalize-space(.)='Skip Calendar'])[1]/following::h2[1]'.

2021-05-11 19:30:35 - [MESSAGE][PASSED] - Object: 'Object Repository/SuCourseCalendar/Page_Dashboard/h2_Calendar' is clicked on

2021-05-11 19:30:35 - [TEST_STEP][PASSED] - delay(1): Delayed 1 second(s)

2021-05-11 19:30:36 - [MESSAGE][PASSED] - Delayed 1 second(s)

2021-05-11 19:30:36 - [TEST_STEP][PASSED] - click(findTestObject("Object Repository/SuCourseCalendar/Page_Dashboard/h2_Calendar")): Object: 'Object Repository/SuCourseCalendar/Page_Dashboard/h2_Calendar' is clicked on

2021-05-11 19:31:08 - [MESSAGE][INFO] - Unable to find the element located by 'By.xpath: //h2[@id='instance-52707-header']'. Please recheck the objects properties to make sure the desired element is located. 

2021-05-11 19:31:08 - [MESSAGE][WARNING] - [SELF-HEALING] Failed to find element with id 'Object Repository/SuCourseCalendar/Page_Dashboard/h2_Calendar'. Try using Self-healing.

2021-05-11 19:31:08 - [MESSAGE][WARNING] - [SELF-HEALING] The current locator of test object 'Object Repository/SuCourseCalendar/Page_Dashboard/h2_Calendar' was broken. Propose an alternative one: '(.//*[normalize-space(text()) and normalize-space(.)='Skip Calendar'])[1]/following::h2[1]'.

2021-05-11 19:31:08 - [MESSAGE][PASSED] - Object: 'Object Repository/SuCourseCalendar/Page_Dashboard/h2_Calendar' is clicked on

2021-05-11 19:31:08 - [TEST_STEP][PASSED] - delay(1): Delayed 1 second(s)

2021-05-11 19:31:09 - [MESSAGE][PASSED] - Delayed 1 second(s)

2021-05-11 19:31:09 - [TEST_STEP][PASSED] - click(findTestObject("Object Repository/SuCourseCalendar/Page_Dashboard/a_May 2021")): Object: 'Object Repository/SuCourseCalendar/Page_Dashboard/a_May 2021' is clicked on

2021-05-11 19:31:11 - [MESSAGE][PASSED] - Object: 'Object Repository/SuCourseCalendar/Page_Dashboard/a_May 2021' is clicked on

2021-05-11 19:31:11 - [TEST_STEP][PASSED] - delay(1): Delayed 1 second(s)

2021-05-11 19:31:12 - [MESSAGE][PASSED] - Delayed 1 second(s)

2021-05-11 19:31:12 - [TEST_STEP][PASSED] - click(findTestObject("Object Repository/SuCourseCalendar/Page_SUCourse Calendar Detailed month view _34c8e7/span_April 2021")): Object: 'Object Repository/SuCourseCalendar/Page_SUCourse Calendar Detailed month view _34c8e7/span_April 2021' is clicked on

2021-05-11 19:31:13 - [MESSAGE][PASSED] - Object: 'Object Repository/SuCourseCalendar/Page_SUCourse Calendar Detailed month view _34c8e7/span_April 2021' is clicked on

2021-05-11 19:31:13 - [TEST_STEP][PASSED] - delay(1): Delayed 1 second(s)

2021-05-11 19:31:14 - [MESSAGE][PASSED] - Delayed 1 second(s)

2021-05-11 19:31:14 - [TEST_STEP][PASSED] - closeBrowser(): Browser is closed

2021-05-11 19:31:15 - [MESSAGE][PASSED] - Browser is closed]]></system-out>
         <system-err><![CDATA[]]></system-err>
      </testcase>
      <testcase name="Test Cases/Messages" time="57.273" classname="Test Cases/Messages" status="PASSED">
         <system-out><![CDATA[2021-05-11 19:31:15 - [TEST_CASE][PASSED] - Test Cases/Messages: Test Cases/Messages

2021-05-11 19:31:16 - [TEST_STEP][PASSED] - openBrowser(""): Browser is opened with url: ''

2021-05-11 19:31:16 - [MESSAGE][INFO] - Starting 'Chrome' driver

2021-05-11 19:31:16 - [MESSAGE][INFO] - Action delay is set to 0 milliseconds

2021-05-11 19:31:17 - [MESSAGE][PASSED] - Browser is opened with url: ''

2021-05-11 19:31:17 - [TEST_STEP][PASSED] - navigateToUrl("https://sucourse.sabanciuniv.edu/plus/"): Navigate to 'https://sucourse.sabanciuniv.edu/plus/' successfully

2021-05-11 19:31:21 - [MESSAGE][PASSED] - Navigate to 'https://sucourse.sabanciuniv.edu/plus/' successfully

2021-05-11 19:31:21 - [TEST_STEP][PASSED] - delay(1): Delayed 1 second(s)

2021-05-11 19:31:22 - [MESSAGE][PASSED] - Delayed 1 second(s)

2021-05-11 19:31:22 - [TEST_STEP][PASSED] - click(findTestObject("Object Repository/Messages/Page_SUCourse/a_Login")): Object: 'Object Repository/Messages/Page_SUCourse/a_Login' is clicked on

2021-05-11 19:31:23 - [MESSAGE][PASSED] - Object: 'Object Repository/Messages/Page_SUCourse/a_Login' is clicked on

2021-05-11 19:31:23 - [TEST_STEP][PASSED] - delay(1): Delayed 1 second(s)

2021-05-11 19:31:24 - [MESSAGE][PASSED] - Delayed 1 second(s)

2021-05-11 19:31:24 - [TEST_STEP][PASSED] - click(findTestObject("Object Repository/Messages/Page_SUCourse Authentication choice/a_SUNet users (Sabanc University members)")): Object: 'Object Repository/Messages/Page_SUCourse Authentication choice/a_SUNet users (Sabanc University members)' is clicked on

2021-05-11 19:31:27 - [MESSAGE][PASSED] - Object: 'Object Repository/Messages/Page_SUCourse Authentication choice/a_SUNet users (Sabanc University members)' is clicked on

2021-05-11 19:31:27 - [TEST_STEP][PASSED] - delay(1): Delayed 1 second(s)

2021-05-11 19:31:28 - [MESSAGE][PASSED] - Delayed 1 second(s)

2021-05-11 19:31:28 - [TEST_STEP][PASSED] - setText(findTestObject("Object Repository/Messages/Page_Login - CAS  Central Authentication Service/input_U_username"), "mohamedkassem"): Text 'mohamedkassem' is set on object 'Object Repository/Messages/Page_Login - CAS  Central Authentication Service/input_U_username'

2021-05-11 19:31:29 - [MESSAGE][PASSED] - Text 'mohamedkassem' is set on object 'Object Repository/Messages/Page_Login - CAS  Central Authentication Service/input_U_username'

2021-05-11 19:31:29 - [TEST_STEP][PASSED] - delay(1): Delayed 1 second(s)

2021-05-11 19:31:30 - [MESSAGE][PASSED] - Delayed 1 second(s)

2021-05-11 19:31:30 - [TEST_STEP][PASSED] - setEncryptedText(findTestObject("Object Repository/Messages/Page_Login - CAS  Central Authentication Service/input_P_password"), "lsh4UT/KYs157Zjg3xgr3w=="): Text ****** has been set on object 'Object Repository/Messages/Page_Login - CAS  Central Authentication Service/input_P_password'

2021-05-11 19:31:30 - [MESSAGE][PASSED] - Text ****** has been set on object 'Object Repository/Messages/Page_Login - CAS  Central Authentication Service/input_P_password'

2021-05-11 19:31:30 - [TEST_STEP][PASSED] - delay(1): Delayed 1 second(s)

2021-05-11 19:31:31 - [MESSAGE][PASSED] - Delayed 1 second(s)

2021-05-11 19:31:31 - [TEST_STEP][PASSED] - click(findTestObject("Object Repository/Messages/Page_Login - CAS  Central Authentication Service/input_Remember Me_submit")): Object: 'Object Repository/Messages/Page_Login - CAS  Central Authentication Service/input_Remember Me_submit' is clicked on

2021-05-11 19:31:34 - [MESSAGE][PASSED] - Object: 'Object Repository/Messages/Page_Login - CAS  Central Authentication Service/input_Remember Me_submit' is clicked on

2021-05-11 19:31:34 - [TEST_STEP][PASSED] - delay(1): Delayed 1 second(s)

2021-05-11 19:31:35 - [MESSAGE][PASSED] - Delayed 1 second(s)

2021-05-11 19:31:35 - [TEST_STEP][PASSED] - click(findTestObject("Object Repository/Messages/Page_Dashboard/img_Courses_icon")): Object: 'Object Repository/Messages/Page_Dashboard/img_Courses_icon' is clicked on

2021-05-11 19:31:36 - [MESSAGE][PASSED] - Object: 'Object Repository/Messages/Page_Dashboard/img_Courses_icon' is clicked on

2021-05-11 19:31:36 - [TEST_STEP][PASSED] - delay(1): Delayed 1 second(s)

2021-05-11 19:31:37 - [MESSAGE][PASSED] - Delayed 1 second(s)

2021-05-11 19:31:37 - [TEST_STEP][PASSED] - click(findTestObject("Object Repository/Messages/Page_Dashboard/div_See all")): Object: 'Object Repository/Messages/Page_Dashboard/div_See all' is clicked on

2021-05-11 19:32:08 - [MESSAGE][INFO] - Unable to find the element located by 'By.xpath: //div[@id='popover-region-container-609a827d202c9609a827cd47b29']/a/div/div'. Please recheck the objects properties to make sure the desired element is located. 

2021-05-11 19:32:08 - [MESSAGE][WARNING] - [SELF-HEALING] Failed to find element with id 'Object Repository/Messages/Page_Dashboard/div_See all'. Try using Self-healing.

2021-05-11 19:32:08 - [MESSAGE][INFO] - [SELF-HEALING] Failed Locator: '//div[@id='popover-region-container-609a827d202c9609a827cd47b29']/a/div/div'.

2021-05-11 19:32:09 - [MESSAGE][INFO] - [SELF-HEALING] Working Locator: '(.//*[normalize-space(text()) and normalize-space(.)='No messages'])[1]/following::div[2]'.

2021-05-11 19:32:09 - [MESSAGE][INFO] - [SELF-HEALING] Screenshot: C:/Users/moham/git/SuCourse_Katalon/Reports/Self-healing/Object Repository/Messages/Page_Dashboard/div_See all_neighbor.png

2021-05-11 19:32:09 - [MESSAGE][WARNING] - [SELF-HEALING] The current locator of test object 'Object Repository/Messages/Page_Dashboard/div_See all' was broken. Propose an alternative one: '(.//*[normalize-space(text()) and normalize-space(.)='No messages'])[1]/following::div[2]'.

2021-05-11 19:32:10 - [MESSAGE][PASSED] - Object: 'Object Repository/Messages/Page_Dashboard/div_See all' is clicked on

2021-05-11 19:32:10 - [TEST_STEP][PASSED] - delay(1): Delayed 1 second(s)

2021-05-11 19:32:11 - [MESSAGE][PASSED] - Delayed 1 second(s)

2021-05-11 19:32:11 - [TEST_STEP][PASSED] - closeBrowser(): Browser is closed

2021-05-11 19:32:12 - [MESSAGE][PASSED] - Browser is closed]]></system-out>
         <system-err><![CDATA[]]></system-err>
      </testcase>
      <testcase name="Test Cases/Notifications" time="55.82" classname="Test Cases/Notifications" status="PASSED">
         <system-out><![CDATA[2021-05-11 19:32:12 - [TEST_CASE][PASSED] - Test Cases/Notifications: Test Cases/Notifications

2021-05-11 19:32:13 - [TEST_STEP][PASSED] - openBrowser(""): Browser is opened with url: ''

2021-05-11 19:32:13 - [MESSAGE][INFO] - Starting 'Chrome' driver

2021-05-11 19:32:13 - [MESSAGE][INFO] - Action delay is set to 0 milliseconds

2021-05-11 19:32:15 - [MESSAGE][PASSED] - Browser is opened with url: ''

2021-05-11 19:32:15 - [TEST_STEP][PASSED] - navigateToUrl("https://sucourse.sabanciuniv.edu/plus/"): Navigate to 'https://sucourse.sabanciuniv.edu/plus/' successfully

2021-05-11 19:32:18 - [MESSAGE][PASSED] - Navigate to 'https://sucourse.sabanciuniv.edu/plus/' successfully

2021-05-11 19:32:18 - [TEST_STEP][PASSED] - delay(1): Delayed 1 second(s)

2021-05-11 19:32:19 - [MESSAGE][PASSED] - Delayed 1 second(s)

2021-05-11 19:32:19 - [TEST_STEP][PASSED] - click(findTestObject("Object Repository/Notifications/Notifications/Page_SUCourse/a_Login")): Object: 'Object Repository/Notifications/Notifications/Page_SUCourse/a_Login' is clicked on

2021-05-11 19:32:21 - [MESSAGE][PASSED] - Object: 'Object Repository/Notifications/Notifications/Page_SUCourse/a_Login' is clicked on

2021-05-11 19:32:21 - [TEST_STEP][PASSED] - delay(1): Delayed 1 second(s)

2021-05-11 19:32:22 - [MESSAGE][PASSED] - Delayed 1 second(s)

2021-05-11 19:32:22 - [TEST_STEP][PASSED] - click(findTestObject("Object Repository/Notifications/Notifications/Page_SUCourse Authentication choice/a_SUNet users (Sabanc University members)")): Object: 'Object Repository/Notifications/Notifications/Page_SUCourse Authentication choice/a_SUNet users (Sabanc University members)' is clicked on

2021-05-11 19:32:24 - [MESSAGE][PASSED] - Object: 'Object Repository/Notifications/Notifications/Page_SUCourse Authentication choice/a_SUNet users (Sabanc University members)' is clicked on

2021-05-11 19:32:24 - [TEST_STEP][PASSED] - delay(1): Delayed 1 second(s)

2021-05-11 19:32:25 - [MESSAGE][PASSED] - Delayed 1 second(s)

2021-05-11 19:32:25 - [TEST_STEP][PASSED] - setText(findTestObject("Object Repository/Notifications/Notifications/Page_Login - CAS  Central Authentication Service/input_U_username"), "mohamedkassem"): Text 'mohamedkassem' is set on object 'Object Repository/Notifications/Notifications/Page_Login - CAS  Central Authentication Service/input_U_username'

2021-05-11 19:32:26 - [MESSAGE][PASSED] - Text 'mohamedkassem' is set on object 'Object Repository/Notifications/Notifications/Page_Login - CAS  Central Authentication Service/input_U_username'

2021-05-11 19:32:26 - [TEST_STEP][PASSED] - delay(1): Delayed 1 second(s)

2021-05-11 19:32:27 - [MESSAGE][PASSED] - Delayed 1 second(s)

2021-05-11 19:32:27 - [TEST_STEP][PASSED] - setEncryptedText(findTestObject("Object Repository/Notifications/Notifications/Page_Login - CAS  Central Authentication Service/input_P_password"), "lsh4UT/KYs157Zjg3xgr3w=="): Text ****** has been set on object 'Object Repository/Notifications/Notifications/Page_Login - CAS  Central Authentication Service/input_P_password'

2021-05-11 19:32:27 - [MESSAGE][PASSED] - Text ****** has been set on object 'Object Repository/Notifications/Notifications/Page_Login - CAS  Central Authentication Service/input_P_password'

2021-05-11 19:32:27 - [TEST_STEP][PASSED] - delay(1): Delayed 1 second(s)

2021-05-11 19:32:28 - [MESSAGE][PASSED] - Delayed 1 second(s)

2021-05-11 19:32:28 - [TEST_STEP][PASSED] - click(findTestObject("Object Repository/Notifications/Notifications/Page_Login - CAS  Central Authentication Service/input_Remember Me_submit")): Object: 'Object Repository/Notifications/Notifications/Page_Login - CAS  Central Authentication Service/input_Remember Me_submit' is clicked on

2021-05-11 19:32:31 - [MESSAGE][PASSED] - Object: 'Object Repository/Notifications/Notifications/Page_Login - CAS  Central Authentication Service/input_Remember Me_submit' is clicked on

2021-05-11 19:32:31 - [TEST_STEP][PASSED] - delay(1): Delayed 1 second(s)

2021-05-11 19:32:32 - [MESSAGE][PASSED] - Delayed 1 second(s)

2021-05-11 19:32:32 - [TEST_STEP][PASSED] - click(findTestObject("Object Repository/Notifications/Notifications/Page_Dashboard/img_See all_icon")): Object: 'Object Repository/Notifications/Notifications/Page_Dashboard/img_See all_icon' is clicked on

2021-05-11 19:32:33 - [MESSAGE][PASSED] - Object: 'Object Repository/Notifications/Notifications/Page_Dashboard/img_See all_icon' is clicked on

2021-05-11 19:32:33 - [TEST_STEP][PASSED] - delay(1): Delayed 1 second(s)

2021-05-11 19:32:34 - [MESSAGE][PASSED] - Delayed 1 second(s)

2021-05-11 19:32:34 - [TEST_STEP][PASSED] - click(findTestObject("Object Repository/Notifications/Notifications/Page_Dashboard/img_Notifications_icon")): Object: 'Object Repository/Notifications/Notifications/Page_Dashboard/img_Notifications_icon' is clicked on

2021-05-11 19:33:05 - [MESSAGE][INFO] - Unable to find the element located by 'By.xpath: //div[@id='popover-region-container-609a7c42acdc0609a7c428d3c110']/div/div/a/span/img'. Please recheck the objects properties to make sure the desired element is located. 

2021-05-11 19:33:05 - [MESSAGE][WARNING] - [SELF-HEALING] Failed to find element with id 'Object Repository/Notifications/Notifications/Page_Dashboard/img_Notifications_icon'. Try using Self-healing.

2021-05-11 19:33:05 - [MESSAGE][INFO] - [SELF-HEALING] Failed Locator: '//div[@id='popover-region-container-609a7c42acdc0609a7c428d3c110']/div/div/a/span/img'.

2021-05-11 19:33:06 - [MESSAGE][INFO] - [SELF-HEALING] Working Locator: '(//img[@alt='Mark all as read'])[2]'.

2021-05-11 19:33:06 - [MESSAGE][INFO] - [SELF-HEALING] Screenshot: C:/Users/moham/git/SuCourse_Katalon/Reports/Self-healing/Object Repository/Notifications/Notifications/Page_Dashboard/img_Notifications_icon_img.png

2021-05-11 19:33:06 - [MESSAGE][WARNING] - [SELF-HEALING] The current locator of test object 'Object Repository/Notifications/Notifications/Page_Dashboard/img_Notifications_icon' was broken. Propose an alternative one: '(//img[@alt='Mark all as read'])[2]'.

2021-05-11 19:33:06 - [MESSAGE][PASSED] - Object: 'Object Repository/Notifications/Notifications/Page_Dashboard/img_Notifications_icon' is clicked on

2021-05-11 19:33:06 - [TEST_STEP][PASSED] - delay(1): Delayed 1 second(s)

2021-05-11 19:33:07 - [MESSAGE][PASSED] - Delayed 1 second(s)

2021-05-11 19:33:07 - [TEST_STEP][PASSED] - closeBrowser(): Browser is closed

2021-05-11 19:33:08 - [MESSAGE][PASSED] - Browser is closed]]></system-out>
         <system-err><![CDATA[]]></system-err>
      </testcase>
      <testcase name="Test Cases/GuestLogIn" time="57.052" classname="Test Cases/GuestLogIn" status="PASSED">
         <system-out><![CDATA[2021-05-11 19:33:08 - [TEST_CASE][PASSED] - Test Cases/GuestLogIn: Test Cases/GuestLogIn

2021-05-11 19:33:09 - [TEST_STEP][PASSED] - openBrowser(""): Browser is opened with url: ''

2021-05-11 19:33:09 - [MESSAGE][INFO] - Starting 'Chrome' driver

2021-05-11 19:33:09 - [MESSAGE][INFO] - Action delay is set to 0 milliseconds

2021-05-11 19:33:10 - [MESSAGE][PASSED] - Browser is opened with url: ''

2021-05-11 19:33:10 - [TEST_STEP][PASSED] - navigateToUrl("https://sucourse.sabanciuniv.edu/plus/"): Navigate to 'https://sucourse.sabanciuniv.edu/plus/' successfully

2021-05-11 19:33:14 - [MESSAGE][PASSED] - Navigate to 'https://sucourse.sabanciuniv.edu/plus/' successfully

2021-05-11 19:33:14 - [TEST_STEP][PASSED] - delay(1): Delayed 1 second(s)

2021-05-11 19:33:15 - [MESSAGE][PASSED] - Delayed 1 second(s)

2021-05-11 19:33:15 - [TEST_STEP][PASSED] - click(findTestObject("Object Repository/GuestLogIn/Page_SUCourse/a_Login")): Object: 'Object Repository/GuestLogIn/Page_SUCourse/a_Login' is clicked on

2021-05-11 19:33:17 - [MESSAGE][PASSED] - Object: 'Object Repository/GuestLogIn/Page_SUCourse/a_Login' is clicked on

2021-05-11 19:33:17 - [TEST_STEP][PASSED] - delay(1): Delayed 1 second(s)

2021-05-11 19:33:18 - [MESSAGE][PASSED] - Delayed 1 second(s)

2021-05-11 19:33:18 - [TEST_STEP][PASSED] - click(findTestObject("Object Repository/GuestLogIn/Page_SUCourse Authentication choice/a_Guest users")): Object: 'Object Repository/GuestLogIn/Page_SUCourse Authentication choice/a_Guest users' is clicked on

2021-05-11 19:33:19 - [MESSAGE][PASSED] - Object: 'Object Repository/GuestLogIn/Page_SUCourse Authentication choice/a_Guest users' is clicked on

2021-05-11 19:33:19 - [TEST_STEP][PASSED] - delay(1): Delayed 1 second(s)

2021-05-11 19:33:20 - [MESSAGE][PASSED] - Delayed 1 second(s)

2021-05-11 19:33:20 - [TEST_STEP][PASSED] - click(findTestObject("Object Repository/GuestLogIn/Page_SUCourse Log in to the site/input")): Object: 'Object Repository/GuestLogIn/Page_SUCourse Log in to the site/input' is clicked on

2021-05-11 19:33:22 - [MESSAGE][PASSED] - Object: 'Object Repository/GuestLogIn/Page_SUCourse Log in to the site/input' is clicked on

2021-05-11 19:33:22 - [TEST_STEP][PASSED] - delay(1): Delayed 1 second(s)

2021-05-11 19:33:23 - [MESSAGE][PASSED] - Delayed 1 second(s)

2021-05-11 19:33:23 - [TEST_STEP][PASSED] - click(findTestObject("Object Repository/GuestLogIn/Page_SUCourse/button_invalidparameter_yui_3_17_2_1_162073_c0fa87")): Object: 'Object Repository/GuestLogIn/Page_SUCourse/button_invalidparameter_yui_3_17_2_1_162073_c0fa87' is clicked on

2021-05-11 19:33:55 - [MESSAGE][INFO] - Unable to find the element located by 'By.xpath: //button[@id='yui_3_17_2_1_1620738985659_195']'. Please recheck the objects properties to make sure the desired element is located. 

2021-05-11 19:33:55 - [MESSAGE][WARNING] - [SELF-HEALING] Failed to find element with id 'Object Repository/GuestLogIn/Page_SUCourse/button_invalidparameter_yui_3_17_2_1_162073_c0fa87'. Try using Self-healing.

2021-05-11 19:33:55 - [MESSAGE][INFO] - [SELF-HEALING] Failed Locator: '//button[@id='yui_3_17_2_1_1620738985659_195']'.

2021-05-11 19:33:55 - [MESSAGE][INFO] - [SELF-HEALING] Failed Locator: '//span[@id='yui_3_17_2_1_1620738985659_170']/button'.

2021-05-11 19:33:56 - [MESSAGE][INFO] - [SELF-HEALING] Working Locator: '//span/button'.

2021-05-11 19:33:56 - [MESSAGE][INFO] - [SELF-HEALING] Screenshot: C:/Users/moham/git/SuCourse_Katalon/Reports/Self-healing/Object Repository/GuestLogIn/Page_SUCourse/button_invalidparameter_yui_3_17_2_1_162073_c0fa87_position.png

2021-05-11 19:33:56 - [MESSAGE][WARNING] - [SELF-HEALING] The current locator of test object 'Object Repository/GuestLogIn/Page_SUCourse/button_invalidparameter_yui_3_17_2_1_162073_c0fa87' was broken. Propose an alternative one: '//span/button'.

2021-05-11 19:33:56 - [MESSAGE][PASSED] - Object: 'Object Repository/GuestLogIn/Page_SUCourse/button_invalidparameter_yui_3_17_2_1_162073_c0fa87' is clicked on

2021-05-11 19:33:56 - [TEST_STEP][PASSED] - delay(1): Delayed 1 second(s)

2021-05-11 19:33:57 - [MESSAGE][PASSED] - Delayed 1 second(s)

2021-05-11 19:33:57 - [TEST_STEP][PASSED] - click(findTestObject("Object Repository/GuestLogIn/Page_SUCourse/div_Login")): Object: 'Object Repository/GuestLogIn/Page_SUCourse/div_Login' is clicked on

2021-05-11 19:33:58 - [MESSAGE][PASSED] - Object: 'Object Repository/GuestLogIn/Page_SUCourse/div_Login' is clicked on

2021-05-11 19:33:58 - [TEST_STEP][PASSED] - delay(1): Delayed 1 second(s)

2021-05-11 19:33:59 - [MESSAGE][PASSED] - Delayed 1 second(s)

2021-05-11 19:33:59 - [TEST_STEP][PASSED] - click(findTestObject("Object Repository/GuestLogIn/Page_SUCourse/a_Login")): Object: 'Object Repository/GuestLogIn/Page_SUCourse/a_Login' is clicked on

2021-05-11 19:34:01 - [MESSAGE][PASSED] - Object: 'Object Repository/GuestLogIn/Page_SUCourse/a_Login' is clicked on

2021-05-11 19:34:01 - [TEST_STEP][PASSED] - delay(1): Delayed 1 second(s)

2021-05-11 19:34:02 - [MESSAGE][PASSED] - Delayed 1 second(s)

2021-05-11 19:34:02 - [TEST_STEP][PASSED] - click(findTestObject("Object Repository/GuestLogIn/Page_SUCourse Authentication choice/a_Guest users")): Object: 'Object Repository/GuestLogIn/Page_SUCourse Authentication choice/a_Guest users' is clicked on

2021-05-11 19:34:03 - [MESSAGE][PASSED] - Object: 'Object Repository/GuestLogIn/Page_SUCourse Authentication choice/a_Guest users' is clicked on

2021-05-11 19:34:03 - [TEST_STEP][PASSED] - delay(1): Delayed 1 second(s)

2021-05-11 19:34:04 - [MESSAGE][PASSED] - Delayed 1 second(s)

2021-05-11 19:34:04 - [TEST_STEP][PASSED] - closeBrowser(): Browser is closed

2021-05-11 19:34:05 - [MESSAGE][PASSED] - Browser is closed]]></system-out>
         <system-err><![CDATA[]]></system-err>
      </testcase>
      <testcase name="Test Cases/PressingOnNavigationTab" time="22.352" classname="Test Cases/PressingOnNavigationTab" status="FAILED">
         <failure type="FAILED" message="Test Cases/PressingOnNavigationTab FAILED.
Reason:
com.kms.katalon.core.exception.StepFailedException: Unable to click on object 'Object Repository/PressingOnNavigationTab/Page_Dashboard/p_Courses'
	at com.kms.katalon.core.webui.keyword.internal.WebUIKeywordMain.stepFailed(WebUIKeywordMain.groovy:64)
	at com.kms.katalon.core.webui.keyword.internal.WebUIKeywordMain.runKeyword(WebUIKeywordMain.groovy:26)
	at com.kms.katalon.core.webui.keyword.builtin.ClickKeyword.click(ClickKeyword.groovy:75)
	at com.kms.katalon.core.webui.keyword.builtin.ClickKeyword.execute(ClickKeyword.groovy:42)
	at com.kms.katalon.core.keyword.internal.KeywordExecutor.executeKeywordForPlatform(KeywordExecutor.groovy:73)
	at com.kms.katalon.core.webui.keyword.WebUiBuiltInKeywords.click(WebUiBuiltInKeywords.groovy:619)
	at com.kms.katalon.core.webui.keyword.WebUiBuiltInKeywords$click$1.call(Unknown Source)
	at PressingOnNavigationTab.run(PressingOnNavigationTab:52)
	at com.kms.katalon.core.main.ScriptEngine.run(ScriptEngine.java:194)
	at com.kms.katalon.core.main.ScriptEngine.runScriptAsRawText(ScriptEngine.java:119)
	at com.kms.katalon.core.main.TestCaseExecutor.runScript(TestCaseExecutor.java:398)
	at com.kms.katalon.core.main.TestCaseExecutor.doExecute(TestCaseExecutor.java:389)
	at com.kms.katalon.core.main.TestCaseExecutor.processExecutionPhase(TestCaseExecutor.java:368)
	at com.kms.katalon.core.main.TestCaseExecutor.accessMainPhase(TestCaseExecutor.java:360)
	at com.kms.katalon.core.main.TestCaseExecutor.execute(TestCaseExecutor.java:255)
	at com.kms.katalon.core.main.TestSuiteExecutor.accessTestCaseMainPhase(TestSuiteExecutor.java:203)
	at com.kms.katalon.core.main.TestSuiteExecutor.accessTestSuiteMainPhase(TestSuiteExecutor.java:152)
	at com.kms.katalon.core.main.TestSuiteExecutor.execute(TestSuiteExecutor.java:95)
	at com.kms.katalon.core.main.TestCaseMain.startTestSuite(TestCaseMain.java:157)
	at com.kms.katalon.core.main.TestCaseMain$startTestSuite$0.call(Unknown Source)
	at TempTestSuite1620750396797.run(TempTestSuite1620750396797.groovy:39)
Caused by: org.openqa.selenium.ElementNotInteractableException: element not interactable
  (Session info: chrome=90.0.4430.93)
Build info: version: '3.141.59', revision: 'e82be7d358', time: '2018-11-14T08:25:53'
System info: host: 'DESKTOP-21F1E8S', ip: '192.168.100.73', os.name: 'Windows 10', os.arch: 'amd64', os.version: '10.0', java.version: '1.8.0_181'
Driver info: com.kms.katalon.selenium.driver.CChromeDriver
Capabilities {acceptInsecureCerts: false, browserName: chrome, browserVersion: 90.0.4430.93, chrome: {chromedriverVersion: 90.0.4430.24 (4c6d850f087da..., userDataDir: C:\Users\moham\AppData\Loca...}, goog:chromeOptions: {debuggerAddress: localhost:33688}, javascriptEnabled: true, networkConnectionEnabled: false, pageLoadStrategy: normal, platform: WINDOWS, platformName: WINDOWS, proxy: Proxy(), setWindowRect: true, strictFileInteractability: false, timeouts: {implicit: 0, pageLoad: 300000, script: 30000}, unhandledPromptBehavior: dismiss and notify, webauthn:extension:largeBlob: true, webauthn:virtualAuthenticators: true}
Session ID: 9b9ba2a0bbff8ae078e2ebecbad954e1
	at org.openqa.selenium.remote.http.W3CHttpResponseCodec.createException(W3CHttpResponseCodec.java:187)
	at org.openqa.selenium.remote.http.W3CHttpResponseCodec.decode(W3CHttpResponseCodec.java:122)
	at org.openqa.selenium.remote.http.W3CHttpResponseCodec.decode(W3CHttpResponseCodec.java:49)
	at org.openqa.selenium.remote.HttpCommandExecutor.execute(HttpCommandExecutor.java:158)
	at org.openqa.selenium.remote.service.DriverCommandExecutor.execute(DriverCommandExecutor.java:83)
	at org.openqa.selenium.remote.RemoteWebDriver.execute(RemoteWebDriver.java:552)
	at com.kms.katalon.selenium.driver.CChromeDriver.execute(CChromeDriver.java:19)
	at org.openqa.selenium.remote.RemoteWebElement.execute(RemoteWebElement.java:285)
	at org.openqa.selenium.remote.RemoteWebElement.click(RemoteWebElement.java:84)
	at org.openqa.selenium.support.events.EventFiringWebDriver$EventFiringWebElement.lambda$new$0(EventFiringWebDriver.java:404)
	at com.sun.proxy.$Proxy11.click(Unknown Source)
	at org.openqa.selenium.support.events.EventFiringWebDriver$EventFiringWebElement.click(EventFiringWebDriver.java:417)
	at com.kms.katalon.core.webui.keyword.builtin.ClickKeyword$_click_closure1.doCall(ClickKeyword.groovy:68)
	at com.kms.katalon.core.webui.keyword.builtin.ClickKeyword$_click_closure1.call(ClickKeyword.groovy)
	at com.kms.katalon.core.webui.keyword.internal.WebUIKeywordMain.runKeyword(WebUIKeywordMain.groovy:20)
	... 19 more
"/>
         <system-out><![CDATA[2021-05-11 19:34:05 - [TEST_CASE][FAILED] - Test Cases/PressingOnNavigationTab: Test Cases/PressingOnNavigationTab FAILED.
Reason:
com.kms.katalon.core.exception.StepFailedException: Unable to click on object 'Object Repository/PressingOnNavigationTab/Page_Dashboard/p_Courses'
	at com.kms.katalon.core.webui.keyword.internal.WebUIKeywordMain.stepFailed(WebUIKeywordMain.groovy:64)
	at com.kms.katalon.core.webui.keyword.internal.WebUIKeywordMain.runKeyword(WebUIKeywordMain.groovy:26)
	at com.kms.katalon.core.webui.keyword.builtin.ClickKeyword.click(ClickKeyword.groovy:75)
	at com.kms.katalon.core.webui.keyword.builtin.ClickKeyword.execute(ClickKeyword.groovy:42)
	at com.kms.katalon.core.keyword.internal.KeywordExecutor.executeKeywordForPlatform(KeywordExecutor.groovy:73)
	at com.kms.katalon.core.webui.keyword.WebUiBuiltInKeywords.click(WebUiBuiltInKeywords.groovy:619)
	at com.kms.katalon.core.webui.keyword.WebUiBuiltInKeywords$click$1.call(Unknown Source)
	at PressingOnNavigationTab.run(PressingOnNavigationTab:52)
	at com.kms.katalon.core.main.ScriptEngine.run(ScriptEngine.java:194)
	at com.kms.katalon.core.main.ScriptEngine.runScriptAsRawText(ScriptEngine.java:119)
	at com.kms.katalon.core.main.TestCaseExecutor.runScript(TestCaseExecutor.java:398)
	at com.kms.katalon.core.main.TestCaseExecutor.doExecute(TestCaseExecutor.java:389)
	at com.kms.katalon.core.main.TestCaseExecutor.processExecutionPhase(TestCaseExecutor.java:368)
	at com.kms.katalon.core.main.TestCaseExecutor.accessMainPhase(TestCaseExecutor.java:360)
	at com.kms.katalon.core.main.TestCaseExecutor.execute(TestCaseExecutor.java:255)
	at com.kms.katalon.core.main.TestSuiteExecutor.accessTestCaseMainPhase(TestSuiteExecutor.java:203)
	at com.kms.katalon.core.main.TestSuiteExecutor.accessTestSuiteMainPhase(TestSuiteExecutor.java:152)
	at com.kms.katalon.core.main.TestSuiteExecutor.execute(TestSuiteExecutor.java:95)
	at com.kms.katalon.core.main.TestCaseMain.startTestSuite(TestCaseMain.java:157)
	at com.kms.katalon.core.main.TestCaseMain$startTestSuite$0.call(Unknown Source)
	at TempTestSuite1620750396797.run(TempTestSuite1620750396797.groovy:39)
Caused by: org.openqa.selenium.ElementNotInteractableException: element not interactable
  (Session info: chrome=90.0.4430.93)
Build info: version: '3.141.59', revision: 'e82be7d358', time: '2018-11-14T08:25:53'
System info: host: 'DESKTOP-21F1E8S', ip: '192.168.100.73', os.name: 'Windows 10', os.arch: 'amd64', os.version: '10.0', java.version: '1.8.0_181'
Driver info: com.kms.katalon.selenium.driver.CChromeDriver
Capabilities {acceptInsecureCerts: false, browserName: chrome, browserVersion: 90.0.4430.93, chrome: {chromedriverVersion: 90.0.4430.24 (4c6d850f087da..., userDataDir: C:\Users\moham\AppData\Loca...}, goog:chromeOptions: {debuggerAddress: localhost:33688}, javascriptEnabled: true, networkConnectionEnabled: false, pageLoadStrategy: normal, platform: WINDOWS, platformName: WINDOWS, proxy: Proxy(), setWindowRect: true, strictFileInteractability: false, timeouts: {implicit: 0, pageLoad: 300000, script: 30000}, unhandledPromptBehavior: dismiss and notify, webauthn:extension:largeBlob: true, webauthn:virtualAuthenticators: true}
Session ID: 9b9ba2a0bbff8ae078e2ebecbad954e1
	at org.openqa.selenium.remote.http.W3CHttpResponseCodec.createException(W3CHttpResponseCodec.java:187)
	at org.openqa.selenium.remote.http.W3CHttpResponseCodec.decode(W3CHttpResponseCodec.java:122)
	at org.openqa.selenium.remote.http.W3CHttpResponseCodec.decode(W3CHttpResponseCodec.java:49)
	at org.openqa.selenium.remote.HttpCommandExecutor.execute(HttpCommandExecutor.java:158)
	at org.openqa.selenium.remote.service.DriverCommandExecutor.execute(DriverCommandExecutor.java:83)
	at org.openqa.selenium.remote.RemoteWebDriver.execute(RemoteWebDriver.java:552)
	at com.kms.katalon.selenium.driver.CChromeDriver.execute(CChromeDriver.java:19)
	at org.openqa.selenium.remote.RemoteWebElement.execute(RemoteWebElement.java:285)
	at org.openqa.selenium.remote.RemoteWebElement.click(RemoteWebElement.java:84)
	at org.openqa.selenium.support.events.EventFiringWebDriver$EventFiringWebElement.lambda$new$0(EventFiringWebDriver.java:404)
	at com.sun.proxy.$Proxy11.click(Unknown Source)
	at org.openqa.selenium.support.events.EventFiringWebDriver$EventFiringWebElement.click(EventFiringWebDriver.java:417)
	at com.kms.katalon.core.webui.keyword.builtin.ClickKeyword$_click_closure1.doCall(ClickKeyword.groovy:68)
	at com.kms.katalon.core.webui.keyword.builtin.ClickKeyword$_click_closure1.call(ClickKeyword.groovy)
	at com.kms.katalon.core.webui.keyword.internal.WebUIKeywordMain.runKeyword(WebUIKeywordMain.groovy:20)
	... 19 more


2021-05-11 19:34:06 - [TEST_STEP][PASSED] - openBrowser(""): Browser is opened with url: ''

2021-05-11 19:34:06 - [MESSAGE][INFO] - Starting 'Chrome' driver

2021-05-11 19:34:06 - [MESSAGE][INFO] - Action delay is set to 0 milliseconds

2021-05-11 19:34:07 - [MESSAGE][PASSED] - Browser is opened with url: ''

2021-05-11 19:34:07 - [TEST_STEP][PASSED] - navigateToUrl("https://sucourse.sabanciuniv.edu/plus/"): Navigate to 'https://sucourse.sabanciuniv.edu/plus/' successfully

2021-05-11 19:34:11 - [MESSAGE][PASSED] - Navigate to 'https://sucourse.sabanciuniv.edu/plus/' successfully

2021-05-11 19:34:11 - [TEST_STEP][PASSED] - delay(1): Delayed 1 second(s)

2021-05-11 19:34:12 - [MESSAGE][PASSED] - Delayed 1 second(s)

2021-05-11 19:34:12 - [TEST_STEP][PASSED] - click(findTestObject("Object Repository/PressingOnNavigationTab/Page_SUCourse/a_Login")): Object: 'Object Repository/PressingOnNavigationTab/Page_SUCourse/a_Login' is clicked on

2021-05-11 19:34:13 - [MESSAGE][PASSED] - Object: 'Object Repository/PressingOnNavigationTab/Page_SUCourse/a_Login' is clicked on

2021-05-11 19:34:13 - [TEST_STEP][PASSED] - delay(1): Delayed 1 second(s)

2021-05-11 19:34:14 - [MESSAGE][PASSED] - Delayed 1 second(s)

2021-05-11 19:34:14 - [TEST_STEP][PASSED] - click(findTestObject("Object Repository/PressingOnNavigationTab/Page_SUCourse Authentication choice/a_SUNet users (Sabanc University members)")): Object: 'Object Repository/PressingOnNavigationTab/Page_SUCourse Authentication choice/a_SUNet users (Sabanc University members)' is clicked on

2021-05-11 19:34:17 - [MESSAGE][PASSED] - Object: 'Object Repository/PressingOnNavigationTab/Page_SUCourse Authentication choice/a_SUNet users (Sabanc University members)' is clicked on

2021-05-11 19:34:17 - [TEST_STEP][PASSED] - delay(1): Delayed 1 second(s)

2021-05-11 19:34:18 - [MESSAGE][PASSED] - Delayed 1 second(s)

2021-05-11 19:34:18 - [TEST_STEP][PASSED] - setText(findTestObject("Object Repository/PressingOnNavigationTab/Page_Login - CAS  Central Authentication Service/input_U_username"), "mohamedkassem"): Text 'mohamedkassem' is set on object 'Object Repository/PressingOnNavigationTab/Page_Login - CAS  Central Authentication Service/input_U_username'

2021-05-11 19:34:18 - [MESSAGE][PASSED] - Text 'mohamedkassem' is set on object 'Object Repository/PressingOnNavigationTab/Page_Login - CAS  Central Authentication Service/input_U_username'

2021-05-11 19:34:18 - [TEST_STEP][PASSED] - delay(1): Delayed 1 second(s)

2021-05-11 19:34:19 - [MESSAGE][PASSED] - Delayed 1 second(s)

2021-05-11 19:34:19 - [TEST_STEP][PASSED] - setEncryptedText(findTestObject("Object Repository/PressingOnNavigationTab/Page_Login - CAS  Central Authentication Service/input_P_password"), "lsh4UT/KYs157Zjg3xgr3w=="): Text ****** has been set on object 'Object Repository/PressingOnNavigationTab/Page_Login - CAS  Central Authentication Service/input_P_password'

2021-05-11 19:34:20 - [MESSAGE][PASSED] - Text ****** has been set on object 'Object Repository/PressingOnNavigationTab/Page_Login - CAS  Central Authentication Service/input_P_password'

2021-05-11 19:34:20 - [TEST_STEP][PASSED] - delay(1): Delayed 1 second(s)

2021-05-11 19:34:21 - [MESSAGE][PASSED] - Delayed 1 second(s)

2021-05-11 19:34:21 - [TEST_STEP][PASSED] - click(findTestObject("Object Repository/PressingOnNavigationTab/Page_Login - CAS  Central Authentication Service/input_Remember Me_submit")): Object: 'Object Repository/PressingOnNavigationTab/Page_Login - CAS  Central Authentication Service/input_Remember Me_submit' is clicked on

2021-05-11 19:34:24 - [MESSAGE][PASSED] - Object: 'Object Repository/PressingOnNavigationTab/Page_Login - CAS  Central Authentication Service/input_Remember Me_submit' is clicked on

2021-05-11 19:34:24 - [TEST_STEP][PASSED] - delay(1): Delayed 1 second(s)

2021-05-11 19:34:25 - [MESSAGE][PASSED] - Delayed 1 second(s)

2021-05-11 19:34:25 - [TEST_STEP][PASSED] - click(findTestObject("Object Repository/PressingOnNavigationTab/Page_Dashboard/div_Courses_sidebar-btn")): Object: 'Object Repository/PressingOnNavigationTab/Page_Dashboard/div_Courses_sidebar-btn' is clicked on

2021-05-11 19:34:26 - [MESSAGE][PASSED] - Object: 'Object Repository/PressingOnNavigationTab/Page_Dashboard/div_Courses_sidebar-btn' is clicked on

2021-05-11 19:34:26 - [TEST_STEP][PASSED] - delay(1): Delayed 1 second(s)

2021-05-11 19:34:27 - [MESSAGE][PASSED] - Delayed 1 second(s)

2021-05-11 19:34:27 - [TEST_STEP][FAILED] - click(findTestObject("Object Repository/PressingOnNavigationTab/Page_Dashboard/p_Courses")): Unable to click on object 'Object Repository/PressingOnNavigationTab/Page_Dashboard/p_Courses' (Root cause: com.kms.katalon.core.exception.StepFailedException: Unable to click on object 'Object Repository/PressingOnNavigationTab/Page_Dashboard/p_Courses'
	at com.kms.katalon.core.webui.keyword.internal.WebUIKeywordMain.stepFailed(WebUIKeywordMain.groovy:64)
	at com.kms.katalon.core.webui.keyword.internal.WebUIKeywordMain.runKeyword(WebUIKeywordMain.groovy:26)
	at com.kms.katalon.core.webui.keyword.builtin.ClickKeyword.click(ClickKeyword.groovy:75)
	at com.kms.katalon.core.webui.keyword.builtin.ClickKeyword.execute(ClickKeyword.groovy:42)
	at com.kms.katalon.core.keyword.internal.KeywordExecutor.executeKeywordForPlatform(KeywordExecutor.groovy:73)
	at com.kms.katalon.core.webui.keyword.WebUiBuiltInKeywords.click(WebUiBuiltInKeywords.groovy:619)
	at com.kms.katalon.core.webui.keyword.WebUiBuiltInKeywords$click$1.call(Unknown Source)
	at PressingOnNavigationTab.run(PressingOnNavigationTab:52)
	at com.kms.katalon.core.main.ScriptEngine.run(ScriptEngine.java:194)
	at com.kms.katalon.core.main.ScriptEngine.runScriptAsRawText(ScriptEngine.java:119)
	at com.kms.katalon.core.main.TestCaseExecutor.runScript(TestCaseExecutor.java:398)
	at com.kms.katalon.core.main.TestCaseExecutor.doExecute(TestCaseExecutor.java:389)
	at com.kms.katalon.core.main.TestCaseExecutor.processExecutionPhase(TestCaseExecutor.java:368)
	at com.kms.katalon.core.main.TestCaseExecutor.accessMainPhase(TestCaseExecutor.java:360)
	at com.kms.katalon.core.main.TestCaseExecutor.execute(TestCaseExecutor.java:255)
	at com.kms.katalon.core.main.TestSuiteExecutor.accessTestCaseMainPhase(TestSuiteExecutor.java:203)
	at com.kms.katalon.core.main.TestSuiteExecutor.accessTestSuiteMainPhase(TestSuiteExecutor.java:152)
	at com.kms.katalon.core.main.TestSuiteExecutor.execute(TestSuiteExecutor.java:95)
	at com.kms.katalon.core.main.TestCaseMain.startTestSuite(TestCaseMain.java:157)
	at com.kms.katalon.core.main.TestCaseMain$startTestSuite$0.call(Unknown Source)
	at TempTestSuite1620750396797.run(TempTestSuite1620750396797.groovy:39)
Caused by: org.openqa.selenium.ElementNotInteractableException: element not interactable
  (Session info: chrome=90.0.4430.93)
Build info: version: '3.141.59', revision: 'e82be7d358', time: '2018-11-14T08:25:53'
System info: host: 'DESKTOP-21F1E8S', ip: '192.168.100.73', os.name: 'Windows 10', os.arch: 'amd64', os.version: '10.0', java.version: '1.8.0_181'
Driver info: com.kms.katalon.selenium.driver.CChromeDriver
Capabilities {acceptInsecureCerts: false, browserName: chrome, browserVersion: 90.0.4430.93, chrome: {chromedriverVersion: 90.0.4430.24 (4c6d850f087da..., userDataDir: C:\Users\moham\AppData\Loca...}, goog:chromeOptions: {debuggerAddress: localhost:33688}, javascriptEnabled: true, networkConnectionEnabled: false, pageLoadStrategy: normal, platform: WINDOWS, platformName: WINDOWS, proxy: Proxy(), setWindowRect: true, strictFileInteractability: false, timeouts: {implicit: 0, pageLoad: 300000, script: 30000}, unhandledPromptBehavior: dismiss and notify, webauthn:extension:largeBlob: true, webauthn:virtualAuthenticators: true}
Session ID: 9b9ba2a0bbff8ae078e2ebecbad954e1
	at org.openqa.selenium.remote.http.W3CHttpResponseCodec.createException(W3CHttpResponseCodec.java:187)
	at org.openqa.selenium.remote.http.W3CHttpResponseCodec.decode(W3CHttpResponseCodec.java:122)
	at org.openqa.selenium.remote.http.W3CHttpResponseCodec.decode(W3CHttpResponseCodec.java:49)
	at org.openqa.selenium.remote.HttpCommandExecutor.execute(HttpCommandExecutor.java:158)
	at org.openqa.selenium.remote.service.DriverCommandExecutor.execute(DriverCommandExecutor.java:83)
	at org.openqa.selenium.remote.RemoteWebDriver.execute(RemoteWebDriver.java:552)
	at com.kms.katalon.selenium.driver.CChromeDriver.execute(CChromeDriver.java:19)
	at org.openqa.selenium.remote.RemoteWebElement.execute(RemoteWebElement.java:285)
	at org.openqa.selenium.remote.RemoteWebElement.click(RemoteWebElement.java:84)
	at org.openqa.selenium.support.events.EventFiringWebDriver$EventFiringWebElement.lambda$new$0(EventFiringWebDriver.java:404)
	at com.sun.proxy.$Proxy11.click(Unknown Source)
	at org.openqa.selenium.support.events.EventFiringWebDriver$EventFiringWebElement.click(EventFiringWebDriver.java:417)
	at com.kms.katalon.core.webui.keyword.builtin.ClickKeyword$_click_closure1.doCall(ClickKeyword.groovy:68)
	at com.kms.katalon.core.webui.keyword.builtin.ClickKeyword$_click_closure1.call(ClickKeyword.groovy)
	at com.kms.katalon.core.webui.keyword.internal.WebUIKeywordMain.runKeyword(WebUIKeywordMain.groovy:20)
	at com.kms.katalon.core.webui.keyword.builtin.ClickKeyword.click(ClickKeyword.groovy:75)
	at com.kms.katalon.core.webui.keyword.builtin.ClickKeyword.execute(ClickKeyword.groovy:42)
	at com.kms.katalon.core.keyword.internal.KeywordExecutor.executeKeywordForPlatform(KeywordExecutor.groovy:73)
	at com.kms.katalon.core.webui.keyword.WebUiBuiltInKeywords.click(WebUiBuiltInKeywords.groovy:619)
	at com.kms.katalon.core.webui.keyword.WebUiBuiltInKeywords$click$1.call(Unknown Source)
	at Script1620739610421.run(Script1620739610421.groovy:52)
	... 13 more
)

2021-05-11 19:34:27 - [MESSAGE][FAILED] - Unable to click on object 'Object Repository/PressingOnNavigationTab/Page_Dashboard/p_Courses' (Root cause: com.kms.katalon.core.exception.StepFailedException: Unable to click on object 'Object Repository/PressingOnNavigationTab/Page_Dashboard/p_Courses'
	at com.kms.katalon.core.webui.keyword.internal.WebUIKeywordMain.stepFailed(WebUIKeywordMain.groovy:64)
	at com.kms.katalon.core.webui.keyword.internal.WebUIKeywordMain.runKeyword(WebUIKeywordMain.groovy:26)
	at com.kms.katalon.core.webui.keyword.builtin.ClickKeyword.click(ClickKeyword.groovy:75)
	at com.kms.katalon.core.webui.keyword.builtin.ClickKeyword.execute(ClickKeyword.groovy:42)
	at com.kms.katalon.core.keyword.internal.KeywordExecutor.executeKeywordForPlatform(KeywordExecutor.groovy:73)
	at com.kms.katalon.core.webui.keyword.WebUiBuiltInKeywords.click(WebUiBuiltInKeywords.groovy:619)
	at com.kms.katalon.core.webui.keyword.WebUiBuiltInKeywords$click$1.call(Unknown Source)
	at PressingOnNavigationTab.run(PressingOnNavigationTab:52)
	at com.kms.katalon.core.main.ScriptEngine.run(ScriptEngine.java:194)
	at com.kms.katalon.core.main.ScriptEngine.runScriptAsRawText(ScriptEngine.java:119)
	at com.kms.katalon.core.main.TestCaseExecutor.runScript(TestCaseExecutor.java:398)
	at com.kms.katalon.core.main.TestCaseExecutor.doExecute(TestCaseExecutor.java:389)
	at com.kms.katalon.core.main.TestCaseExecutor.processExecutionPhase(TestCaseExecutor.java:368)
	at com.kms.katalon.core.main.TestCaseExecutor.accessMainPhase(TestCaseExecutor.java:360)
	at com.kms.katalon.core.main.TestCaseExecutor.execute(TestCaseExecutor.java:255)
	at com.kms.katalon.core.main.TestSuiteExecutor.accessTestCaseMainPhase(TestSuiteExecutor.java:203)
	at com.kms.katalon.core.main.TestSuiteExecutor.accessTestSuiteMainPhase(TestSuiteExecutor.java:152)
	at com.kms.katalon.core.main.TestSuiteExecutor.execute(TestSuiteExecutor.java:95)
	at com.kms.katalon.core.main.TestCaseMain.startTestSuite(TestCaseMain.java:157)
	at com.kms.katalon.core.main.TestCaseMain$startTestSuite$0.call(Unknown Source)
	at TempTestSuite1620750396797.run(TempTestSuite1620750396797.groovy:39)
Caused by: org.openqa.selenium.ElementNotInteractableException: element not interactable
  (Session info: chrome=90.0.4430.93)
Build info: version: '3.141.59', revision: 'e82be7d358', time: '2018-11-14T08:25:53'
System info: host: 'DESKTOP-21F1E8S', ip: '192.168.100.73', os.name: 'Windows 10', os.arch: 'amd64', os.version: '10.0', java.version: '1.8.0_181'
Driver info: com.kms.katalon.selenium.driver.CChromeDriver
Capabilities {acceptInsecureCerts: false, browserName: chrome, browserVersion: 90.0.4430.93, chrome: {chromedriverVersion: 90.0.4430.24 (4c6d850f087da..., userDataDir: C:\Users\moham\AppData\Loca...}, goog:chromeOptions: {debuggerAddress: localhost:33688}, javascriptEnabled: true, networkConnectionEnabled: false, pageLoadStrategy: normal, platform: WINDOWS, platformName: WINDOWS, proxy: Proxy(), setWindowRect: true, strictFileInteractability: false, timeouts: {implicit: 0, pageLoad: 300000, script: 30000}, unhandledPromptBehavior: dismiss and notify, webauthn:extension:largeBlob: true, webauthn:virtualAuthenticators: true}
Session ID: 9b9ba2a0bbff8ae078e2ebecbad954e1
	at org.openqa.selenium.remote.http.W3CHttpResponseCodec.createException(W3CHttpResponseCodec.java:187)
	at org.openqa.selenium.remote.http.W3CHttpResponseCodec.decode(W3CHttpResponseCodec.java:122)
	at org.openqa.selenium.remote.http.W3CHttpResponseCodec.decode(W3CHttpResponseCodec.java:49)
	at org.openqa.selenium.remote.HttpCommandExecutor.execute(HttpCommandExecutor.java:158)
	at org.openqa.selenium.remote.service.DriverCommandExecutor.execute(DriverCommandExecutor.java:83)
	at org.openqa.selenium.remote.RemoteWebDriver.execute(RemoteWebDriver.java:552)
	at com.kms.katalon.selenium.driver.CChromeDriver.execute(CChromeDriver.java:19)
	at org.openqa.selenium.remote.RemoteWebElement.execute(RemoteWebElement.java:285)
	at org.openqa.selenium.remote.RemoteWebElement.click(RemoteWebElement.java:84)
	at org.openqa.selenium.support.events.EventFiringWebDriver$EventFiringWebElement.lambda$new$0(EventFiringWebDriver.java:404)
	at com.sun.proxy.$Proxy11.click(Unknown Source)
	at org.openqa.selenium.support.events.EventFiringWebDriver$EventFiringWebElement.click(EventFiringWebDriver.java:417)
	at com.kms.katalon.core.webui.keyword.builtin.ClickKeyword$_click_closure1.doCall(ClickKeyword.groovy:68)
	at com.kms.katalon.core.webui.keyword.builtin.ClickKeyword$_click_closure1.call(ClickKeyword.groovy)
	at com.kms.katalon.core.webui.keyword.internal.WebUIKeywordMain.runKeyword(WebUIKeywordMain.groovy:20)
	at com.kms.katalon.core.webui.keyword.builtin.ClickKeyword.click(ClickKeyword.groovy:75)
	at com.kms.katalon.core.webui.keyword.builtin.ClickKeyword.execute(ClickKeyword.groovy:42)
	at com.kms.katalon.core.keyword.internal.KeywordExecutor.executeKeywordForPlatform(KeywordExecutor.groovy:73)
	at com.kms.katalon.core.webui.keyword.WebUiBuiltInKeywords.click(WebUiBuiltInKeywords.groovy:619)
	at com.kms.katalon.core.webui.keyword.WebUiBuiltInKeywords$click$1.call(Unknown Source)
	at Script1620739610421.run(Script1620739610421.groovy:52)
	... 13 more
)
[[ATTACHMENT|C:\\Users\\moham\\git\\SuCourse_Katalon\\Reports\\20210511_192636\\Navigation\\20210511_192636\\1620750867467.png]]]]></system-out>
         <system-err><![CDATA[2021-05-11 19:34:05 - [TEST_CASE][FAILED] - Test Cases/PressingOnNavigationTab: Test Cases/PressingOnNavigationTab FAILED.
Reason:
com.kms.katalon.core.exception.StepFailedException: Unable to click on object 'Object Repository/PressingOnNavigationTab/Page_Dashboard/p_Courses'
	at com.kms.katalon.core.webui.keyword.internal.WebUIKeywordMain.stepFailed(WebUIKeywordMain.groovy:64)
	at com.kms.katalon.core.webui.keyword.internal.WebUIKeywordMain.runKeyword(WebUIKeywordMain.groovy:26)
	at com.kms.katalon.core.webui.keyword.builtin.ClickKeyword.click(ClickKeyword.groovy:75)
	at com.kms.katalon.core.webui.keyword.builtin.ClickKeyword.execute(ClickKeyword.groovy:42)
	at com.kms.katalon.core.keyword.internal.KeywordExecutor.executeKeywordForPlatform(KeywordExecutor.groovy:73)
	at com.kms.katalon.core.webui.keyword.WebUiBuiltInKeywords.click(WebUiBuiltInKeywords.groovy:619)
	at com.kms.katalon.core.webui.keyword.WebUiBuiltInKeywords$click$1.call(Unknown Source)
	at PressingOnNavigationTab.run(PressingOnNavigationTab:52)
	at com.kms.katalon.core.main.ScriptEngine.run(ScriptEngine.java:194)
	at com.kms.katalon.core.main.ScriptEngine.runScriptAsRawText(ScriptEngine.java:119)
	at com.kms.katalon.core.main.TestCaseExecutor.runScript(TestCaseExecutor.java:398)
	at com.kms.katalon.core.main.TestCaseExecutor.doExecute(TestCaseExecutor.java:389)
	at com.kms.katalon.core.main.TestCaseExecutor.processExecutionPhase(TestCaseExecutor.java:368)
	at com.kms.katalon.core.main.TestCaseExecutor.accessMainPhase(TestCaseExecutor.java:360)
	at com.kms.katalon.core.main.TestCaseExecutor.execute(TestCaseExecutor.java:255)
	at com.kms.katalon.core.main.TestSuiteExecutor.accessTestCaseMainPhase(TestSuiteExecutor.java:203)
	at com.kms.katalon.core.main.TestSuiteExecutor.accessTestSuiteMainPhase(TestSuiteExecutor.java:152)
	at com.kms.katalon.core.main.TestSuiteExecutor.execute(TestSuiteExecutor.java:95)
	at com.kms.katalon.core.main.TestCaseMain.startTestSuite(TestCaseMain.java:157)
	at com.kms.katalon.core.main.TestCaseMain$startTestSuite$0.call(Unknown Source)
	at TempTestSuite1620750396797.run(TempTestSuite1620750396797.groovy:39)
Caused by: org.openqa.selenium.ElementNotInteractableException: element not interactable
  (Session info: chrome=90.0.4430.93)
Build info: version: '3.141.59', revision: 'e82be7d358', time: '2018-11-14T08:25:53'
System info: host: 'DESKTOP-21F1E8S', ip: '192.168.100.73', os.name: 'Windows 10', os.arch: 'amd64', os.version: '10.0', java.version: '1.8.0_181'
Driver info: com.kms.katalon.selenium.driver.CChromeDriver
Capabilities {acceptInsecureCerts: false, browserName: chrome, browserVersion: 90.0.4430.93, chrome: {chromedriverVersion: 90.0.4430.24 (4c6d850f087da..., userDataDir: C:\Users\moham\AppData\Loca...}, goog:chromeOptions: {debuggerAddress: localhost:33688}, javascriptEnabled: true, networkConnectionEnabled: false, pageLoadStrategy: normal, platform: WINDOWS, platformName: WINDOWS, proxy: Proxy(), setWindowRect: true, strictFileInteractability: false, timeouts: {implicit: 0, pageLoad: 300000, script: 30000}, unhandledPromptBehavior: dismiss and notify, webauthn:extension:largeBlob: true, webauthn:virtualAuthenticators: true}
Session ID: 9b9ba2a0bbff8ae078e2ebecbad954e1
	at org.openqa.selenium.remote.http.W3CHttpResponseCodec.createException(W3CHttpResponseCodec.java:187)
	at org.openqa.selenium.remote.http.W3CHttpResponseCodec.decode(W3CHttpResponseCodec.java:122)
	at org.openqa.selenium.remote.http.W3CHttpResponseCodec.decode(W3CHttpResponseCodec.java:49)
	at org.openqa.selenium.remote.HttpCommandExecutor.execute(HttpCommandExecutor.java:158)
	at org.openqa.selenium.remote.service.DriverCommandExecutor.execute(DriverCommandExecutor.java:83)
	at org.openqa.selenium.remote.RemoteWebDriver.execute(RemoteWebDriver.java:552)
	at com.kms.katalon.selenium.driver.CChromeDriver.execute(CChromeDriver.java:19)
	at org.openqa.selenium.remote.RemoteWebElement.execute(RemoteWebElement.java:285)
	at org.openqa.selenium.remote.RemoteWebElement.click(RemoteWebElement.java:84)
	at org.openqa.selenium.support.events.EventFiringWebDriver$EventFiringWebElement.lambda$new$0(EventFiringWebDriver.java:404)
	at com.sun.proxy.$Proxy11.click(Unknown Source)
	at org.openqa.selenium.support.events.EventFiringWebDriver$EventFiringWebElement.click(EventFiringWebDriver.java:417)
	at com.kms.katalon.core.webui.keyword.builtin.ClickKeyword$_click_closure1.doCall(ClickKeyword.groovy:68)
	at com.kms.katalon.core.webui.keyword.builtin.ClickKeyword$_click_closure1.call(ClickKeyword.groovy)
	at com.kms.katalon.core.webui.keyword.internal.WebUIKeywordMain.runKeyword(WebUIKeywordMain.groovy:20)
	... 19 more]]></system-err>
      </testcase>
      <testcase name="Test Cases/ELAEexamSigIn" time="17.714" classname="Test Cases/ELAEexamSigIn" status="PASSED">
         <system-out><![CDATA[2021-05-11 19:34:27 - [TEST_CASE][PASSED] - Test Cases/ELAEexamSigIn: Test Cases/ELAEexamSigIn

2021-05-11 19:34:28 - [TEST_STEP][PASSED] - openBrowser(""): Browser is opened with url: ''

2021-05-11 19:34:28 - [MESSAGE][WARNING] - A browser is already opened. Closing browser and opening a new one

2021-05-11 19:34:29 - [MESSAGE][INFO] - Starting 'Chrome' driver

2021-05-11 19:34:29 - [MESSAGE][INFO] - Action delay is set to 0 milliseconds

2021-05-11 19:34:31 - [MESSAGE][PASSED] - Browser is opened with url: ''

2021-05-11 19:34:31 - [TEST_STEP][PASSED] - navigateToUrl("https://sucourse.sabanciuniv.edu/plus/"): Navigate to 'https://sucourse.sabanciuniv.edu/plus/' successfully

2021-05-11 19:34:36 - [MESSAGE][PASSED] - Navigate to 'https://sucourse.sabanciuniv.edu/plus/' successfully

2021-05-11 19:34:36 - [TEST_STEP][PASSED] - delay(1): Delayed 1 second(s)

2021-05-11 19:34:37 - [MESSAGE][PASSED] - Delayed 1 second(s)

2021-05-11 19:34:37 - [TEST_STEP][PASSED] - click(findTestObject("Object Repository/ELAEexamSignIn/Page_SUCourse/a_Login")): Object: 'Object Repository/ELAEexamSignIn/Page_SUCourse/a_Login' is clicked on

2021-05-11 19:34:38 - [MESSAGE][PASSED] - Object: 'Object Repository/ELAEexamSignIn/Page_SUCourse/a_Login' is clicked on

2021-05-11 19:34:38 - [TEST_STEP][PASSED] - delay(1): Delayed 1 second(s)

2021-05-11 19:34:39 - [MESSAGE][PASSED] - Delayed 1 second(s)

2021-05-11 19:34:39 - [TEST_STEP][PASSED] - click(findTestObject("Object Repository/ELAEexamSignIn/Page_SUCourse Authentication choice/a_ELAE exam login")): Object: 'Object Repository/ELAEexamSignIn/Page_SUCourse Authentication choice/a_ELAE exam login' is clicked on

2021-05-11 19:34:40 - [MESSAGE][PASSED] - Object: 'Object Repository/ELAEexamSignIn/Page_SUCourse Authentication choice/a_ELAE exam login' is clicked on

2021-05-11 19:34:40 - [TEST_STEP][PASSED] - delay(1): Delayed 1 second(s)

2021-05-11 19:34:42 - [MESSAGE][PASSED] - Delayed 1 second(s)

2021-05-11 19:34:42 - [TEST_STEP][PASSED] - click(findTestObject("Object Repository/ELAEexamSignIn/Page_SUCourse Log in to the site/input_Username_username")): Object: 'Object Repository/ELAEexamSignIn/Page_SUCourse Log in to the site/input_Username_username' is clicked on

2021-05-11 19:34:42 - [MESSAGE][PASSED] - Object: 'Object Repository/ELAEexamSignIn/Page_SUCourse Log in to the site/input_Username_username' is clicked on

2021-05-11 19:34:42 - [TEST_STEP][PASSED] - delay(2): Delayed 2 second(s)

2021-05-11 19:34:44 - [MESSAGE][PASSED] - Delayed 2 second(s)

2021-05-11 19:34:44 - [TEST_STEP][PASSED] - closeBrowser(): Browser is closed

2021-05-11 19:34:45 - [MESSAGE][PASSED] - Browser is closed]]></system-out>
         <system-err><![CDATA[]]></system-err>
      </testcase>
      <testcase name="Test Cases/SabanciUniversityLogo(FromHomepage)" time="26.782" classname="Test Cases/SabanciUniversityLogo(FromHomepage)" status="PASSED">
         <system-out><![CDATA[2021-05-11 19:34:45 - [TEST_CASE][PASSED] - Test Cases/SabanciUniversityLogo(FromHomepage): Test Cases/SabanciUniversityLogo(FromHomepage)

2021-05-11 19:34:46 - [TEST_STEP][PASSED] - openBrowser(""): Browser is opened with url: ''

2021-05-11 19:34:46 - [MESSAGE][INFO] - Starting 'Chrome' driver

2021-05-11 19:34:46 - [MESSAGE][INFO] - Action delay is set to 0 milliseconds

2021-05-11 19:34:48 - [MESSAGE][PASSED] - Browser is opened with url: ''

2021-05-11 19:34:48 - [TEST_STEP][PASSED] - navigateToUrl("https://sucourse.sabanciuniv.edu/plus/"): Navigate to 'https://sucourse.sabanciuniv.edu/plus/' successfully

2021-05-11 19:34:52 - [MESSAGE][PASSED] - Navigate to 'https://sucourse.sabanciuniv.edu/plus/' successfully

2021-05-11 19:34:52 - [TEST_STEP][PASSED] - delay(1): Delayed 1 second(s)

2021-05-11 19:34:53 - [MESSAGE][PASSED] - Delayed 1 second(s)

2021-05-11 19:34:53 - [TEST_STEP][PASSED] - click(findTestObject("Object Repository/SabanciUniversityLogo(FromHomepage)/Page_SUCourse/a_Login")): Object: 'Object Repository/SabanciUniversityLogo(FromHomepage)/Page_SUCourse/a_Login' is clicked on

2021-05-11 19:34:54 - [MESSAGE][PASSED] - Object: 'Object Repository/SabanciUniversityLogo(FromHomepage)/Page_SUCourse/a_Login' is clicked on

2021-05-11 19:34:54 - [TEST_STEP][PASSED] - delay(1): Delayed 1 second(s)

2021-05-11 19:34:55 - [MESSAGE][PASSED] - Delayed 1 second(s)

2021-05-11 19:34:55 - [TEST_STEP][PASSED] - click(findTestObject("Object Repository/SabanciUniversityLogo(FromHomepage)/Page_SUCourse Authentication choice/a_SUNet users (Sabanc University members)")): Object: 'Object Repository/SabanciUniversityLogo(FromHomepage)/Page_SUCourse Authentication choice/a_SUNet users (Sabanc University members)' is clicked on

2021-05-11 19:34:57 - [MESSAGE][PASSED] - Object: 'Object Repository/SabanciUniversityLogo(FromHomepage)/Page_SUCourse Authentication choice/a_SUNet users (Sabanc University members)' is clicked on

2021-05-11 19:34:57 - [TEST_STEP][PASSED] - delay(1): Delayed 1 second(s)

2021-05-11 19:34:58 - [MESSAGE][PASSED] - Delayed 1 second(s)

2021-05-11 19:34:58 - [TEST_STEP][PASSED] - setText(findTestObject("Object Repository/SabanciUniversityLogo(FromHomepage)/Page_Login - CAS  Central Authentication Service/input_U_username"), "mohamedkassem"): Text 'mohamedkassem' is set on object 'Object Repository/SabanciUniversityLogo(FromHomepage)/Page_Login - CAS  Central Authentication Service/input_U_username'

2021-05-11 19:34:59 - [MESSAGE][PASSED] - Text 'mohamedkassem' is set on object 'Object Repository/SabanciUniversityLogo(FromHomepage)/Page_Login - CAS  Central Authentication Service/input_U_username'

2021-05-11 19:34:59 - [TEST_STEP][PASSED] - delay(1): Delayed 1 second(s)

2021-05-11 19:35:00 - [MESSAGE][PASSED] - Delayed 1 second(s)

2021-05-11 19:35:00 - [TEST_STEP][PASSED] - setEncryptedText(findTestObject("Object Repository/SabanciUniversityLogo(FromHomepage)/Page_Login - CAS  Central Authentication Service/input_P_password"), "lsh4UT/KYs157Zjg3xgr3w=="): Text ****** has been set on object 'Object Repository/SabanciUniversityLogo(FromHomepage)/Page_Login - CAS  Central Authentication Service/input_P_password'

2021-05-11 19:35:00 - [MESSAGE][PASSED] - Text ****** has been set on object 'Object Repository/SabanciUniversityLogo(FromHomepage)/Page_Login - CAS  Central Authentication Service/input_P_password'

2021-05-11 19:35:00 - [TEST_STEP][PASSED] - delay(1): Delayed 1 second(s)

2021-05-11 19:35:01 - [MESSAGE][PASSED] - Delayed 1 second(s)

2021-05-11 19:35:01 - [TEST_STEP][PASSED] - click(findTestObject("Object Repository/SabanciUniversityLogo(FromHomepage)/Page_Login - CAS  Central Authentication Service/input_Remember Me_submit")): Object: 'Object Repository/SabanciUniversityLogo(FromHomepage)/Page_Login - CAS  Central Authentication Service/input_Remember Me_submit' is clicked on

2021-05-11 19:35:04 - [MESSAGE][PASSED] - Object: 'Object Repository/SabanciUniversityLogo(FromHomepage)/Page_Login - CAS  Central Authentication Service/input_Remember Me_submit' is clicked on

2021-05-11 19:35:04 - [TEST_STEP][PASSED] - delay(1): Delayed 1 second(s)

2021-05-11 19:35:05 - [MESSAGE][PASSED] - Delayed 1 second(s)

2021-05-11 19:35:05 - [TEST_STEP][PASSED] - click(findTestObject("Object Repository/SabanciUniversityLogo(FromHomepage)/Page_Dashboard/div_Courses_sidebar-btn")): Object: 'Object Repository/SabanciUniversityLogo(FromHomepage)/Page_Dashboard/div_Courses_sidebar-btn' is clicked on

2021-05-11 19:35:06 - [MESSAGE][PASSED] - Object: 'Object Repository/SabanciUniversityLogo(FromHomepage)/Page_Dashboard/div_Courses_sidebar-btn' is clicked on

2021-05-11 19:35:06 - [TEST_STEP][PASSED] - delay(1): Delayed 1 second(s)

2021-05-11 19:35:07 - [MESSAGE][PASSED] - Delayed 1 second(s)

2021-05-11 19:35:07 - [TEST_STEP][PASSED] - click(findTestObject("Object Repository/SabanciUniversityLogo(FromHomepage)/Page_Dashboard/img_Courses_img-responsive")): Object: 'Object Repository/SabanciUniversityLogo(FromHomepage)/Page_Dashboard/img_Courses_img-responsive' is clicked on

2021-05-11 19:35:09 - [MESSAGE][PASSED] - Object: 'Object Repository/SabanciUniversityLogo(FromHomepage)/Page_Dashboard/img_Courses_img-responsive' is clicked on

2021-05-11 19:35:09 - [TEST_STEP][PASSED] - delay(2): Delayed 2 second(s)

2021-05-11 19:35:11 - [MESSAGE][PASSED] - Delayed 2 second(s)

2021-05-11 19:35:11 - [TEST_STEP][PASSED] - closeBrowser(): Browser is closed

2021-05-11 19:35:12 - [MESSAGE][PASSED] - Browser is closed]]></system-out>
         <system-err><![CDATA[]]></system-err>
      </testcase>
      <testcase name="Test Cases/SabanciUniversityLogo(FromCS439page)" time="28.017" classname="Test Cases/SabanciUniversityLogo(FromCS439page)" status="PASSED">
         <system-out><![CDATA[2021-05-11 19:35:12 - [TEST_CASE][PASSED] - Test Cases/SabanciUniversityLogo(FromCS439page): Test Cases/SabanciUniversityLogo(FromCS439page)

2021-05-11 19:35:12 - [TEST_STEP][PASSED] - openBrowser(""): Browser is opened with url: ''

2021-05-11 19:35:12 - [MESSAGE][INFO] - Starting 'Chrome' driver

2021-05-11 19:35:12 - [MESSAGE][INFO] - Action delay is set to 0 milliseconds

2021-05-11 19:35:15 - [MESSAGE][PASSED] - Browser is opened with url: ''

2021-05-11 19:35:15 - [TEST_STEP][PASSED] - navigateToUrl("https://sucourse.sabanciuniv.edu/plus/"): Navigate to 'https://sucourse.sabanciuniv.edu/plus/' successfully

2021-05-11 19:35:18 - [MESSAGE][PASSED] - Navigate to 'https://sucourse.sabanciuniv.edu/plus/' successfully

2021-05-11 19:35:18 - [TEST_STEP][PASSED] - delay(1): Delayed 1 second(s)

2021-05-11 19:35:19 - [MESSAGE][PASSED] - Delayed 1 second(s)

2021-05-11 19:35:19 - [TEST_STEP][PASSED] - click(findTestObject("Object Repository/SabanciUniversityLogo(FromCS439page)/Page_SUCourse/a_Login")): Object: 'Object Repository/SabanciUniversityLogo(FromCS439page)/Page_SUCourse/a_Login' is clicked on

2021-05-11 19:35:20 - [MESSAGE][PASSED] - Object: 'Object Repository/SabanciUniversityLogo(FromCS439page)/Page_SUCourse/a_Login' is clicked on

2021-05-11 19:35:20 - [TEST_STEP][PASSED] - delay(1): Delayed 1 second(s)

2021-05-11 19:35:21 - [MESSAGE][PASSED] - Delayed 1 second(s)

2021-05-11 19:35:21 - [TEST_STEP][PASSED] - click(findTestObject("Object Repository/SabanciUniversityLogo(FromCS439page)/Page_SUCourse Authentication choice/a_SUNet users (Sabanc University members)")): Object: 'Object Repository/SabanciUniversityLogo(FromCS439page)/Page_SUCourse Authentication choice/a_SUNet users (Sabanc University members)' is clicked on

2021-05-11 19:35:24 - [MESSAGE][PASSED] - Object: 'Object Repository/SabanciUniversityLogo(FromCS439page)/Page_SUCourse Authentication choice/a_SUNet users (Sabanc University members)' is clicked on

2021-05-11 19:35:24 - [TEST_STEP][PASSED] - delay(1): Delayed 1 second(s)

2021-05-11 19:35:25 - [MESSAGE][PASSED] - Delayed 1 second(s)

2021-05-11 19:35:25 - [TEST_STEP][PASSED] - setText(findTestObject("Object Repository/SabanciUniversityLogo(FromCS439page)/Page_Login - CAS  Central Authentication Service/input_U_username"), "mohamedkassem"): Text 'mohamedkassem' is set on object 'Object Repository/SabanciUniversityLogo(FromCS439page)/Page_Login - CAS  Central Authentication Service/input_U_username'

2021-05-11 19:35:26 - [MESSAGE][PASSED] - Text 'mohamedkassem' is set on object 'Object Repository/SabanciUniversityLogo(FromCS439page)/Page_Login - CAS  Central Authentication Service/input_U_username'

2021-05-11 19:35:26 - [TEST_STEP][PASSED] - delay(1): Delayed 1 second(s)

2021-05-11 19:35:27 - [MESSAGE][PASSED] - Delayed 1 second(s)

2021-05-11 19:35:27 - [TEST_STEP][PASSED] - setEncryptedText(findTestObject("Object Repository/SabanciUniversityLogo(FromCS439page)/Page_Login - CAS  Central Authentication Service/input_P_password"), "lsh4UT/KYs157Zjg3xgr3w=="): Text ****** has been set on object 'Object Repository/SabanciUniversityLogo(FromCS439page)/Page_Login - CAS  Central Authentication Service/input_P_password'

2021-05-11 19:35:27 - [MESSAGE][PASSED] - Text ****** has been set on object 'Object Repository/SabanciUniversityLogo(FromCS439page)/Page_Login - CAS  Central Authentication Service/input_P_password'

2021-05-11 19:35:27 - [TEST_STEP][PASSED] - delay(1): Delayed 1 second(s)

2021-05-11 19:35:28 - [MESSAGE][PASSED] - Delayed 1 second(s)

2021-05-11 19:35:28 - [TEST_STEP][PASSED] - click(findTestObject("Object Repository/SabanciUniversityLogo(FromCS439page)/Page_Login - CAS  Central Authentication Service/input_Remember Me_submit")): Object: 'Object Repository/SabanciUniversityLogo(FromCS439page)/Page_Login - CAS  Central Authentication Service/input_Remember Me_submit' is clicked on

2021-05-11 19:35:31 - [MESSAGE][PASSED] - Object: 'Object Repository/SabanciUniversityLogo(FromCS439page)/Page_Login - CAS  Central Authentication Service/input_Remember Me_submit' is clicked on

2021-05-11 19:35:31 - [TEST_STEP][PASSED] - delay(1): Delayed 1 second(s)

2021-05-11 19:35:32 - [MESSAGE][PASSED] - Delayed 1 second(s)

2021-05-11 19:35:32 - [TEST_STEP][PASSED] - click(findTestObject("Object Repository/SabanciUniversityLogo(FromCS439page)/Page_Dashboard/a_CS439-202002")): Object: 'Object Repository/SabanciUniversityLogo(FromCS439page)/Page_Dashboard/a_CS439-202002' is clicked on

2021-05-11 19:35:34 - [MESSAGE][PASSED] - Object: 'Object Repository/SabanciUniversityLogo(FromCS439page)/Page_Dashboard/a_CS439-202002' is clicked on

2021-05-11 19:35:34 - [TEST_STEP][PASSED] - delay(1): Delayed 1 second(s)

2021-05-11 19:35:35 - [MESSAGE][PASSED] - Delayed 1 second(s)

2021-05-11 19:35:35 - [TEST_STEP][PASSED] - click(findTestObject("Object Repository/SabanciUniversityLogo(FromCS439page)/Page_Course CS439-202002/img_Advanced search_img-responsive")): Object: 'Object Repository/SabanciUniversityLogo(FromCS439page)/Page_Course CS439-202002/img_Advanced search_img-responsive' is clicked on

2021-05-11 19:35:37 - [MESSAGE][PASSED] - Object: 'Object Repository/SabanciUniversityLogo(FromCS439page)/Page_Course CS439-202002/img_Advanced search_img-responsive' is clicked on

2021-05-11 19:35:37 - [TEST_STEP][PASSED] - delay(2): Delayed 2 second(s)

2021-05-11 19:35:39 - [MESSAGE][PASSED] - Delayed 2 second(s)

2021-05-11 19:35:39 - [TEST_STEP][PASSED] - closeBrowser(): Browser is closed

2021-05-11 19:35:40 - [MESSAGE][PASSED] - Browser is closed]]></system-out>
         <system-err><![CDATA[]]></system-err>
      </testcase>
      <testcase name="Test Cases/TimelineTab(Dashboard)" time="25.236" classname="Test Cases/TimelineTab(Dashboard)" status="PASSED">
         <system-out><![CDATA[2021-05-11 19:35:40 - [TEST_CASE][PASSED] - Test Cases/TimelineTab(Dashboard): Test Cases/TimelineTab(Dashboard)

2021-05-11 19:35:41 - [TEST_STEP][PASSED] - openBrowser(""): Browser is opened with url: ''

2021-05-11 19:35:41 - [MESSAGE][INFO] - Starting 'Chrome' driver

2021-05-11 19:35:41 - [MESSAGE][INFO] - Action delay is set to 0 milliseconds

2021-05-11 19:35:43 - [MESSAGE][PASSED] - Browser is opened with url: ''

2021-05-11 19:35:43 - [TEST_STEP][PASSED] - navigateToUrl("https://sucourse.sabanciuniv.edu/plus/"): Navigate to 'https://sucourse.sabanciuniv.edu/plus/' successfully

2021-05-11 19:35:46 - [MESSAGE][PASSED] - Navigate to 'https://sucourse.sabanciuniv.edu/plus/' successfully

2021-05-11 19:35:46 - [TEST_STEP][PASSED] - delay(1): Delayed 1 second(s)

2021-05-11 19:35:47 - [MESSAGE][PASSED] - Delayed 1 second(s)

2021-05-11 19:35:47 - [TEST_STEP][PASSED] - click(findTestObject("Object Repository/TimelineTab(Dashboard)/Page_SUCourse/a_Login")): Object: 'Object Repository/TimelineTab(Dashboard)/Page_SUCourse/a_Login' is clicked on

2021-05-11 19:35:48 - [MESSAGE][PASSED] - Object: 'Object Repository/TimelineTab(Dashboard)/Page_SUCourse/a_Login' is clicked on

2021-05-11 19:35:48 - [TEST_STEP][PASSED] - delay(1): Delayed 1 second(s)

2021-05-11 19:35:49 - [MESSAGE][PASSED] - Delayed 1 second(s)

2021-05-11 19:35:49 - [TEST_STEP][PASSED] - click(findTestObject("Object Repository/TimelineTab(Dashboard)/Page_SUCourse Authentication choice/a_SUNet users (Sabanc University members)")): Object: 'Object Repository/TimelineTab(Dashboard)/Page_SUCourse Authentication choice/a_SUNet users (Sabanc University members)' is clicked on

2021-05-11 19:35:52 - [MESSAGE][PASSED] - Object: 'Object Repository/TimelineTab(Dashboard)/Page_SUCourse Authentication choice/a_SUNet users (Sabanc University members)' is clicked on

2021-05-11 19:35:52 - [TEST_STEP][PASSED] - delay(1): Delayed 1 second(s)

2021-05-11 19:35:53 - [MESSAGE][PASSED] - Delayed 1 second(s)

2021-05-11 19:35:53 - [TEST_STEP][PASSED] - setText(findTestObject("Object Repository/TimelineTab(Dashboard)/Page_Login - CAS  Central Authentication Service/input_U_username"), "mohamedkassem"): Text 'mohamedkassem' is set on object 'Object Repository/TimelineTab(Dashboard)/Page_Login - CAS  Central Authentication Service/input_U_username'

2021-05-11 19:35:54 - [MESSAGE][PASSED] - Text 'mohamedkassem' is set on object 'Object Repository/TimelineTab(Dashboard)/Page_Login - CAS  Central Authentication Service/input_U_username'

2021-05-11 19:35:54 - [TEST_STEP][PASSED] - delay(1): Delayed 1 second(s)

2021-05-11 19:35:55 - [MESSAGE][PASSED] - Delayed 1 second(s)

2021-05-11 19:35:55 - [TEST_STEP][PASSED] - setEncryptedText(findTestObject("Object Repository/TimelineTab(Dashboard)/Page_Login - CAS  Central Authentication Service/input_P_password"), "lsh4UT/KYs157Zjg3xgr3w=="): Text ****** has been set on object 'Object Repository/TimelineTab(Dashboard)/Page_Login - CAS  Central Authentication Service/input_P_password'

2021-05-11 19:35:55 - [MESSAGE][PASSED] - Text ****** has been set on object 'Object Repository/TimelineTab(Dashboard)/Page_Login - CAS  Central Authentication Service/input_P_password'

2021-05-11 19:35:55 - [TEST_STEP][PASSED] - delay(1): Delayed 1 second(s)

2021-05-11 19:35:56 - [MESSAGE][PASSED] - Delayed 1 second(s)

2021-05-11 19:35:56 - [TEST_STEP][PASSED] - click(findTestObject("Object Repository/TimelineTab(Dashboard)/Page_Login - CAS  Central Authentication Service/input_P_rememberMe")): Object: 'Object Repository/TimelineTab(Dashboard)/Page_Login - CAS  Central Authentication Service/input_P_rememberMe' is clicked on

2021-05-11 19:35:57 - [MESSAGE][PASSED] - Object: 'Object Repository/TimelineTab(Dashboard)/Page_Login - CAS  Central Authentication Service/input_P_rememberMe' is clicked on

2021-05-11 19:35:57 - [TEST_STEP][PASSED] - delay(1): Delayed 1 second(s)

2021-05-11 19:35:58 - [MESSAGE][PASSED] - Delayed 1 second(s)

2021-05-11 19:35:58 - [TEST_STEP][PASSED] - click(findTestObject("Object Repository/TimelineTab(Dashboard)/Page_Login - CAS  Central Authentication Service/input_Remember Me_submit")): Object: 'Object Repository/TimelineTab(Dashboard)/Page_Login - CAS  Central Authentication Service/input_Remember Me_submit' is clicked on

2021-05-11 19:36:00 - [MESSAGE][PASSED] - Object: 'Object Repository/TimelineTab(Dashboard)/Page_Login - CAS  Central Authentication Service/input_Remember Me_submit' is clicked on

2021-05-11 19:36:00 - [TEST_STEP][PASSED] - delay(1): Delayed 1 second(s)

2021-05-11 19:36:01 - [MESSAGE][PASSED] - Delayed 1 second(s)

2021-05-11 19:36:01 - [TEST_STEP][PASSED] - click(findTestObject("Object Repository/TimelineTab(Dashboard)/Page_Dashboard/a_Timeline")): Object: 'Object Repository/TimelineTab(Dashboard)/Page_Dashboard/a_Timeline' is clicked on

2021-05-11 19:36:02 - [MESSAGE][PASSED] - Object: 'Object Repository/TimelineTab(Dashboard)/Page_Dashboard/a_Timeline' is clicked on

2021-05-11 19:36:02 - [TEST_STEP][PASSED] - delay(2): Delayed 2 second(s)

2021-05-11 19:36:04 - [MESSAGE][PASSED] - Delayed 2 second(s)

2021-05-11 19:36:04 - [TEST_STEP][PASSED] - closeBrowser(): Browser is closed

2021-05-11 19:36:05 - [MESSAGE][PASSED] - Browser is closed]]></system-out>
         <system-err><![CDATA[]]></system-err>
      </testcase>
      <testcase name="Test Cases/CS439announcments" time="21.249" classname="Test Cases/CS439announcments" status="FAILED">
         <failure type="FAILED" message="Test Cases/CS439announcments FAILED.
Reason:
com.kms.katalon.core.exception.StepFailedException: Unable to click on object 'Object Repository/CS439announcments/Page_Dashboard/a_CS439-202002'
	at com.kms.katalon.core.webui.keyword.internal.WebUIKeywordMain.stepFailed(WebUIKeywordMain.groovy:64)
	at com.kms.katalon.core.webui.keyword.internal.WebUIKeywordMain.runKeyword(WebUIKeywordMain.groovy:26)
	at com.kms.katalon.core.webui.keyword.builtin.ClickKeyword.click(ClickKeyword.groovy:75)
	at com.kms.katalon.core.webui.keyword.builtin.ClickKeyword.execute(ClickKeyword.groovy:42)
	at com.kms.katalon.core.keyword.internal.KeywordExecutor.executeKeywordForPlatform(KeywordExecutor.groovy:73)
	at com.kms.katalon.core.webui.keyword.WebUiBuiltInKeywords.click(WebUiBuiltInKeywords.groovy:619)
	at com.kms.katalon.core.webui.keyword.WebUiBuiltInKeywords$click$1.call(Unknown Source)
	at CS439announcments.run(CS439announcments:48)
	at com.kms.katalon.core.main.ScriptEngine.run(ScriptEngine.java:194)
	at com.kms.katalon.core.main.ScriptEngine.runScriptAsRawText(ScriptEngine.java:119)
	at com.kms.katalon.core.main.TestCaseExecutor.runScript(TestCaseExecutor.java:398)
	at com.kms.katalon.core.main.TestCaseExecutor.doExecute(TestCaseExecutor.java:389)
	at com.kms.katalon.core.main.TestCaseExecutor.processExecutionPhase(TestCaseExecutor.java:368)
	at com.kms.katalon.core.main.TestCaseExecutor.accessMainPhase(TestCaseExecutor.java:360)
	at com.kms.katalon.core.main.TestCaseExecutor.execute(TestCaseExecutor.java:255)
	at com.kms.katalon.core.main.TestSuiteExecutor.accessTestCaseMainPhase(TestSuiteExecutor.java:203)
	at com.kms.katalon.core.main.TestSuiteExecutor.accessTestSuiteMainPhase(TestSuiteExecutor.java:152)
	at com.kms.katalon.core.main.TestSuiteExecutor.execute(TestSuiteExecutor.java:95)
	at com.kms.katalon.core.main.TestCaseMain.startTestSuite(TestCaseMain.java:157)
	at com.kms.katalon.core.main.TestCaseMain$startTestSuite$0.call(Unknown Source)
	at TempTestSuite1620750396797.run(TempTestSuite1620750396797.groovy:39)
Caused by: org.openqa.selenium.ElementNotInteractableException: element not interactable
  (Session info: chrome=90.0.4430.93)
Build info: version: '3.141.59', revision: 'e82be7d358', time: '2018-11-14T08:25:53'
System info: host: 'DESKTOP-21F1E8S', ip: '192.168.100.73', os.name: 'Windows 10', os.arch: 'amd64', os.version: '10.0', java.version: '1.8.0_181'
Driver info: com.kms.katalon.selenium.driver.CChromeDriver
Capabilities {acceptInsecureCerts: false, browserName: chrome, browserVersion: 90.0.4430.93, chrome: {chromedriverVersion: 90.0.4430.24 (4c6d850f087da..., userDataDir: C:\Users\moham\AppData\Loca...}, goog:chromeOptions: {debuggerAddress: localhost:33999}, javascriptEnabled: true, networkConnectionEnabled: false, pageLoadStrategy: normal, platform: WINDOWS, platformName: WINDOWS, proxy: Proxy(), setWindowRect: true, strictFileInteractability: false, timeouts: {implicit: 0, pageLoad: 300000, script: 30000}, unhandledPromptBehavior: dismiss and notify, webauthn:extension:largeBlob: true, webauthn:virtualAuthenticators: true}
Session ID: c396477e38026b78f0f3df076c3476c6
	at org.openqa.selenium.remote.http.W3CHttpResponseCodec.createException(W3CHttpResponseCodec.java:187)
	at org.openqa.selenium.remote.http.W3CHttpResponseCodec.decode(W3CHttpResponseCodec.java:122)
	at org.openqa.selenium.remote.http.W3CHttpResponseCodec.decode(W3CHttpResponseCodec.java:49)
	at org.openqa.selenium.remote.HttpCommandExecutor.execute(HttpCommandExecutor.java:158)
	at org.openqa.selenium.remote.service.DriverCommandExecutor.execute(DriverCommandExecutor.java:83)
	at org.openqa.selenium.remote.RemoteWebDriver.execute(RemoteWebDriver.java:552)
	at com.kms.katalon.selenium.driver.CChromeDriver.execute(CChromeDriver.java:19)
	at org.openqa.selenium.remote.RemoteWebElement.execute(RemoteWebElement.java:285)
	at org.openqa.selenium.remote.RemoteWebElement.click(RemoteWebElement.java:84)
	at org.openqa.selenium.support.events.EventFiringWebDriver$EventFiringWebElement.lambda$new$0(EventFiringWebDriver.java:404)
	at com.sun.proxy.$Proxy11.click(Unknown Source)
	at org.openqa.selenium.support.events.EventFiringWebDriver$EventFiringWebElement.click(EventFiringWebDriver.java:417)
	at com.kms.katalon.core.webui.keyword.builtin.ClickKeyword$_click_closure1.doCall(ClickKeyword.groovy:68)
	at com.kms.katalon.core.webui.keyword.builtin.ClickKeyword$_click_closure1.call(ClickKeyword.groovy)
	at com.kms.katalon.core.webui.keyword.internal.WebUIKeywordMain.runKeyword(WebUIKeywordMain.groovy:20)
	... 19 more
"/>
         <system-out><![CDATA[2021-05-11 19:36:05 - [TEST_CASE][FAILED] - Test Cases/CS439announcments: Test Cases/CS439announcments FAILED.
Reason:
com.kms.katalon.core.exception.StepFailedException: Unable to click on object 'Object Repository/CS439announcments/Page_Dashboard/a_CS439-202002'
	at com.kms.katalon.core.webui.keyword.internal.WebUIKeywordMain.stepFailed(WebUIKeywordMain.groovy:64)
	at com.kms.katalon.core.webui.keyword.internal.WebUIKeywordMain.runKeyword(WebUIKeywordMain.groovy:26)
	at com.kms.katalon.core.webui.keyword.builtin.ClickKeyword.click(ClickKeyword.groovy:75)
	at com.kms.katalon.core.webui.keyword.builtin.ClickKeyword.execute(ClickKeyword.groovy:42)
	at com.kms.katalon.core.keyword.internal.KeywordExecutor.executeKeywordForPlatform(KeywordExecutor.groovy:73)
	at com.kms.katalon.core.webui.keyword.WebUiBuiltInKeywords.click(WebUiBuiltInKeywords.groovy:619)
	at com.kms.katalon.core.webui.keyword.WebUiBuiltInKeywords$click$1.call(Unknown Source)
	at CS439announcments.run(CS439announcments:48)
	at com.kms.katalon.core.main.ScriptEngine.run(ScriptEngine.java:194)
	at com.kms.katalon.core.main.ScriptEngine.runScriptAsRawText(ScriptEngine.java:119)
	at com.kms.katalon.core.main.TestCaseExecutor.runScript(TestCaseExecutor.java:398)
	at com.kms.katalon.core.main.TestCaseExecutor.doExecute(TestCaseExecutor.java:389)
	at com.kms.katalon.core.main.TestCaseExecutor.processExecutionPhase(TestCaseExecutor.java:368)
	at com.kms.katalon.core.main.TestCaseExecutor.accessMainPhase(TestCaseExecutor.java:360)
	at com.kms.katalon.core.main.TestCaseExecutor.execute(TestCaseExecutor.java:255)
	at com.kms.katalon.core.main.TestSuiteExecutor.accessTestCaseMainPhase(TestSuiteExecutor.java:203)
	at com.kms.katalon.core.main.TestSuiteExecutor.accessTestSuiteMainPhase(TestSuiteExecutor.java:152)
	at com.kms.katalon.core.main.TestSuiteExecutor.execute(TestSuiteExecutor.java:95)
	at com.kms.katalon.core.main.TestCaseMain.startTestSuite(TestCaseMain.java:157)
	at com.kms.katalon.core.main.TestCaseMain$startTestSuite$0.call(Unknown Source)
	at TempTestSuite1620750396797.run(TempTestSuite1620750396797.groovy:39)
Caused by: org.openqa.selenium.ElementNotInteractableException: element not interactable
  (Session info: chrome=90.0.4430.93)
Build info: version: '3.141.59', revision: 'e82be7d358', time: '2018-11-14T08:25:53'
System info: host: 'DESKTOP-21F1E8S', ip: '192.168.100.73', os.name: 'Windows 10', os.arch: 'amd64', os.version: '10.0', java.version: '1.8.0_181'
Driver info: com.kms.katalon.selenium.driver.CChromeDriver
Capabilities {acceptInsecureCerts: false, browserName: chrome, browserVersion: 90.0.4430.93, chrome: {chromedriverVersion: 90.0.4430.24 (4c6d850f087da..., userDataDir: C:\Users\moham\AppData\Loca...}, goog:chromeOptions: {debuggerAddress: localhost:33999}, javascriptEnabled: true, networkConnectionEnabled: false, pageLoadStrategy: normal, platform: WINDOWS, platformName: WINDOWS, proxy: Proxy(), setWindowRect: true, strictFileInteractability: false, timeouts: {implicit: 0, pageLoad: 300000, script: 30000}, unhandledPromptBehavior: dismiss and notify, webauthn:extension:largeBlob: true, webauthn:virtualAuthenticators: true}
Session ID: c396477e38026b78f0f3df076c3476c6
	at org.openqa.selenium.remote.http.W3CHttpResponseCodec.createException(W3CHttpResponseCodec.java:187)
	at org.openqa.selenium.remote.http.W3CHttpResponseCodec.decode(W3CHttpResponseCodec.java:122)
	at org.openqa.selenium.remote.http.W3CHttpResponseCodec.decode(W3CHttpResponseCodec.java:49)
	at org.openqa.selenium.remote.HttpCommandExecutor.execute(HttpCommandExecutor.java:158)
	at org.openqa.selenium.remote.service.DriverCommandExecutor.execute(DriverCommandExecutor.java:83)
	at org.openqa.selenium.remote.RemoteWebDriver.execute(RemoteWebDriver.java:552)
	at com.kms.katalon.selenium.driver.CChromeDriver.execute(CChromeDriver.java:19)
	at org.openqa.selenium.remote.RemoteWebElement.execute(RemoteWebElement.java:285)
	at org.openqa.selenium.remote.RemoteWebElement.click(RemoteWebElement.java:84)
	at org.openqa.selenium.support.events.EventFiringWebDriver$EventFiringWebElement.lambda$new$0(EventFiringWebDriver.java:404)
	at com.sun.proxy.$Proxy11.click(Unknown Source)
	at org.openqa.selenium.support.events.EventFiringWebDriver$EventFiringWebElement.click(EventFiringWebDriver.java:417)
	at com.kms.katalon.core.webui.keyword.builtin.ClickKeyword$_click_closure1.doCall(ClickKeyword.groovy:68)
	at com.kms.katalon.core.webui.keyword.builtin.ClickKeyword$_click_closure1.call(ClickKeyword.groovy)
	at com.kms.katalon.core.webui.keyword.internal.WebUIKeywordMain.runKeyword(WebUIKeywordMain.groovy:20)
	... 19 more


2021-05-11 19:36:06 - [TEST_STEP][PASSED] - openBrowser(""): Browser is opened with url: ''

2021-05-11 19:36:06 - [MESSAGE][INFO] - Starting 'Chrome' driver

2021-05-11 19:36:06 - [MESSAGE][INFO] - Action delay is set to 0 milliseconds

2021-05-11 19:36:08 - [MESSAGE][PASSED] - Browser is opened with url: ''

2021-05-11 19:36:08 - [TEST_STEP][PASSED] - navigateToUrl("https://sucourse.sabanciuniv.edu/plus/"): Navigate to 'https://sucourse.sabanciuniv.edu/plus/' successfully

2021-05-11 19:36:11 - [MESSAGE][PASSED] - Navigate to 'https://sucourse.sabanciuniv.edu/plus/' successfully

2021-05-11 19:36:11 - [TEST_STEP][PASSED] - delay(1): Delayed 1 second(s)

2021-05-11 19:36:12 - [MESSAGE][PASSED] - Delayed 1 second(s)

2021-05-11 19:36:12 - [TEST_STEP][PASSED] - click(findTestObject("Object Repository/CS439announcments/Page_SUCourse/a_Login")): Object: 'Object Repository/CS439announcments/Page_SUCourse/a_Login' is clicked on

2021-05-11 19:36:14 - [MESSAGE][PASSED] - Object: 'Object Repository/CS439announcments/Page_SUCourse/a_Login' is clicked on

2021-05-11 19:36:14 - [TEST_STEP][PASSED] - delay(1): Delayed 1 second(s)

2021-05-11 19:36:15 - [MESSAGE][PASSED] - Delayed 1 second(s)

2021-05-11 19:36:15 - [TEST_STEP][PASSED] - click(findTestObject("Object Repository/CS439announcments/Page_SUCourse Authentication choice/a_SUNet users (Sabanc University members)")): Object: 'Object Repository/CS439announcments/Page_SUCourse Authentication choice/a_SUNet users (Sabanc University members)' is clicked on

2021-05-11 19:36:17 - [MESSAGE][PASSED] - Object: 'Object Repository/CS439announcments/Page_SUCourse Authentication choice/a_SUNet users (Sabanc University members)' is clicked on

2021-05-11 19:36:17 - [TEST_STEP][PASSED] - delay(1): Delayed 1 second(s)

2021-05-11 19:36:18 - [MESSAGE][PASSED] - Delayed 1 second(s)

2021-05-11 19:36:18 - [TEST_STEP][PASSED] - setText(findTestObject("Object Repository/CS439announcments/Page_Login - CAS  Central Authentication Service/input_U_username"), "mohamedkassem"): Text 'mohamedkassem' is set on object 'Object Repository/CS439announcments/Page_Login - CAS  Central Authentication Service/input_U_username'

2021-05-11 19:36:19 - [MESSAGE][PASSED] - Text 'mohamedkassem' is set on object 'Object Repository/CS439announcments/Page_Login - CAS  Central Authentication Service/input_U_username'

2021-05-11 19:36:19 - [TEST_STEP][PASSED] - delay(1): Delayed 1 second(s)

2021-05-11 19:36:20 - [MESSAGE][PASSED] - Delayed 1 second(s)

2021-05-11 19:36:20 - [TEST_STEP][PASSED] - setEncryptedText(findTestObject("Object Repository/CS439announcments/Page_Login - CAS  Central Authentication Service/input_P_password"), "lsh4UT/KYs157Zjg3xgr3w=="): Text ****** has been set on object 'Object Repository/CS439announcments/Page_Login - CAS  Central Authentication Service/input_P_password'

2021-05-11 19:36:20 - [MESSAGE][PASSED] - Text ****** has been set on object 'Object Repository/CS439announcments/Page_Login - CAS  Central Authentication Service/input_P_password'

2021-05-11 19:36:20 - [TEST_STEP][PASSED] - delay(1): Delayed 1 second(s)

2021-05-11 19:36:21 - [MESSAGE][PASSED] - Delayed 1 second(s)

2021-05-11 19:36:21 - [TEST_STEP][PASSED] - click(findTestObject("Object Repository/CS439announcments/Page_Login - CAS  Central Authentication Service/input_Remember Me_submit")): Object: 'Object Repository/CS439announcments/Page_Login - CAS  Central Authentication Service/input_Remember Me_submit' is clicked on

2021-05-11 19:36:24 - [MESSAGE][PASSED] - Object: 'Object Repository/CS439announcments/Page_Login - CAS  Central Authentication Service/input_Remember Me_submit' is clicked on

2021-05-11 19:36:24 - [TEST_STEP][PASSED] - delay(1): Delayed 1 second(s)

2021-05-11 19:36:25 - [MESSAGE][PASSED] - Delayed 1 second(s)

2021-05-11 19:36:25 - [TEST_STEP][FAILED] - click(findTestObject("Object Repository/CS439announcments/Page_Dashboard/a_CS439-202002")): Unable to click on object 'Object Repository/CS439announcments/Page_Dashboard/a_CS439-202002' (Root cause: com.kms.katalon.core.exception.StepFailedException: Unable to click on object 'Object Repository/CS439announcments/Page_Dashboard/a_CS439-202002'
	at com.kms.katalon.core.webui.keyword.internal.WebUIKeywordMain.stepFailed(WebUIKeywordMain.groovy:64)
	at com.kms.katalon.core.webui.keyword.internal.WebUIKeywordMain.runKeyword(WebUIKeywordMain.groovy:26)
	at com.kms.katalon.core.webui.keyword.builtin.ClickKeyword.click(ClickKeyword.groovy:75)
	at com.kms.katalon.core.webui.keyword.builtin.ClickKeyword.execute(ClickKeyword.groovy:42)
	at com.kms.katalon.core.keyword.internal.KeywordExecutor.executeKeywordForPlatform(KeywordExecutor.groovy:73)
	at com.kms.katalon.core.webui.keyword.WebUiBuiltInKeywords.click(WebUiBuiltInKeywords.groovy:619)
	at com.kms.katalon.core.webui.keyword.WebUiBuiltInKeywords$click$1.call(Unknown Source)
	at CS439announcments.run(CS439announcments:48)
	at com.kms.katalon.core.main.ScriptEngine.run(ScriptEngine.java:194)
	at com.kms.katalon.core.main.ScriptEngine.runScriptAsRawText(ScriptEngine.java:119)
	at com.kms.katalon.core.main.TestCaseExecutor.runScript(TestCaseExecutor.java:398)
	at com.kms.katalon.core.main.TestCaseExecutor.doExecute(TestCaseExecutor.java:389)
	at com.kms.katalon.core.main.TestCaseExecutor.processExecutionPhase(TestCaseExecutor.java:368)
	at com.kms.katalon.core.main.TestCaseExecutor.accessMainPhase(TestCaseExecutor.java:360)
	at com.kms.katalon.core.main.TestCaseExecutor.execute(TestCaseExecutor.java:255)
	at com.kms.katalon.core.main.TestSuiteExecutor.accessTestCaseMainPhase(TestSuiteExecutor.java:203)
	at com.kms.katalon.core.main.TestSuiteExecutor.accessTestSuiteMainPhase(TestSuiteExecutor.java:152)
	at com.kms.katalon.core.main.TestSuiteExecutor.execute(TestSuiteExecutor.java:95)
	at com.kms.katalon.core.main.TestCaseMain.startTestSuite(TestCaseMain.java:157)
	at com.kms.katalon.core.main.TestCaseMain$startTestSuite$0.call(Unknown Source)
	at TempTestSuite1620750396797.run(TempTestSuite1620750396797.groovy:39)
Caused by: org.openqa.selenium.ElementNotInteractableException: element not interactable
  (Session info: chrome=90.0.4430.93)
Build info: version: '3.141.59', revision: 'e82be7d358', time: '2018-11-14T08:25:53'
System info: host: 'DESKTOP-21F1E8S', ip: '192.168.100.73', os.name: 'Windows 10', os.arch: 'amd64', os.version: '10.0', java.version: '1.8.0_181'
Driver info: com.kms.katalon.selenium.driver.CChromeDriver
Capabilities {acceptInsecureCerts: false, browserName: chrome, browserVersion: 90.0.4430.93, chrome: {chromedriverVersion: 90.0.4430.24 (4c6d850f087da..., userDataDir: C:\Users\moham\AppData\Loca...}, goog:chromeOptions: {debuggerAddress: localhost:33999}, javascriptEnabled: true, networkConnectionEnabled: false, pageLoadStrategy: normal, platform: WINDOWS, platformName: WINDOWS, proxy: Proxy(), setWindowRect: true, strictFileInteractability: false, timeouts: {implicit: 0, pageLoad: 300000, script: 30000}, unhandledPromptBehavior: dismiss and notify, webauthn:extension:largeBlob: true, webauthn:virtualAuthenticators: true}
Session ID: c396477e38026b78f0f3df076c3476c6
	at org.openqa.selenium.remote.http.W3CHttpResponseCodec.createException(W3CHttpResponseCodec.java:187)
	at org.openqa.selenium.remote.http.W3CHttpResponseCodec.decode(W3CHttpResponseCodec.java:122)
	at org.openqa.selenium.remote.http.W3CHttpResponseCodec.decode(W3CHttpResponseCodec.java:49)
	at org.openqa.selenium.remote.HttpCommandExecutor.execute(HttpCommandExecutor.java:158)
	at org.openqa.selenium.remote.service.DriverCommandExecutor.execute(DriverCommandExecutor.java:83)
	at org.openqa.selenium.remote.RemoteWebDriver.execute(RemoteWebDriver.java:552)
	at com.kms.katalon.selenium.driver.CChromeDriver.execute(CChromeDriver.java:19)
	at org.openqa.selenium.remote.RemoteWebElement.execute(RemoteWebElement.java:285)
	at org.openqa.selenium.remote.RemoteWebElement.click(RemoteWebElement.java:84)
	at org.openqa.selenium.support.events.EventFiringWebDriver$EventFiringWebElement.lambda$new$0(EventFiringWebDriver.java:404)
	at com.sun.proxy.$Proxy11.click(Unknown Source)
	at org.openqa.selenium.support.events.EventFiringWebDriver$EventFiringWebElement.click(EventFiringWebDriver.java:417)
	at com.kms.katalon.core.webui.keyword.builtin.ClickKeyword$_click_closure1.doCall(ClickKeyword.groovy:68)
	at com.kms.katalon.core.webui.keyword.builtin.ClickKeyword$_click_closure1.call(ClickKeyword.groovy)
	at com.kms.katalon.core.webui.keyword.internal.WebUIKeywordMain.runKeyword(WebUIKeywordMain.groovy:20)
	at com.kms.katalon.core.webui.keyword.builtin.ClickKeyword.click(ClickKeyword.groovy:75)
	at com.kms.katalon.core.webui.keyword.builtin.ClickKeyword.execute(ClickKeyword.groovy:42)
	at com.kms.katalon.core.keyword.internal.KeywordExecutor.executeKeywordForPlatform(KeywordExecutor.groovy:73)
	at com.kms.katalon.core.webui.keyword.WebUiBuiltInKeywords.click(WebUiBuiltInKeywords.groovy:619)
	at com.kms.katalon.core.webui.keyword.WebUiBuiltInKeywords$click$1.call(Unknown Source)
	at Script1620748117310.run(Script1620748117310.groovy:48)
	... 13 more
)

2021-05-11 19:36:26 - [MESSAGE][FAILED] - Unable to click on object 'Object Repository/CS439announcments/Page_Dashboard/a_CS439-202002' (Root cause: com.kms.katalon.core.exception.StepFailedException: Unable to click on object 'Object Repository/CS439announcments/Page_Dashboard/a_CS439-202002'
	at com.kms.katalon.core.webui.keyword.internal.WebUIKeywordMain.stepFailed(WebUIKeywordMain.groovy:64)
	at com.kms.katalon.core.webui.keyword.internal.WebUIKeywordMain.runKeyword(WebUIKeywordMain.groovy:26)
	at com.kms.katalon.core.webui.keyword.builtin.ClickKeyword.click(ClickKeyword.groovy:75)
	at com.kms.katalon.core.webui.keyword.builtin.ClickKeyword.execute(ClickKeyword.groovy:42)
	at com.kms.katalon.core.keyword.internal.KeywordExecutor.executeKeywordForPlatform(KeywordExecutor.groovy:73)
	at com.kms.katalon.core.webui.keyword.WebUiBuiltInKeywords.click(WebUiBuiltInKeywords.groovy:619)
	at com.kms.katalon.core.webui.keyword.WebUiBuiltInKeywords$click$1.call(Unknown Source)
	at CS439announcments.run(CS439announcments:48)
	at com.kms.katalon.core.main.ScriptEngine.run(ScriptEngine.java:194)
	at com.kms.katalon.core.main.ScriptEngine.runScriptAsRawText(ScriptEngine.java:119)
	at com.kms.katalon.core.main.TestCaseExecutor.runScript(TestCaseExecutor.java:398)
	at com.kms.katalon.core.main.TestCaseExecutor.doExecute(TestCaseExecutor.java:389)
	at com.kms.katalon.core.main.TestCaseExecutor.processExecutionPhase(TestCaseExecutor.java:368)
	at com.kms.katalon.core.main.TestCaseExecutor.accessMainPhase(TestCaseExecutor.java:360)
	at com.kms.katalon.core.main.TestCaseExecutor.execute(TestCaseExecutor.java:255)
	at com.kms.katalon.core.main.TestSuiteExecutor.accessTestCaseMainPhase(TestSuiteExecutor.java:203)
	at com.kms.katalon.core.main.TestSuiteExecutor.accessTestSuiteMainPhase(TestSuiteExecutor.java:152)
	at com.kms.katalon.core.main.TestSuiteExecutor.execute(TestSuiteExecutor.java:95)
	at com.kms.katalon.core.main.TestCaseMain.startTestSuite(TestCaseMain.java:157)
	at com.kms.katalon.core.main.TestCaseMain$startTestSuite$0.call(Unknown Source)
	at TempTestSuite1620750396797.run(TempTestSuite1620750396797.groovy:39)
Caused by: org.openqa.selenium.ElementNotInteractableException: element not interactable
  (Session info: chrome=90.0.4430.93)
Build info: version: '3.141.59', revision: 'e82be7d358', time: '2018-11-14T08:25:53'
System info: host: 'DESKTOP-21F1E8S', ip: '192.168.100.73', os.name: 'Windows 10', os.arch: 'amd64', os.version: '10.0', java.version: '1.8.0_181'
Driver info: com.kms.katalon.selenium.driver.CChromeDriver
Capabilities {acceptInsecureCerts: false, browserName: chrome, browserVersion: 90.0.4430.93, chrome: {chromedriverVersion: 90.0.4430.24 (4c6d850f087da..., userDataDir: C:\Users\moham\AppData\Loca...}, goog:chromeOptions: {debuggerAddress: localhost:33999}, javascriptEnabled: true, networkConnectionEnabled: false, pageLoadStrategy: normal, platform: WINDOWS, platformName: WINDOWS, proxy: Proxy(), setWindowRect: true, strictFileInteractability: false, timeouts: {implicit: 0, pageLoad: 300000, script: 30000}, unhandledPromptBehavior: dismiss and notify, webauthn:extension:largeBlob: true, webauthn:virtualAuthenticators: true}
Session ID: c396477e38026b78f0f3df076c3476c6
	at org.openqa.selenium.remote.http.W3CHttpResponseCodec.createException(W3CHttpResponseCodec.java:187)
	at org.openqa.selenium.remote.http.W3CHttpResponseCodec.decode(W3CHttpResponseCodec.java:122)
	at org.openqa.selenium.remote.http.W3CHttpResponseCodec.decode(W3CHttpResponseCodec.java:49)
	at org.openqa.selenium.remote.HttpCommandExecutor.execute(HttpCommandExecutor.java:158)
	at org.openqa.selenium.remote.service.DriverCommandExecutor.execute(DriverCommandExecutor.java:83)
	at org.openqa.selenium.remote.RemoteWebDriver.execute(RemoteWebDriver.java:552)
	at com.kms.katalon.selenium.driver.CChromeDriver.execute(CChromeDriver.java:19)
	at org.openqa.selenium.remote.RemoteWebElement.execute(RemoteWebElement.java:285)
	at org.openqa.selenium.remote.RemoteWebElement.click(RemoteWebElement.java:84)
	at org.openqa.selenium.support.events.EventFiringWebDriver$EventFiringWebElement.lambda$new$0(EventFiringWebDriver.java:404)
	at com.sun.proxy.$Proxy11.click(Unknown Source)
	at org.openqa.selenium.support.events.EventFiringWebDriver$EventFiringWebElement.click(EventFiringWebDriver.java:417)
	at com.kms.katalon.core.webui.keyword.builtin.ClickKeyword$_click_closure1.doCall(ClickKeyword.groovy:68)
	at com.kms.katalon.core.webui.keyword.builtin.ClickKeyword$_click_closure1.call(ClickKeyword.groovy)
	at com.kms.katalon.core.webui.keyword.internal.WebUIKeywordMain.runKeyword(WebUIKeywordMain.groovy:20)
	at com.kms.katalon.core.webui.keyword.builtin.ClickKeyword.click(ClickKeyword.groovy:75)
	at com.kms.katalon.core.webui.keyword.builtin.ClickKeyword.execute(ClickKeyword.groovy:42)
	at com.kms.katalon.core.keyword.internal.KeywordExecutor.executeKeywordForPlatform(KeywordExecutor.groovy:73)
	at com.kms.katalon.core.webui.keyword.WebUiBuiltInKeywords.click(WebUiBuiltInKeywords.groovy:619)
	at com.kms.katalon.core.webui.keyword.WebUiBuiltInKeywords$click$1.call(Unknown Source)
	at Script1620748117310.run(Script1620748117310.groovy:48)
	... 13 more
)
[[ATTACHMENT|C:\\Users\\moham\\git\\SuCourse_Katalon\\Reports\\20210511_192636\\Navigation\\20210511_192636\\1620750986447.png]]]]></system-out>
         <system-err><![CDATA[2021-05-11 19:36:05 - [TEST_CASE][FAILED] - Test Cases/CS439announcments: Test Cases/CS439announcments FAILED.
Reason:
com.kms.katalon.core.exception.StepFailedException: Unable to click on object 'Object Repository/CS439announcments/Page_Dashboard/a_CS439-202002'
	at com.kms.katalon.core.webui.keyword.internal.WebUIKeywordMain.stepFailed(WebUIKeywordMain.groovy:64)
	at com.kms.katalon.core.webui.keyword.internal.WebUIKeywordMain.runKeyword(WebUIKeywordMain.groovy:26)
	at com.kms.katalon.core.webui.keyword.builtin.ClickKeyword.click(ClickKeyword.groovy:75)
	at com.kms.katalon.core.webui.keyword.builtin.ClickKeyword.execute(ClickKeyword.groovy:42)
	at com.kms.katalon.core.keyword.internal.KeywordExecutor.executeKeywordForPlatform(KeywordExecutor.groovy:73)
	at com.kms.katalon.core.webui.keyword.WebUiBuiltInKeywords.click(WebUiBuiltInKeywords.groovy:619)
	at com.kms.katalon.core.webui.keyword.WebUiBuiltInKeywords$click$1.call(Unknown Source)
	at CS439announcments.run(CS439announcments:48)
	at com.kms.katalon.core.main.ScriptEngine.run(ScriptEngine.java:194)
	at com.kms.katalon.core.main.ScriptEngine.runScriptAsRawText(ScriptEngine.java:119)
	at com.kms.katalon.core.main.TestCaseExecutor.runScript(TestCaseExecutor.java:398)
	at com.kms.katalon.core.main.TestCaseExecutor.doExecute(TestCaseExecutor.java:389)
	at com.kms.katalon.core.main.TestCaseExecutor.processExecutionPhase(TestCaseExecutor.java:368)
	at com.kms.katalon.core.main.TestCaseExecutor.accessMainPhase(TestCaseExecutor.java:360)
	at com.kms.katalon.core.main.TestCaseExecutor.execute(TestCaseExecutor.java:255)
	at com.kms.katalon.core.main.TestSuiteExecutor.accessTestCaseMainPhase(TestSuiteExecutor.java:203)
	at com.kms.katalon.core.main.TestSuiteExecutor.accessTestSuiteMainPhase(TestSuiteExecutor.java:152)
	at com.kms.katalon.core.main.TestSuiteExecutor.execute(TestSuiteExecutor.java:95)
	at com.kms.katalon.core.main.TestCaseMain.startTestSuite(TestCaseMain.java:157)
	at com.kms.katalon.core.main.TestCaseMain$startTestSuite$0.call(Unknown Source)
	at TempTestSuite1620750396797.run(TempTestSuite1620750396797.groovy:39)
Caused by: org.openqa.selenium.ElementNotInteractableException: element not interactable
  (Session info: chrome=90.0.4430.93)
Build info: version: '3.141.59', revision: 'e82be7d358', time: '2018-11-14T08:25:53'
System info: host: 'DESKTOP-21F1E8S', ip: '192.168.100.73', os.name: 'Windows 10', os.arch: 'amd64', os.version: '10.0', java.version: '1.8.0_181'
Driver info: com.kms.katalon.selenium.driver.CChromeDriver
Capabilities {acceptInsecureCerts: false, browserName: chrome, browserVersion: 90.0.4430.93, chrome: {chromedriverVersion: 90.0.4430.24 (4c6d850f087da..., userDataDir: C:\Users\moham\AppData\Loca...}, goog:chromeOptions: {debuggerAddress: localhost:33999}, javascriptEnabled: true, networkConnectionEnabled: false, pageLoadStrategy: normal, platform: WINDOWS, platformName: WINDOWS, proxy: Proxy(), setWindowRect: true, strictFileInteractability: false, timeouts: {implicit: 0, pageLoad: 300000, script: 30000}, unhandledPromptBehavior: dismiss and notify, webauthn:extension:largeBlob: true, webauthn:virtualAuthenticators: true}
Session ID: c396477e38026b78f0f3df076c3476c6
	at org.openqa.selenium.remote.http.W3CHttpResponseCodec.createException(W3CHttpResponseCodec.java:187)
	at org.openqa.selenium.remote.http.W3CHttpResponseCodec.decode(W3CHttpResponseCodec.java:122)
	at org.openqa.selenium.remote.http.W3CHttpResponseCodec.decode(W3CHttpResponseCodec.java:49)
	at org.openqa.selenium.remote.HttpCommandExecutor.execute(HttpCommandExecutor.java:158)
	at org.openqa.selenium.remote.service.DriverCommandExecutor.execute(DriverCommandExecutor.java:83)
	at org.openqa.selenium.remote.RemoteWebDriver.execute(RemoteWebDriver.java:552)
	at com.kms.katalon.selenium.driver.CChromeDriver.execute(CChromeDriver.java:19)
	at org.openqa.selenium.remote.RemoteWebElement.execute(RemoteWebElement.java:285)
	at org.openqa.selenium.remote.RemoteWebElement.click(RemoteWebElement.java:84)
	at org.openqa.selenium.support.events.EventFiringWebDriver$EventFiringWebElement.lambda$new$0(EventFiringWebDriver.java:404)
	at com.sun.proxy.$Proxy11.click(Unknown Source)
	at org.openqa.selenium.support.events.EventFiringWebDriver$EventFiringWebElement.click(EventFiringWebDriver.java:417)
	at com.kms.katalon.core.webui.keyword.builtin.ClickKeyword$_click_closure1.doCall(ClickKeyword.groovy:68)
	at com.kms.katalon.core.webui.keyword.builtin.ClickKeyword$_click_closure1.call(ClickKeyword.groovy)
	at com.kms.katalon.core.webui.keyword.internal.WebUIKeywordMain.runKeyword(WebUIKeywordMain.groovy:20)
	... 19 more]]></system-err>
      </testcase>
      <system-out><![CDATA[2021-05-11 19:26:42 - [TEST_SUITE][FAILED] - Navigation: Test Cases/MyCourses(CS439) FAILED.
Reason:
com.kms.katalon.core.exception.StepFailedException: Unable to click on object 'Object Repository/MyCourses(CS439)/Page_Dashboard/a_CS439-202002'
	at com.kms.katalon.core.webui.keyword.internal.WebUIKeywordMain.stepFailed(WebUIKeywordMain.groovy:64)
	at com.kms.katalon.core.webui.keyword.internal.WebUIKeywordMain.runKeyword(WebUIKeywordMain.groovy:26)
	at com.kms.katalon.core.webui.keyword.builtin.ClickKeyword.click(ClickKeyword.groovy:75)
	at com.kms.katalon.core.webui.keyword.builtin.ClickKeyword.execute(ClickKeyword.groovy:42)
	at com.kms.katalon.core.keyword.internal.KeywordExecutor.executeKeywordForPlatform(KeywordExecutor.groovy:73)
	at com.kms.katalon.core.webui.keyword.WebUiBuiltInKeywords.click(WebUiBuiltInKeywords.groovy:619)
	at com.kms.katalon.core.webui.keyword.WebUiBuiltInKeywords$click$1.call(Unknown Source)
	at MyCourses(CS439).run(MyCourses(CS439):48)
	at com.kms.katalon.core.main.ScriptEngine.run(ScriptEngine.java:194)
	at com.kms.katalon.core.main.ScriptEngine.runScriptAsRawText(ScriptEngine.java:119)
	at com.kms.katalon.core.main.TestCaseExecutor.runScript(TestCaseExecutor.java:398)
	at com.kms.katalon.core.main.TestCaseExecutor.doExecute(TestCaseExecutor.java:389)
	at com.kms.katalon.core.main.TestCaseExecutor.processExecutionPhase(TestCaseExecutor.java:368)
	at com.kms.katalon.core.main.TestCaseExecutor.accessMainPhase(TestCaseExecutor.java:360)
	at com.kms.katalon.core.main.TestCaseExecutor.execute(TestCaseExecutor.java:255)
	at com.kms.katalon.core.main.TestSuiteExecutor.accessTestCaseMainPhase(TestSuiteExecutor.java:203)
	at com.kms.katalon.core.main.TestSuiteExecutor.accessTestSuiteMainPhase(TestSuiteExecutor.java:152)
	at com.kms.katalon.core.main.TestSuiteExecutor.execute(TestSuiteExecutor.java:95)
	at com.kms.katalon.core.main.TestCaseMain.startTestSuite(TestCaseMain.java:157)
	at com.kms.katalon.core.main.TestCaseMain$startTestSuite$0.call(Unknown Source)
	at TempTestSuite1620750396797.run(TempTestSuite1620750396797.groovy:39)
Caused by: org.openqa.selenium.ElementNotInteractableException: element not interactable
  (Session info: chrome=90.0.4430.93)
Build info: version: '3.141.59', revision: 'e82be7d358', time: '2018-11-14T08:25:53'
System info: host: 'DESKTOP-21F1E8S', ip: '192.168.100.73', os.name: 'Windows 10', os.arch: 'amd64', os.version: '10.0', java.version: '1.8.0_181'
Driver info: com.kms.katalon.selenium.driver.CChromeDriver
Capabilities {acceptInsecureCerts: false, browserName: chrome, browserVersion: 90.0.4430.93, chrome: {chromedriverVersion: 90.0.4430.24 (4c6d850f087da..., userDataDir: C:\Users\moham\AppData\Loca...}, goog:chromeOptions: {debuggerAddress: localhost:33072}, javascriptEnabled: true, networkConnectionEnabled: false, pageLoadStrategy: normal, platform: WINDOWS, platformName: WINDOWS, proxy: Proxy(), setWindowRect: true, strictFileInteractability: false, timeouts: {implicit: 0, pageLoad: 300000, script: 30000}, unhandledPromptBehavior: dismiss and notify, webauthn:extension:largeBlob: true, webauthn:virtualAuthenticators: true}
Session ID: ee9a2bbb0b7ff22db33ecf108d40c6f8
	at org.openqa.selenium.remote.http.W3CHttpResponseCodec.createException(W3CHttpResponseCodec.java:187)
	at org.openqa.selenium.remote.http.W3CHttpResponseCodec.decode(W3CHttpResponseCodec.java:122)
	at org.openqa.selenium.remote.http.W3CHttpResponseCodec.decode(W3CHttpResponseCodec.java:49)
	at org.openqa.selenium.remote.HttpCommandExecutor.execute(HttpCommandExecutor.java:158)
	at org.openqa.selenium.remote.service.DriverCommandExecutor.execute(DriverCommandExecutor.java:83)
	at org.openqa.selenium.remote.RemoteWebDriver.execute(RemoteWebDriver.java:552)
	at com.kms.katalon.selenium.driver.CChromeDriver.execute(CChromeDriver.java:19)
	at org.openqa.selenium.remote.RemoteWebElement.execute(RemoteWebElement.java:285)
	at org.openqa.selenium.remote.RemoteWebElement.click(RemoteWebElement.java:84)
	at org.openqa.selenium.support.events.EventFiringWebDriver$EventFiringWebElement.lambda$new$0(EventFiringWebDriver.java:404)
	at com.sun.proxy.$Proxy11.click(Unknown Source)
	at org.openqa.selenium.support.events.EventFiringWebDriver$EventFiringWebElement.click(EventFiringWebDriver.java:417)
	at com.kms.katalon.core.webui.keyword.builtin.ClickKeyword$_click_closure1.doCall(ClickKeyword.groovy:68)
	at com.kms.katalon.core.webui.keyword.builtin.ClickKeyword$_click_closure1.call(ClickKeyword.groovy)
	at com.kms.katalon.core.webui.keyword.internal.WebUIKeywordMain.runKeyword(WebUIKeywordMain.groovy:20)
	... 19 more]]></system-out>
      <system-err><![CDATA[2021-05-11 19:26:42 - [TEST_SUITE][FAILED] - Navigation: Test Cases/MyCourses(CS439) FAILED.
Reason:
com.kms.katalon.core.exception.StepFailedException: Unable to click on object 'Object Repository/MyCourses(CS439)/Page_Dashboard/a_CS439-202002'
	at com.kms.katalon.core.webui.keyword.internal.WebUIKeywordMain.stepFailed(WebUIKeywordMain.groovy:64)
	at com.kms.katalon.core.webui.keyword.internal.WebUIKeywordMain.runKeyword(WebUIKeywordMain.groovy:26)
	at com.kms.katalon.core.webui.keyword.builtin.ClickKeyword.click(ClickKeyword.groovy:75)
	at com.kms.katalon.core.webui.keyword.builtin.ClickKeyword.execute(ClickKeyword.groovy:42)
	at com.kms.katalon.core.keyword.internal.KeywordExecutor.executeKeywordForPlatform(KeywordExecutor.groovy:73)
	at com.kms.katalon.core.webui.keyword.WebUiBuiltInKeywords.click(WebUiBuiltInKeywords.groovy:619)
	at com.kms.katalon.core.webui.keyword.WebUiBuiltInKeywords$click$1.call(Unknown Source)
	at MyCourses(CS439).run(MyCourses(CS439):48)
	at com.kms.katalon.core.main.ScriptEngine.run(ScriptEngine.java:194)
	at com.kms.katalon.core.main.ScriptEngine.runScriptAsRawText(ScriptEngine.java:119)
	at com.kms.katalon.core.main.TestCaseExecutor.runScript(TestCaseExecutor.java:398)
	at com.kms.katalon.core.main.TestCaseExecutor.doExecute(TestCaseExecutor.java:389)
	at com.kms.katalon.core.main.TestCaseExecutor.processExecutionPhase(TestCaseExecutor.java:368)
	at com.kms.katalon.core.main.TestCaseExecutor.accessMainPhase(TestCaseExecutor.java:360)
	at com.kms.katalon.core.main.TestCaseExecutor.execute(TestCaseExecutor.java:255)
	at com.kms.katalon.core.main.TestSuiteExecutor.accessTestCaseMainPhase(TestSuiteExecutor.java:203)
	at com.kms.katalon.core.main.TestSuiteExecutor.accessTestSuiteMainPhase(TestSuiteExecutor.java:152)
	at com.kms.katalon.core.main.TestSuiteExecutor.execute(TestSuiteExecutor.java:95)
	at com.kms.katalon.core.main.TestCaseMain.startTestSuite(TestCaseMain.java:157)
	at com.kms.katalon.core.main.TestCaseMain$startTestSuite$0.call(Unknown Source)
	at TempTestSuite1620750396797.run(TempTestSuite1620750396797.groovy:39)
Caused by: org.openqa.selenium.ElementNotInteractableException: element not interactable
  (Session info: chrome=90.0.4430.93)
Build info: version: '3.141.59', revision: 'e82be7d358', time: '2018-11-14T08:25:53'
System info: host: 'DESKTOP-21F1E8S', ip: '192.168.100.73', os.name: 'Windows 10', os.arch: 'amd64', os.version: '10.0', java.version: '1.8.0_181'
Driver info: com.kms.katalon.selenium.driver.CChromeDriver
Capabilities {acceptInsecureCerts: false, browserName: chrome, browserVersion: 90.0.4430.93, chrome: {chromedriverVersion: 90.0.4430.24 (4c6d850f087da..., userDataDir: C:\Users\moham\AppData\Loca...}, goog:chromeOptions: {debuggerAddress: localhost:33072}, javascriptEnabled: true, networkConnectionEnabled: false, pageLoadStrategy: normal, platform: WINDOWS, platformName: WINDOWS, proxy: Proxy(), setWindowRect: true, strictFileInteractability: false, timeouts: {implicit: 0, pageLoad: 300000, script: 30000}, unhandledPromptBehavior: dismiss and notify, webauthn:extension:largeBlob: true, webauthn:virtualAuthenticators: true}
Session ID: ee9a2bbb0b7ff22db33ecf108d40c6f8
	at org.openqa.selenium.remote.http.W3CHttpResponseCodec.createException(W3CHttpResponseCodec.java:187)
	at org.openqa.selenium.remote.http.W3CHttpResponseCodec.decode(W3CHttpResponseCodec.java:122)
	at org.openqa.selenium.remote.http.W3CHttpResponseCodec.decode(W3CHttpResponseCodec.java:49)
	at org.openqa.selenium.remote.HttpCommandExecutor.execute(HttpCommandExecutor.java:158)
	at org.openqa.selenium.remote.service.DriverCommandExecutor.execute(DriverCommandExecutor.java:83)
	at org.openqa.selenium.remote.RemoteWebDriver.execute(RemoteWebDriver.java:552)
	at com.kms.katalon.selenium.driver.CChromeDriver.execute(CChromeDriver.java:19)
	at org.openqa.selenium.remote.RemoteWebElement.execute(RemoteWebElement.java:285)
	at org.openqa.selenium.remote.RemoteWebElement.click(RemoteWebElement.java:84)
	at org.openqa.selenium.support.events.EventFiringWebDriver$EventFiringWebElement.lambda$new$0(EventFiringWebDriver.java:404)
	at com.sun.proxy.$Proxy11.click(Unknown Source)
	at org.openqa.selenium.support.events.EventFiringWebDriver$EventFiringWebElement.click(EventFiringWebDriver.java:417)
	at com.kms.katalon.core.webui.keyword.builtin.ClickKeyword$_click_closure1.doCall(ClickKeyword.groovy:68)
	at com.kms.katalon.core.webui.keyword.builtin.ClickKeyword$_click_closure1.call(ClickKeyword.groovy)
	at com.kms.katalon.core.webui.keyword.internal.WebUIKeywordMain.runKeyword(WebUIKeywordMain.groovy:20)
	... 19 more]]></system-err>
   </testsuite>
</testsuites>
