<?xml version="1.0" encoding="UTF-8"?>
<testsuites name="Navigation" time="306.347" tests="7" failures="1" skips="0" errors="0">
   <testsuite name="Navigation" tests="7" failures="1" errors="0" time="306.347" skips="0" timestamp="2021-05-10 23:36:59" hostname="moham - DESKTOP-21F1E8S" id="Test Suites/Navigation">
      <properties>
         <property name="deviceName" value=""/>
         <property name="devicePlatform" value=""/>
         <property name="logFolder" value="C:\\Users\\moham\\git\\SuCourse_Katalon\\Reports\\20210510_233654\\Navigation\\20210510_233654"/>
         <property name="logFiles" value="C:\\Users\\moham\\git\\SuCourse_Katalon\\Reports\\20210510_233654\\Navigation\\20210510_233654\\execution0.log"/>
         <property name="attachments" value="C:\\Users\\moham\\git\\SuCourse_Katalon\\Reports\\20210510_233654\\Navigation\\20210510_233654\\1620679196953.png"/>
         <property name="hostName" value="moham - DESKTOP-21F1E8S"/>
         <property name="os" value="Windows 10 64bit"/>
         <property name="katalonVersion" value="null.null"/>
         <property name="browser" value="Chrome 90.0.4430.93"/>
         <property name="hostAddress" value="192.168.100.73"/>
         <property name="sessionId" value="c0879d5854ce578cb8d414f0235272a1"/>
         <property name="seleniumVersion" value="3.141.59"/>
         <property name="proxyInformation" value="ProxyInformation { proxyOption=NO_PROXY, proxyServerType=HTTP, username=, password=********, proxyServerAddress=, proxyServerPort=0, executionList=&quot;&quot;, isApplyToDesiredCapabilities=true }"/>
         <property name="platform" value="Windows 10"/>
      </properties>
      <testcase name="Test Cases/ProfilePage(PressingOnImage)" time="28.955" classname="Test Cases/ProfilePage(PressingOnImage)" status="PASSED">
         <system-out><![CDATA[2021-05-10 23:37:01 - [TEST_CASE][PASSED] - Test Cases/ProfilePage(PressingOnImage): Test Cases/ProfilePage(PressingOnImage)

2021-05-10 23:37:02 - [TEST_STEP][PASSED] - openBrowser(""): Browser is opened with url: ''

2021-05-10 23:37:03 - [MESSAGE][INFO] - Starting 'Chrome' driver

2021-05-10 23:37:03 - [MESSAGE][INFO] - Action delay is set to 0 milliseconds

2021-05-10 23:37:06 - [MESSAGE][PASSED] - Browser is opened with url: ''

2021-05-10 23:37:06 - [TEST_STEP][PASSED] - navigateToUrl("https://sucourse.sabanciuniv.edu/plus/"): Navigate to 'https://sucourse.sabanciuniv.edu/plus/' successfully

2021-05-10 23:37:10 - [MESSAGE][PASSED] - Navigate to 'https://sucourse.sabanciuniv.edu/plus/' successfully

2021-05-10 23:37:10 - [TEST_STEP][PASSED] - delay(1): Delayed 1 second(s)

2021-05-10 23:37:11 - [MESSAGE][PASSED] - Delayed 1 second(s)

2021-05-10 23:37:11 - [TEST_STEP][PASSED] - click(findTestObject("Object Repository/ProfilePage(PressingOnImage)/Page_SUCourse/a_Login")): Object: 'Object Repository/ProfilePage(PressingOnImage)/Page_SUCourse/a_Login' is clicked on

2021-05-10 23:37:13 - [MESSAGE][PASSED] - Object: 'Object Repository/ProfilePage(PressingOnImage)/Page_SUCourse/a_Login' is clicked on

2021-05-10 23:37:13 - [TEST_STEP][PASSED] - delay(1): Delayed 1 second(s)

2021-05-10 23:37:14 - [MESSAGE][PASSED] - Delayed 1 second(s)

2021-05-10 23:37:14 - [TEST_STEP][PASSED] - click(findTestObject("Object Repository/ProfilePage(PressingOnImage)/Page_SUCourse Authentication choice/a_SUNet users (Sabanc University members)")): Object: 'Object Repository/ProfilePage(PressingOnImage)/Page_SUCourse Authentication choice/a_SUNet users (Sabanc University members)' is clicked on

2021-05-10 23:37:16 - [MESSAGE][PASSED] - Object: 'Object Repository/ProfilePage(PressingOnImage)/Page_SUCourse Authentication choice/a_SUNet users (Sabanc University members)' is clicked on

2021-05-10 23:37:16 - [TEST_STEP][PASSED] - delay(1): Delayed 1 second(s)

2021-05-10 23:37:17 - [MESSAGE][PASSED] - Delayed 1 second(s)

2021-05-10 23:37:17 - [TEST_STEP][PASSED] - setText(findTestObject("Object Repository/ProfilePage(PressingOnImage)/Page_Login - CAS  Central Authentication Service/input_U_username"), "mohamedkassem"): Text 'mohamedkassem' is set on object 'Object Repository/ProfilePage(PressingOnImage)/Page_Login - CAS  Central Authentication Service/input_U_username'

2021-05-10 23:37:18 - [MESSAGE][PASSED] - Text 'mohamedkassem' is set on object 'Object Repository/ProfilePage(PressingOnImage)/Page_Login - CAS  Central Authentication Service/input_U_username'

2021-05-10 23:37:18 - [TEST_STEP][PASSED] - delay(1): Delayed 1 second(s)

2021-05-10 23:37:19 - [MESSAGE][PASSED] - Delayed 1 second(s)

2021-05-10 23:37:19 - [TEST_STEP][PASSED] - setEncryptedText(findTestObject("Object Repository/ProfilePage(PressingOnImage)/Page_Login - CAS  Central Authentication Service/input_P_password"), "lsh4UT/KYs157Zjg3xgr3w=="): Text ****** has been set on object 'Object Repository/ProfilePage(PressingOnImage)/Page_Login - CAS  Central Authentication Service/input_P_password'

2021-05-10 23:37:20 - [MESSAGE][PASSED] - Text ****** has been set on object 'Object Repository/ProfilePage(PressingOnImage)/Page_Login - CAS  Central Authentication Service/input_P_password'

2021-05-10 23:37:20 - [TEST_STEP][PASSED] - delay(1): Delayed 1 second(s)

2021-05-10 23:37:21 - [MESSAGE][PASSED] - Delayed 1 second(s)

2021-05-10 23:37:21 - [TEST_STEP][PASSED] - click(findTestObject("Object Repository/ProfilePage(PressingOnImage)/Page_Login - CAS  Central Authentication Service/input_Remember Me_submit")): Object: 'Object Repository/ProfilePage(PressingOnImage)/Page_Login - CAS  Central Authentication Service/input_Remember Me_submit' is clicked on

2021-05-10 23:37:24 - [MESSAGE][PASSED] - Object: 'Object Repository/ProfilePage(PressingOnImage)/Page_Login - CAS  Central Authentication Service/input_Remember Me_submit' is clicked on

2021-05-10 23:37:24 - [TEST_STEP][PASSED] - delay(1): Delayed 1 second(s)

2021-05-10 23:37:25 - [MESSAGE][PASSED] - Delayed 1 second(s)

2021-05-10 23:37:25 - [TEST_STEP][PASSED] - click(findTestObject("Object Repository/ProfilePage(PressingOnImage)/Page_Dashboard/img_Log out_welcome_userpicture")): Object: 'Object Repository/ProfilePage(PressingOnImage)/Page_Dashboard/img_Log out_welcome_userpicture' is clicked on

2021-05-10 23:37:26 - [MESSAGE][PASSED] - Object: 'Object Repository/ProfilePage(PressingOnImage)/Page_Dashboard/img_Log out_welcome_userpicture' is clicked on

2021-05-10 23:37:26 - [TEST_STEP][PASSED] - delay(3): Delayed 3 second(s)

2021-05-10 23:37:29 - [MESSAGE][PASSED] - Delayed 3 second(s)

2021-05-10 23:37:29 - [TEST_STEP][PASSED] - closeBrowser(): Browser is closed

2021-05-10 23:37:30 - [MESSAGE][PASSED] - Browser is closed]]></system-out>
         <system-err><![CDATA[]]></system-err>
      </testcase>
      <testcase name="Test Cases/ProfilePage(DropdownTab)" time="27.222" classname="Test Cases/ProfilePage(DropdownTab)" status="PASSED">
         <system-out><![CDATA[2021-05-10 23:37:30 - [TEST_CASE][PASSED] - Test Cases/ProfilePage(DropdownTab): Test Cases/ProfilePage(DropdownTab)

2021-05-10 23:37:31 - [TEST_STEP][PASSED] - openBrowser(""): Browser is opened with url: ''

2021-05-10 23:37:31 - [MESSAGE][INFO] - Starting 'Chrome' driver

2021-05-10 23:37:31 - [MESSAGE][INFO] - Action delay is set to 0 milliseconds

2021-05-10 23:37:33 - [MESSAGE][PASSED] - Browser is opened with url: ''

2021-05-10 23:37:33 - [TEST_STEP][PASSED] - navigateToUrl("https://sucourse.sabanciuniv.edu/plus/"): Navigate to 'https://sucourse.sabanciuniv.edu/plus/' successfully

2021-05-10 23:37:37 - [MESSAGE][PASSED] - Navigate to 'https://sucourse.sabanciuniv.edu/plus/' successfully

2021-05-10 23:37:37 - [TEST_STEP][PASSED] - delay(1): Delayed 1 second(s)

2021-05-10 23:37:38 - [MESSAGE][PASSED] - Delayed 1 second(s)

2021-05-10 23:37:38 - [TEST_STEP][PASSED] - click(findTestObject("Object Repository/ProfilePage(DropdownTab)/Page_SUCourse/a_Login")): Object: 'Object Repository/ProfilePage(DropdownTab)/Page_SUCourse/a_Login' is clicked on

2021-05-10 23:37:39 - [MESSAGE][PASSED] - Object: 'Object Repository/ProfilePage(DropdownTab)/Page_SUCourse/a_Login' is clicked on

2021-05-10 23:37:39 - [TEST_STEP][PASSED] - delay(1): Delayed 1 second(s)

2021-05-10 23:37:40 - [MESSAGE][PASSED] - Delayed 1 second(s)

2021-05-10 23:37:40 - [TEST_STEP][PASSED] - click(findTestObject("Object Repository/ProfilePage(DropdownTab)/Page_SUCourse Authentication choice/a_SUNet users (Sabanc University members)")): Object: 'Object Repository/ProfilePage(DropdownTab)/Page_SUCourse Authentication choice/a_SUNet users (Sabanc University members)' is clicked on

2021-05-10 23:37:42 - [MESSAGE][PASSED] - Object: 'Object Repository/ProfilePage(DropdownTab)/Page_SUCourse Authentication choice/a_SUNet users (Sabanc University members)' is clicked on

2021-05-10 23:37:42 - [TEST_STEP][PASSED] - delay(1): Delayed 1 second(s)

2021-05-10 23:37:43 - [MESSAGE][PASSED] - Delayed 1 second(s)

2021-05-10 23:37:43 - [TEST_STEP][PASSED] - setText(findTestObject("Object Repository/ProfilePage(DropdownTab)/Page_Login - CAS  Central Authentication Service/input_U_username"), "mohamedkassem"): Text 'mohamedkassem' is set on object 'Object Repository/ProfilePage(DropdownTab)/Page_Login - CAS  Central Authentication Service/input_U_username'

2021-05-10 23:37:44 - [MESSAGE][PASSED] - Text 'mohamedkassem' is set on object 'Object Repository/ProfilePage(DropdownTab)/Page_Login - CAS  Central Authentication Service/input_U_username'

2021-05-10 23:37:44 - [TEST_STEP][PASSED] - delay(1): Delayed 1 second(s)

2021-05-10 23:37:45 - [MESSAGE][PASSED] - Delayed 1 second(s)

2021-05-10 23:37:45 - [TEST_STEP][PASSED] - setEncryptedText(findTestObject("Object Repository/ProfilePage(DropdownTab)/Page_Login - CAS  Central Authentication Service/input_P_password"), "lsh4UT/KYs157Zjg3xgr3w=="): Text ****** has been set on object 'Object Repository/ProfilePage(DropdownTab)/Page_Login - CAS  Central Authentication Service/input_P_password'

2021-05-10 23:37:45 - [MESSAGE][PASSED] - Text ****** has been set on object 'Object Repository/ProfilePage(DropdownTab)/Page_Login - CAS  Central Authentication Service/input_P_password'

2021-05-10 23:37:45 - [TEST_STEP][PASSED] - delay(1): Delayed 1 second(s)

2021-05-10 23:37:46 - [MESSAGE][PASSED] - Delayed 1 second(s)

2021-05-10 23:37:46 - [TEST_STEP][PASSED] - click(findTestObject("Object Repository/ProfilePage(DropdownTab)/Page_Login - CAS  Central Authentication Service/input_Remember Me_submit")): Object: 'Object Repository/ProfilePage(DropdownTab)/Page_Login - CAS  Central Authentication Service/input_Remember Me_submit' is clicked on

2021-05-10 23:37:49 - [MESSAGE][PASSED] - Object: 'Object Repository/ProfilePage(DropdownTab)/Page_Login - CAS  Central Authentication Service/input_Remember Me_submit' is clicked on

2021-05-10 23:37:49 - [TEST_STEP][PASSED] - delay(1): Delayed 1 second(s)

2021-05-10 23:37:50 - [MESSAGE][PASSED] - Delayed 1 second(s)

2021-05-10 23:37:50 - [TEST_STEP][PASSED] - click(findTestObject("Object Repository/ProfilePage(DropdownTab)/Page_Dashboard/span_Mohamed Emad Mohamed Kassem")): Object: 'Object Repository/ProfilePage(DropdownTab)/Page_Dashboard/span_Mohamed Emad Mohamed Kassem' is clicked on

2021-05-10 23:37:51 - [MESSAGE][PASSED] - Object: 'Object Repository/ProfilePage(DropdownTab)/Page_Dashboard/span_Mohamed Emad Mohamed Kassem' is clicked on

2021-05-10 23:37:51 - [TEST_STEP][PASSED] - delay(1): Delayed 1 second(s)

2021-05-10 23:37:52 - [MESSAGE][PASSED] - Delayed 1 second(s)

2021-05-10 23:37:52 - [TEST_STEP][PASSED] - click(findTestObject("Object Repository/ProfilePage(DropdownTab)/Page_Dashboard/a_Profile")): Object: 'Object Repository/ProfilePage(DropdownTab)/Page_Dashboard/a_Profile' is clicked on

2021-05-10 23:37:53 - [MESSAGE][PASSED] - Object: 'Object Repository/ProfilePage(DropdownTab)/Page_Dashboard/a_Profile' is clicked on

2021-05-10 23:37:53 - [TEST_STEP][PASSED] - delay(3): Delayed 3 second(s)

2021-05-10 23:37:56 - [MESSAGE][PASSED] - Delayed 3 second(s)

2021-05-10 23:37:56 - [TEST_STEP][PASSED] - closeBrowser(): Browser is closed

2021-05-10 23:37:57 - [MESSAGE][PASSED] - Browser is closed]]></system-out>
         <system-err><![CDATA[]]></system-err>
      </testcase>
      <testcase name="Test Cases/MyCourses(CS439)" time="24.535" classname="Test Cases/MyCourses(CS439)" status="PASSED">
         <system-out><![CDATA[2021-05-10 23:37:57 - [TEST_CASE][PASSED] - Test Cases/MyCourses(CS439): Test Cases/MyCourses(CS439)

2021-05-10 23:37:58 - [TEST_STEP][PASSED] - openBrowser(""): Browser is opened with url: ''

2021-05-10 23:37:58 - [MESSAGE][INFO] - Starting 'Chrome' driver

2021-05-10 23:37:58 - [MESSAGE][INFO] - Action delay is set to 0 milliseconds

2021-05-10 23:38:00 - [MESSAGE][PASSED] - Browser is opened with url: ''

2021-05-10 23:38:00 - [TEST_STEP][PASSED] - navigateToUrl("https://sucourse.sabanciuniv.edu/plus/"): Navigate to 'https://sucourse.sabanciuniv.edu/plus/' successfully

2021-05-10 23:38:04 - [MESSAGE][PASSED] - Navigate to 'https://sucourse.sabanciuniv.edu/plus/' successfully

2021-05-10 23:38:04 - [TEST_STEP][PASSED] - delay(1): Delayed 1 second(s)

2021-05-10 23:38:05 - [MESSAGE][PASSED] - Delayed 1 second(s)

2021-05-10 23:38:05 - [TEST_STEP][PASSED] - click(findTestObject("Object Repository/MyCourses(CS439)/Page_SUCourse/a_Login")): Object: 'Object Repository/MyCourses(CS439)/Page_SUCourse/a_Login' is clicked on

2021-05-10 23:38:06 - [MESSAGE][PASSED] - Object: 'Object Repository/MyCourses(CS439)/Page_SUCourse/a_Login' is clicked on

2021-05-10 23:38:06 - [TEST_STEP][PASSED] - delay(1): Delayed 1 second(s)

2021-05-10 23:38:07 - [MESSAGE][PASSED] - Delayed 1 second(s)

2021-05-10 23:38:07 - [TEST_STEP][PASSED] - click(findTestObject("Object Repository/MyCourses(CS439)/Page_SUCourse Authentication choice/a_SUNet users (Sabanc University members)")): Object: 'Object Repository/MyCourses(CS439)/Page_SUCourse Authentication choice/a_SUNet users (Sabanc University members)' is clicked on

2021-05-10 23:38:10 - [MESSAGE][PASSED] - Object: 'Object Repository/MyCourses(CS439)/Page_SUCourse Authentication choice/a_SUNet users (Sabanc University members)' is clicked on

2021-05-10 23:38:10 - [TEST_STEP][PASSED] - delay(1): Delayed 1 second(s)

2021-05-10 23:38:11 - [MESSAGE][PASSED] - Delayed 1 second(s)

2021-05-10 23:38:11 - [TEST_STEP][PASSED] - setText(findTestObject("Object Repository/MyCourses(CS439)/Page_Login - CAS  Central Authentication Service/input_U_username"), "mohamedkassem"): Text 'mohamedkassem' is set on object 'Object Repository/MyCourses(CS439)/Page_Login - CAS  Central Authentication Service/input_U_username'

2021-05-10 23:38:11 - [MESSAGE][PASSED] - Text 'mohamedkassem' is set on object 'Object Repository/MyCourses(CS439)/Page_Login - CAS  Central Authentication Service/input_U_username'

2021-05-10 23:38:11 - [TEST_STEP][PASSED] - delay(1): Delayed 1 second(s)

2021-05-10 23:38:12 - [MESSAGE][PASSED] - Delayed 1 second(s)

2021-05-10 23:38:12 - [TEST_STEP][PASSED] - setEncryptedText(findTestObject("Object Repository/MyCourses(CS439)/Page_Login - CAS  Central Authentication Service/input_P_password"), "lsh4UT/KYs157Zjg3xgr3w=="): Text ****** has been set on object 'Object Repository/MyCourses(CS439)/Page_Login - CAS  Central Authentication Service/input_P_password'

2021-05-10 23:38:13 - [MESSAGE][PASSED] - Text ****** has been set on object 'Object Repository/MyCourses(CS439)/Page_Login - CAS  Central Authentication Service/input_P_password'

2021-05-10 23:38:13 - [TEST_STEP][PASSED] - delay(1): Delayed 1 second(s)

2021-05-10 23:38:14 - [MESSAGE][PASSED] - Delayed 1 second(s)

2021-05-10 23:38:14 - [TEST_STEP][PASSED] - click(findTestObject("Object Repository/MyCourses(CS439)/Page_Login - CAS  Central Authentication Service/input_Remember Me_submit")): Object: 'Object Repository/MyCourses(CS439)/Page_Login - CAS  Central Authentication Service/input_Remember Me_submit' is clicked on

2021-05-10 23:38:17 - [MESSAGE][PASSED] - Object: 'Object Repository/MyCourses(CS439)/Page_Login - CAS  Central Authentication Service/input_Remember Me_submit' is clicked on

2021-05-10 23:38:17 - [TEST_STEP][PASSED] - delay(1): Delayed 1 second(s)

2021-05-10 23:38:18 - [MESSAGE][PASSED] - Delayed 1 second(s)

2021-05-10 23:38:18 - [TEST_STEP][PASSED] - click(findTestObject("Object Repository/MyCourses(CS439)/Page_Dashboard/a_CS439-202002")): Object: 'Object Repository/MyCourses(CS439)/Page_Dashboard/a_CS439-202002' is clicked on

2021-05-10 23:38:20 - [MESSAGE][PASSED] - Object: 'Object Repository/MyCourses(CS439)/Page_Dashboard/a_CS439-202002' is clicked on

2021-05-10 23:38:20 - [TEST_STEP][PASSED] - delay(1): Delayed 1 second(s)

2021-05-10 23:38:21 - [MESSAGE][PASSED] - Delayed 1 second(s)

2021-05-10 23:38:21 - [TEST_STEP][PASSED] - closeBrowser(): Browser is closed

2021-05-10 23:38:22 - [MESSAGE][PASSED] - Browser is closed]]></system-out>
         <system-err><![CDATA[]]></system-err>
      </testcase>
      <testcase name="Test Cases/CS439Forum" time="29.868" classname="Test Cases/CS439Forum" status="PASSED">
         <system-out><![CDATA[2021-05-10 23:38:22 - [TEST_CASE][PASSED] - Test Cases/CS439Forum: Test Cases/CS439Forum

2021-05-10 23:38:23 - [TEST_STEP][PASSED] - openBrowser(""): Browser is opened with url: ''

2021-05-10 23:38:23 - [MESSAGE][INFO] - Starting 'Chrome' driver

2021-05-10 23:38:23 - [MESSAGE][INFO] - Action delay is set to 0 milliseconds

2021-05-10 23:38:25 - [MESSAGE][PASSED] - Browser is opened with url: ''

2021-05-10 23:38:25 - [TEST_STEP][PASSED] - navigateToUrl("https://sucourse.sabanciuniv.edu/plus/"): Navigate to 'https://sucourse.sabanciuniv.edu/plus/' successfully

2021-05-10 23:38:29 - [MESSAGE][PASSED] - Navigate to 'https://sucourse.sabanciuniv.edu/plus/' successfully

2021-05-10 23:38:29 - [TEST_STEP][PASSED] - delay(1): Delayed 1 second(s)

2021-05-10 23:38:30 - [MESSAGE][PASSED] - Delayed 1 second(s)

2021-05-10 23:38:30 - [TEST_STEP][PASSED] - click(findTestObject("Object Repository/CS439Forum/Page_SUCourse/a_Login")): Object: 'Object Repository/CS439Forum/Page_SUCourse/a_Login' is clicked on

2021-05-10 23:38:31 - [MESSAGE][PASSED] - Object: 'Object Repository/CS439Forum/Page_SUCourse/a_Login' is clicked on

2021-05-10 23:38:31 - [TEST_STEP][PASSED] - delay(1): Delayed 1 second(s)

2021-05-10 23:38:32 - [MESSAGE][PASSED] - Delayed 1 second(s)

2021-05-10 23:38:32 - [TEST_STEP][PASSED] - click(findTestObject("Object Repository/CS439Forum/Page_SUCourse Authentication choice/a_SUNet users (Sabanc University members)")): Object: 'Object Repository/CS439Forum/Page_SUCourse Authentication choice/a_SUNet users (Sabanc University members)' is clicked on

2021-05-10 23:38:34 - [MESSAGE][PASSED] - Object: 'Object Repository/CS439Forum/Page_SUCourse Authentication choice/a_SUNet users (Sabanc University members)' is clicked on

2021-05-10 23:38:34 - [TEST_STEP][PASSED] - delay(1): Delayed 1 second(s)

2021-05-10 23:38:35 - [MESSAGE][PASSED] - Delayed 1 second(s)

2021-05-10 23:38:35 - [TEST_STEP][PASSED] - setText(findTestObject("Object Repository/CS439Forum/Page_Login - CAS  Central Authentication Service/input_U_username"), "mohamedkassem"): Text 'mohamedkassem' is set on object 'Object Repository/CS439Forum/Page_Login - CAS  Central Authentication Service/input_U_username'

2021-05-10 23:38:36 - [MESSAGE][PASSED] - Text 'mohamedkassem' is set on object 'Object Repository/CS439Forum/Page_Login - CAS  Central Authentication Service/input_U_username'

2021-05-10 23:38:36 - [TEST_STEP][PASSED] - delay(1): Delayed 1 second(s)

2021-05-10 23:38:37 - [MESSAGE][PASSED] - Delayed 1 second(s)

2021-05-10 23:38:37 - [TEST_STEP][PASSED] - setEncryptedText(findTestObject("Object Repository/CS439Forum/Page_Login - CAS  Central Authentication Service/input_P_password"), "lsh4UT/KYs157Zjg3xgr3w=="): Text ****** has been set on object 'Object Repository/CS439Forum/Page_Login - CAS  Central Authentication Service/input_P_password'

2021-05-10 23:38:37 - [MESSAGE][PASSED] - Text ****** has been set on object 'Object Repository/CS439Forum/Page_Login - CAS  Central Authentication Service/input_P_password'

2021-05-10 23:38:37 - [TEST_STEP][PASSED] - delay(1): Delayed 1 second(s)

2021-05-10 23:38:38 - [MESSAGE][PASSED] - Delayed 1 second(s)

2021-05-10 23:38:38 - [TEST_STEP][PASSED] - click(findTestObject("Object Repository/CS439Forum/Page_Login - CAS  Central Authentication Service/input_Remember Me_submit")): Object: 'Object Repository/CS439Forum/Page_Login - CAS  Central Authentication Service/input_Remember Me_submit' is clicked on

2021-05-10 23:38:41 - [MESSAGE][PASSED] - Object: 'Object Repository/CS439Forum/Page_Login - CAS  Central Authentication Service/input_Remember Me_submit' is clicked on

2021-05-10 23:38:41 - [TEST_STEP][PASSED] - delay(1): Delayed 1 second(s)

2021-05-10 23:38:42 - [MESSAGE][PASSED] - Delayed 1 second(s)

2021-05-10 23:38:42 - [TEST_STEP][PASSED] - click(findTestObject("Object Repository/CS439Forum/Page_Dashboard/a_CS439-202002")): Object: 'Object Repository/CS439Forum/Page_Dashboard/a_CS439-202002' is clicked on

2021-05-10 23:38:44 - [MESSAGE][PASSED] - Object: 'Object Repository/CS439Forum/Page_Dashboard/a_CS439-202002' is clicked on

2021-05-10 23:38:44 - [TEST_STEP][PASSED] - delay(1): Delayed 1 second(s)

2021-05-10 23:38:45 - [MESSAGE][PASSED] - Delayed 1 second(s)

2021-05-10 23:38:45 - [TEST_STEP][PASSED] - click(findTestObject("Object Repository/CS439Forum/Page_Course CS439-202002/a_Forums")): Object: 'Object Repository/CS439Forum/Page_Course CS439-202002/a_Forums' is clicked on

2021-05-10 23:38:46 - [MESSAGE][PASSED] - Object: 'Object Repository/CS439Forum/Page_Course CS439-202002/a_Forums' is clicked on

2021-05-10 23:38:46 - [TEST_STEP][PASSED] - delay(1): Delayed 1 second(s)

2021-05-10 23:38:47 - [MESSAGE][PASSED] - Delayed 1 second(s)

2021-05-10 23:38:47 - [TEST_STEP][PASSED] - click(findTestObject("Object Repository/CS439Forum/Page_CS439-202002 Forums/a_Discussion Board")): Object: 'Object Repository/CS439Forum/Page_CS439-202002 Forums/a_Discussion Board' is clicked on

2021-05-10 23:38:49 - [MESSAGE][PASSED] - Object: 'Object Repository/CS439Forum/Page_CS439-202002 Forums/a_Discussion Board' is clicked on

2021-05-10 23:38:49 - [TEST_STEP][PASSED] - delay(2): Delayed 2 second(s)

2021-05-10 23:38:51 - [MESSAGE][PASSED] - Delayed 2 second(s)

2021-05-10 23:38:51 - [TEST_STEP][PASSED] - closeBrowser(): Browser is closed

2021-05-10 23:38:52 - [MESSAGE][PASSED] - Browser is closed]]></system-out>
         <system-err><![CDATA[]]></system-err>
      </testcase>
      <testcase name="Test Cases/BrowserSessions" time="33.731" classname="Test Cases/BrowserSessions" status="PASSED">
         <system-out><![CDATA[2021-05-10 23:38:52 - [TEST_CASE][PASSED] - Test Cases/BrowserSessions: Test Cases/BrowserSessions

2021-05-10 23:38:53 - [TEST_STEP][PASSED] - openBrowser(""): Browser is opened with url: ''

2021-05-10 23:38:53 - [MESSAGE][INFO] - Starting 'Chrome' driver

2021-05-10 23:38:53 - [MESSAGE][INFO] - Action delay is set to 0 milliseconds

2021-05-10 23:38:55 - [MESSAGE][PASSED] - Browser is opened with url: ''

2021-05-10 23:38:55 - [TEST_STEP][PASSED] - navigateToUrl("https://sucourse.sabanciuniv.edu/plus/"): Navigate to 'https://sucourse.sabanciuniv.edu/plus/' successfully

2021-05-10 23:38:58 - [MESSAGE][PASSED] - Navigate to 'https://sucourse.sabanciuniv.edu/plus/' successfully

2021-05-10 23:38:58 - [TEST_STEP][PASSED] - delay(1): Delayed 1 second(s)

2021-05-10 23:38:59 - [MESSAGE][PASSED] - Delayed 1 second(s)

2021-05-10 23:38:59 - [TEST_STEP][PASSED] - click(findTestObject("Object Repository/BrowserSessions/Page_SUCourse/a_Login")): Object: 'Object Repository/BrowserSessions/Page_SUCourse/a_Login' is clicked on

2021-05-10 23:39:01 - [MESSAGE][PASSED] - Object: 'Object Repository/BrowserSessions/Page_SUCourse/a_Login' is clicked on

2021-05-10 23:39:01 - [TEST_STEP][PASSED] - delay(1): Delayed 1 second(s)

2021-05-10 23:39:02 - [MESSAGE][PASSED] - Delayed 1 second(s)

2021-05-10 23:39:02 - [TEST_STEP][PASSED] - click(findTestObject("Object Repository/BrowserSessions/Page_SUCourse Authentication choice/a_SUNet users (Sabanc University members)")): Object: 'Object Repository/BrowserSessions/Page_SUCourse Authentication choice/a_SUNet users (Sabanc University members)' is clicked on

2021-05-10 23:39:04 - [MESSAGE][PASSED] - Object: 'Object Repository/BrowserSessions/Page_SUCourse Authentication choice/a_SUNet users (Sabanc University members)' is clicked on

2021-05-10 23:39:04 - [TEST_STEP][PASSED] - delay(1): Delayed 1 second(s)

2021-05-10 23:39:05 - [MESSAGE][PASSED] - Delayed 1 second(s)

2021-05-10 23:39:05 - [TEST_STEP][PASSED] - setText(findTestObject("Object Repository/BrowserSessions/Page_Login - CAS  Central Authentication Service/input_U_username"), "mohamedkassem"): Text 'mohamedkassem' is set on object 'Object Repository/BrowserSessions/Page_Login - CAS  Central Authentication Service/input_U_username'

2021-05-10 23:39:06 - [MESSAGE][PASSED] - Text 'mohamedkassem' is set on object 'Object Repository/BrowserSessions/Page_Login - CAS  Central Authentication Service/input_U_username'

2021-05-10 23:39:06 - [TEST_STEP][PASSED] - delay(1): Delayed 1 second(s)

2021-05-10 23:39:07 - [MESSAGE][PASSED] - Delayed 1 second(s)

2021-05-10 23:39:07 - [TEST_STEP][PASSED] - setEncryptedText(findTestObject("Object Repository/BrowserSessions/Page_Login - CAS  Central Authentication Service/input_P_password"), "lsh4UT/KYs157Zjg3xgr3w=="): Text ****** has been set on object 'Object Repository/BrowserSessions/Page_Login - CAS  Central Authentication Service/input_P_password'

2021-05-10 23:39:08 - [MESSAGE][PASSED] - Text ****** has been set on object 'Object Repository/BrowserSessions/Page_Login - CAS  Central Authentication Service/input_P_password'

2021-05-10 23:39:08 - [TEST_STEP][PASSED] - delay(1): Delayed 1 second(s)

2021-05-10 23:39:09 - [MESSAGE][PASSED] - Delayed 1 second(s)

2021-05-10 23:39:09 - [TEST_STEP][PASSED] - click(findTestObject("Object Repository/BrowserSessions/Page_Login - CAS  Central Authentication Service/input_Remember Me_submit")): Object: 'Object Repository/BrowserSessions/Page_Login - CAS  Central Authentication Service/input_Remember Me_submit' is clicked on

2021-05-10 23:39:12 - [MESSAGE][PASSED] - Object: 'Object Repository/BrowserSessions/Page_Login - CAS  Central Authentication Service/input_Remember Me_submit' is clicked on

2021-05-10 23:39:12 - [TEST_STEP][PASSED] - delay(1): Delayed 1 second(s)

2021-05-10 23:39:13 - [MESSAGE][PASSED] - Delayed 1 second(s)

2021-05-10 23:39:13 - [TEST_STEP][PASSED] - click(findTestObject("Object Repository/BrowserSessions/Page_Dashboard/span_Mohamed Emad Mohamed Kassem")): Object: 'Object Repository/BrowserSessions/Page_Dashboard/span_Mohamed Emad Mohamed Kassem' is clicked on

2021-05-10 23:39:13 - [MESSAGE][PASSED] - Object: 'Object Repository/BrowserSessions/Page_Dashboard/span_Mohamed Emad Mohamed Kassem' is clicked on

2021-05-10 23:39:13 - [TEST_STEP][PASSED] - delay(1): Delayed 1 second(s)

2021-05-10 23:39:14 - [MESSAGE][PASSED] - Delayed 1 second(s)

2021-05-10 23:39:14 - [TEST_STEP][PASSED] - click(findTestObject("Object Repository/BrowserSessions/Page_Dashboard/span_Profile")): Object: 'Object Repository/BrowserSessions/Page_Dashboard/span_Profile' is clicked on

2021-05-10 23:39:15 - [MESSAGE][PASSED] - Object: 'Object Repository/BrowserSessions/Page_Dashboard/span_Profile' is clicked on

2021-05-10 23:39:15 - [TEST_STEP][PASSED] - delay(1): Delayed 1 second(s)

2021-05-10 23:39:16 - [MESSAGE][PASSED] - Delayed 1 second(s)

2021-05-10 23:39:16 - [TEST_STEP][PASSED] - click(findTestObject("Object Repository/BrowserSessions/Page_Mohamed Emad Mohamed Kassem Public profile/a_Browser sessions")): Object: 'Object Repository/BrowserSessions/Page_Mohamed Emad Mohamed Kassem Public profile/a_Browser sessions' is clicked on

2021-05-10 23:39:18 - [MESSAGE][PASSED] - Object: 'Object Repository/BrowserSessions/Page_Mohamed Emad Mohamed Kassem Public profile/a_Browser sessions' is clicked on

2021-05-10 23:39:18 - [TEST_STEP][PASSED] - delay(1): Delayed 1 second(s)

2021-05-10 23:39:19 - [MESSAGE][PASSED] - Delayed 1 second(s)

2021-05-10 23:39:19 - [TEST_STEP][PASSED] - click(findTestObject("Object Repository/BrowserSessions/Page_Browser sessions/a_156.213.215.40")): Object: 'Object Repository/BrowserSessions/Page_Browser sessions/a_156.213.215.40' is clicked on

2021-05-10 23:39:20 - [MESSAGE][PASSED] - Object: 'Object Repository/BrowserSessions/Page_Browser sessions/a_156.213.215.40' is clicked on

2021-05-10 23:39:20 - [TEST_STEP][PASSED] - delay(1): Delayed 1 second(s)

2021-05-10 23:39:21 - [MESSAGE][PASSED] - Delayed 1 second(s)

2021-05-10 23:39:21 - [TEST_STEP][PASSED] - click(findTestObject("Object Repository/BrowserSessions/Page_IP address lookup 156.213.215.40 - Cai_411c07/img")): Object: 'Object Repository/BrowserSessions/Page_IP address lookup 156.213.215.40 - Cai_411c07/img' is clicked on

2021-05-10 23:39:21 - [MESSAGE][PASSED] - Object: 'Object Repository/BrowserSessions/Page_IP address lookup 156.213.215.40 - Cai_411c07/img' is clicked on

2021-05-10 23:39:21 - [TEST_STEP][PASSED] - delay(3): Delayed 3 second(s)

2021-05-10 23:39:25 - [MESSAGE][PASSED] - Delayed 3 second(s)

2021-05-10 23:39:25 - [TEST_STEP][PASSED] - closeBrowser(): Browser is closed

2021-05-10 23:39:25 - [MESSAGE][PASSED] - Browser is closed]]></system-out>
         <system-err><![CDATA[]]></system-err>
      </testcase>
      <testcase name="Test Cases/BlogEntries" time="31.302" classname="Test Cases/BlogEntries" status="FAILED">
         <failure type="FAILED" message="Test Cases/BlogEntries FAILED.
Reason:
com.kms.katalon.core.exception.StepFailedException: Unable to set text '1 &lt;p>1&lt;/p>' of object 'Object Repository/BlogEntries/Page_SUCourse Blogs Add a new entry/div_1 1'
	at com.kms.katalon.core.webui.keyword.internal.WebUIKeywordMain.stepFailed(WebUIKeywordMain.groovy:64)
	at com.kms.katalon.core.webui.keyword.internal.WebUIKeywordMain.runKeyword(WebUIKeywordMain.groovy:26)
	at com.kms.katalon.core.webui.keyword.builtin.SetTextKeyword.setText(SetTextKeyword.groovy:66)
	at com.kms.katalon.core.webui.keyword.builtin.SetTextKeyword.execute(SetTextKeyword.groovy:37)
	at com.kms.katalon.core.keyword.internal.KeywordExecutor.executeKeywordForPlatform(KeywordExecutor.groovy:73)
	at com.kms.katalon.core.webui.keyword.WebUiBuiltInKeywords.setText(WebUiBuiltInKeywords.groovy:979)
	at com.kms.katalon.core.webui.keyword.WebUiBuiltInKeywords$setText$2.call(Unknown Source)
	at BlogEntries.run(BlogEntries:64)
	at com.kms.katalon.core.main.ScriptEngine.run(ScriptEngine.java:194)
	at com.kms.katalon.core.main.ScriptEngine.runScriptAsRawText(ScriptEngine.java:119)
	at com.kms.katalon.core.main.TestCaseExecutor.runScript(TestCaseExecutor.java:398)
	at com.kms.katalon.core.main.TestCaseExecutor.doExecute(TestCaseExecutor.java:389)
	at com.kms.katalon.core.main.TestCaseExecutor.processExecutionPhase(TestCaseExecutor.java:368)
	at com.kms.katalon.core.main.TestCaseExecutor.accessMainPhase(TestCaseExecutor.java:360)
	at com.kms.katalon.core.main.TestCaseExecutor.execute(TestCaseExecutor.java:255)
	at com.kms.katalon.core.main.TestSuiteExecutor.accessTestCaseMainPhase(TestSuiteExecutor.java:203)
	at com.kms.katalon.core.main.TestSuiteExecutor.accessTestSuiteMainPhase(TestSuiteExecutor.java:152)
	at com.kms.katalon.core.main.TestSuiteExecutor.execute(TestSuiteExecutor.java:95)
	at com.kms.katalon.core.main.TestCaseMain.startTestSuite(TestCaseMain.java:157)
	at com.kms.katalon.core.main.TestCaseMain$startTestSuite$0.call(Unknown Source)
	at TempTestSuite1620679014006.run(TempTestSuite1620679014006.groovy:39)
Caused by: org.openqa.selenium.InvalidElementStateException: invalid element state
  (Session info: chrome=90.0.4430.93)
Build info: version: '3.141.59', revision: 'e82be7d358', time: '2018-11-14T08:25:53'
System info: host: 'DESKTOP-21F1E8S', ip: '192.168.100.73', os.name: 'Windows 10', os.arch: 'amd64', os.version: '10.0', java.version: '1.8.0_181'
Driver info: com.kms.katalon.selenium.driver.CChromeDriver
Capabilities {acceptInsecureCerts: false, browserName: chrome, browserVersion: 90.0.4430.93, chrome: {chromedriverVersion: 90.0.4430.24 (4c6d850f087da..., userDataDir: C:\Users\moham\AppData\Loca...}, goog:chromeOptions: {debuggerAddress: localhost:14247}, javascriptEnabled: true, networkConnectionEnabled: false, pageLoadStrategy: normal, platform: WINDOWS, platformName: WINDOWS, proxy: Proxy(), setWindowRect: true, strictFileInteractability: false, timeouts: {implicit: 0, pageLoad: 300000, script: 30000}, unhandledPromptBehavior: dismiss and notify, webauthn:extension:largeBlob: true, webauthn:virtualAuthenticators: true}
Session ID: dbb371adcbe60303acf92abe786481f2
	at org.openqa.selenium.remote.http.W3CHttpResponseCodec.createException(W3CHttpResponseCodec.java:187)
	at org.openqa.selenium.remote.http.W3CHttpResponseCodec.decode(W3CHttpResponseCodec.java:122)
	at org.openqa.selenium.remote.http.W3CHttpResponseCodec.decode(W3CHttpResponseCodec.java:49)
	at org.openqa.selenium.remote.HttpCommandExecutor.execute(HttpCommandExecutor.java:158)
	at org.openqa.selenium.remote.service.DriverCommandExecutor.execute(DriverCommandExecutor.java:83)
	at org.openqa.selenium.remote.RemoteWebDriver.execute(RemoteWebDriver.java:552)
	at com.kms.katalon.selenium.driver.CChromeDriver.execute(CChromeDriver.java:19)
	at org.openqa.selenium.remote.RemoteWebElement.execute(RemoteWebElement.java:285)
	at org.openqa.selenium.remote.RemoteWebElement.clear(RemoteWebElement.java:124)
	at org.openqa.selenium.support.events.EventFiringWebDriver$EventFiringWebElement.lambda$new$0(EventFiringWebDriver.java:404)
	at com.sun.proxy.$Proxy11.clear(Unknown Source)
	at org.openqa.selenium.support.events.EventFiringWebDriver$EventFiringWebElement.clear(EventFiringWebDriver.java:436)
	at com.kms.katalon.core.webui.keyword.builtin.SetTextKeyword$_setText_closure1.doCall(SetTextKeyword.groovy:53)
	at com.kms.katalon.core.webui.keyword.builtin.SetTextKeyword$_setText_closure1.call(SetTextKeyword.groovy)
	at com.kms.katalon.core.webui.keyword.internal.WebUIKeywordMain.runKeyword(WebUIKeywordMain.groovy:20)
	... 19 more
"/>
         <system-out><![CDATA[2021-05-10 23:39:26 - [TEST_CASE][FAILED] - Test Cases/BlogEntries: Test Cases/BlogEntries FAILED.
Reason:
com.kms.katalon.core.exception.StepFailedException: Unable to set text '1 <p>1</p>' of object 'Object Repository/BlogEntries/Page_SUCourse Blogs Add a new entry/div_1 1'
	at com.kms.katalon.core.webui.keyword.internal.WebUIKeywordMain.stepFailed(WebUIKeywordMain.groovy:64)
	at com.kms.katalon.core.webui.keyword.internal.WebUIKeywordMain.runKeyword(WebUIKeywordMain.groovy:26)
	at com.kms.katalon.core.webui.keyword.builtin.SetTextKeyword.setText(SetTextKeyword.groovy:66)
	at com.kms.katalon.core.webui.keyword.builtin.SetTextKeyword.execute(SetTextKeyword.groovy:37)
	at com.kms.katalon.core.keyword.internal.KeywordExecutor.executeKeywordForPlatform(KeywordExecutor.groovy:73)
	at com.kms.katalon.core.webui.keyword.WebUiBuiltInKeywords.setText(WebUiBuiltInKeywords.groovy:979)
	at com.kms.katalon.core.webui.keyword.WebUiBuiltInKeywords$setText$2.call(Unknown Source)
	at BlogEntries.run(BlogEntries:64)
	at com.kms.katalon.core.main.ScriptEngine.run(ScriptEngine.java:194)
	at com.kms.katalon.core.main.ScriptEngine.runScriptAsRawText(ScriptEngine.java:119)
	at com.kms.katalon.core.main.TestCaseExecutor.runScript(TestCaseExecutor.java:398)
	at com.kms.katalon.core.main.TestCaseExecutor.doExecute(TestCaseExecutor.java:389)
	at com.kms.katalon.core.main.TestCaseExecutor.processExecutionPhase(TestCaseExecutor.java:368)
	at com.kms.katalon.core.main.TestCaseExecutor.accessMainPhase(TestCaseExecutor.java:360)
	at com.kms.katalon.core.main.TestCaseExecutor.execute(TestCaseExecutor.java:255)
	at com.kms.katalon.core.main.TestSuiteExecutor.accessTestCaseMainPhase(TestSuiteExecutor.java:203)
	at com.kms.katalon.core.main.TestSuiteExecutor.accessTestSuiteMainPhase(TestSuiteExecutor.java:152)
	at com.kms.katalon.core.main.TestSuiteExecutor.execute(TestSuiteExecutor.java:95)
	at com.kms.katalon.core.main.TestCaseMain.startTestSuite(TestCaseMain.java:157)
	at com.kms.katalon.core.main.TestCaseMain$startTestSuite$0.call(Unknown Source)
	at TempTestSuite1620679014006.run(TempTestSuite1620679014006.groovy:39)
Caused by: org.openqa.selenium.InvalidElementStateException: invalid element state
  (Session info: chrome=90.0.4430.93)
Build info: version: '3.141.59', revision: 'e82be7d358', time: '2018-11-14T08:25:53'
System info: host: 'DESKTOP-21F1E8S', ip: '192.168.100.73', os.name: 'Windows 10', os.arch: 'amd64', os.version: '10.0', java.version: '1.8.0_181'
Driver info: com.kms.katalon.selenium.driver.CChromeDriver
Capabilities {acceptInsecureCerts: false, browserName: chrome, browserVersion: 90.0.4430.93, chrome: {chromedriverVersion: 90.0.4430.24 (4c6d850f087da..., userDataDir: C:\Users\moham\AppData\Loca...}, goog:chromeOptions: {debuggerAddress: localhost:14247}, javascriptEnabled: true, networkConnectionEnabled: false, pageLoadStrategy: normal, platform: WINDOWS, platformName: WINDOWS, proxy: Proxy(), setWindowRect: true, strictFileInteractability: false, timeouts: {implicit: 0, pageLoad: 300000, script: 30000}, unhandledPromptBehavior: dismiss and notify, webauthn:extension:largeBlob: true, webauthn:virtualAuthenticators: true}
Session ID: dbb371adcbe60303acf92abe786481f2
	at org.openqa.selenium.remote.http.W3CHttpResponseCodec.createException(W3CHttpResponseCodec.java:187)
	at org.openqa.selenium.remote.http.W3CHttpResponseCodec.decode(W3CHttpResponseCodec.java:122)
	at org.openqa.selenium.remote.http.W3CHttpResponseCodec.decode(W3CHttpResponseCodec.java:49)
	at org.openqa.selenium.remote.HttpCommandExecutor.execute(HttpCommandExecutor.java:158)
	at org.openqa.selenium.remote.service.DriverCommandExecutor.execute(DriverCommandExecutor.java:83)
	at org.openqa.selenium.remote.RemoteWebDriver.execute(RemoteWebDriver.java:552)
	at com.kms.katalon.selenium.driver.CChromeDriver.execute(CChromeDriver.java:19)
	at org.openqa.selenium.remote.RemoteWebElement.execute(RemoteWebElement.java:285)
	at org.openqa.selenium.remote.RemoteWebElement.clear(RemoteWebElement.java:124)
	at org.openqa.selenium.support.events.EventFiringWebDriver$EventFiringWebElement.lambda$new$0(EventFiringWebDriver.java:404)
	at com.sun.proxy.$Proxy11.clear(Unknown Source)
	at org.openqa.selenium.support.events.EventFiringWebDriver$EventFiringWebElement.clear(EventFiringWebDriver.java:436)
	at com.kms.katalon.core.webui.keyword.builtin.SetTextKeyword$_setText_closure1.doCall(SetTextKeyword.groovy:53)
	at com.kms.katalon.core.webui.keyword.builtin.SetTextKeyword$_setText_closure1.call(SetTextKeyword.groovy)
	at com.kms.katalon.core.webui.keyword.internal.WebUIKeywordMain.runKeyword(WebUIKeywordMain.groovy:20)
	... 19 more


2021-05-10 23:39:26 - [TEST_STEP][PASSED] - openBrowser(""): Browser is opened with url: ''

2021-05-10 23:39:26 - [MESSAGE][INFO] - Starting 'Chrome' driver

2021-05-10 23:39:26 - [MESSAGE][INFO] - Action delay is set to 0 milliseconds

2021-05-10 23:39:28 - [MESSAGE][PASSED] - Browser is opened with url: ''

2021-05-10 23:39:28 - [TEST_STEP][PASSED] - navigateToUrl("https://sucourse.sabanciuniv.edu/plus/"): Navigate to 'https://sucourse.sabanciuniv.edu/plus/' successfully

2021-05-10 23:39:32 - [MESSAGE][PASSED] - Navigate to 'https://sucourse.sabanciuniv.edu/plus/' successfully

2021-05-10 23:39:32 - [TEST_STEP][PASSED] - delay(1): Delayed 1 second(s)

2021-05-10 23:39:33 - [MESSAGE][PASSED] - Delayed 1 second(s)

2021-05-10 23:39:33 - [TEST_STEP][PASSED] - click(findTestObject("Object Repository/BlogEntries/Page_SUCourse/a_Login")): Object: 'Object Repository/BlogEntries/Page_SUCourse/a_Login' is clicked on

2021-05-10 23:39:34 - [MESSAGE][PASSED] - Object: 'Object Repository/BlogEntries/Page_SUCourse/a_Login' is clicked on

2021-05-10 23:39:34 - [TEST_STEP][PASSED] - delay(1): Delayed 1 second(s)

2021-05-10 23:39:35 - [MESSAGE][PASSED] - Delayed 1 second(s)

2021-05-10 23:39:35 - [TEST_STEP][PASSED] - click(findTestObject("Object Repository/BlogEntries/Page_SUCourse Authentication choice/a_SUNet users (Sabanc University members)")): Object: 'Object Repository/BlogEntries/Page_SUCourse Authentication choice/a_SUNet users (Sabanc University members)' is clicked on

2021-05-10 23:39:38 - [MESSAGE][PASSED] - Object: 'Object Repository/BlogEntries/Page_SUCourse Authentication choice/a_SUNet users (Sabanc University members)' is clicked on

2021-05-10 23:39:38 - [TEST_STEP][PASSED] - delay(1): Delayed 1 second(s)

2021-05-10 23:39:39 - [MESSAGE][PASSED] - Delayed 1 second(s)

2021-05-10 23:39:39 - [TEST_STEP][PASSED] - setText(findTestObject("Object Repository/BlogEntries/Page_Login - CAS  Central Authentication Service/input_U_username"), "mohamedkassem"): Text 'mohamedkassem' is set on object 'Object Repository/BlogEntries/Page_Login - CAS  Central Authentication Service/input_U_username'

2021-05-10 23:39:40 - [MESSAGE][PASSED] - Text 'mohamedkassem' is set on object 'Object Repository/BlogEntries/Page_Login - CAS  Central Authentication Service/input_U_username'

2021-05-10 23:39:40 - [TEST_STEP][PASSED] - delay(1): Delayed 1 second(s)

2021-05-10 23:39:41 - [MESSAGE][PASSED] - Delayed 1 second(s)

2021-05-10 23:39:41 - [TEST_STEP][PASSED] - setEncryptedText(findTestObject("Object Repository/BlogEntries/Page_Login - CAS  Central Authentication Service/input_P_password"), "lsh4UT/KYs157Zjg3xgr3w=="): Text ****** has been set on object 'Object Repository/BlogEntries/Page_Login - CAS  Central Authentication Service/input_P_password'

2021-05-10 23:39:41 - [MESSAGE][PASSED] - Text ****** has been set on object 'Object Repository/BlogEntries/Page_Login - CAS  Central Authentication Service/input_P_password'

2021-05-10 23:39:41 - [TEST_STEP][PASSED] - delay(1): Delayed 1 second(s)

2021-05-10 23:39:42 - [MESSAGE][PASSED] - Delayed 1 second(s)

2021-05-10 23:39:42 - [TEST_STEP][PASSED] - click(findTestObject("Object Repository/BlogEntries/Page_Login - CAS  Central Authentication Service/input_Remember Me_submit")): Object: 'Object Repository/BlogEntries/Page_Login - CAS  Central Authentication Service/input_Remember Me_submit' is clicked on

2021-05-10 23:39:45 - [MESSAGE][PASSED] - Object: 'Object Repository/BlogEntries/Page_Login - CAS  Central Authentication Service/input_Remember Me_submit' is clicked on

2021-05-10 23:39:45 - [TEST_STEP][PASSED] - delay(1): Delayed 1 second(s)

2021-05-10 23:39:46 - [MESSAGE][PASSED] - Delayed 1 second(s)

2021-05-10 23:39:46 - [TEST_STEP][PASSED] - click(findTestObject("Object Repository/BlogEntries/Page_Dashboard/span_Mohamed Emad Mohamed Kassem")): Object: 'Object Repository/BlogEntries/Page_Dashboard/span_Mohamed Emad Mohamed Kassem' is clicked on

2021-05-10 23:39:47 - [MESSAGE][PASSED] - Object: 'Object Repository/BlogEntries/Page_Dashboard/span_Mohamed Emad Mohamed Kassem' is clicked on

2021-05-10 23:39:47 - [TEST_STEP][PASSED] - delay(1): Delayed 1 second(s)

2021-05-10 23:39:48 - [MESSAGE][PASSED] - Delayed 1 second(s)

2021-05-10 23:39:48 - [TEST_STEP][PASSED] - click(findTestObject("Object Repository/BlogEntries/Page_Dashboard/span_Profile")): Object: 'Object Repository/BlogEntries/Page_Dashboard/span_Profile' is clicked on

2021-05-10 23:39:49 - [MESSAGE][PASSED] - Object: 'Object Repository/BlogEntries/Page_Dashboard/span_Profile' is clicked on

2021-05-10 23:39:49 - [TEST_STEP][PASSED] - delay(1): Delayed 1 second(s)

2021-05-10 23:39:50 - [MESSAGE][PASSED] - Delayed 1 second(s)

2021-05-10 23:39:50 - [TEST_STEP][PASSED] - click(findTestObject("Object Repository/BlogEntries/Page_Mohamed Emad Mohamed Kassem Public profile/a_Blog entries")): Object: 'Object Repository/BlogEntries/Page_Mohamed Emad Mohamed Kassem Public profile/a_Blog entries' is clicked on

2021-05-10 23:39:52 - [MESSAGE][PASSED] - Object: 'Object Repository/BlogEntries/Page_Mohamed Emad Mohamed Kassem Public profile/a_Blog entries' is clicked on

2021-05-10 23:39:52 - [TEST_STEP][PASSED] - delay(1): Delayed 1 second(s)

2021-05-10 23:39:53 - [MESSAGE][PASSED] - Delayed 1 second(s)

2021-05-10 23:39:53 - [TEST_STEP][PASSED] - click(findTestObject("Object Repository/BlogEntries/Page_SUCourse Mohamed Emad Mohamed Kassem Blog/a_Add a new entry")): Object: 'Object Repository/BlogEntries/Page_SUCourse Mohamed Emad Mohamed Kassem Blog/a_Add a new entry' is clicked on

2021-05-10 23:39:55 - [MESSAGE][PASSED] - Object: 'Object Repository/BlogEntries/Page_SUCourse Mohamed Emad Mohamed Kassem Blog/a_Add a new entry' is clicked on

2021-05-10 23:39:55 - [TEST_STEP][PASSED] - delay(1): Delayed 1 second(s)

2021-05-10 23:39:56 - [MESSAGE][PASSED] - Delayed 1 second(s)

2021-05-10 23:39:56 - [TEST_STEP][FAILED] - setText(findTestObject("Object Repository/BlogEntries/Page_SUCourse Blogs Add a new entry/div_1 1"), "1 <p>1</p>"): Unable to set text '1 <p>1</p>' of object 'Object Repository/BlogEntries/Page_SUCourse Blogs Add a new entry/div_1 1' (Root cause: com.kms.katalon.core.exception.StepFailedException: Unable to set text '1 <p>1</p>' of object 'Object Repository/BlogEntries/Page_SUCourse Blogs Add a new entry/div_1 1'
	at com.kms.katalon.core.webui.keyword.internal.WebUIKeywordMain.stepFailed(WebUIKeywordMain.groovy:64)
	at com.kms.katalon.core.webui.keyword.internal.WebUIKeywordMain.runKeyword(WebUIKeywordMain.groovy:26)
	at com.kms.katalon.core.webui.keyword.builtin.SetTextKeyword.setText(SetTextKeyword.groovy:66)
	at com.kms.katalon.core.webui.keyword.builtin.SetTextKeyword.execute(SetTextKeyword.groovy:37)
	at com.kms.katalon.core.keyword.internal.KeywordExecutor.executeKeywordForPlatform(KeywordExecutor.groovy:73)
	at com.kms.katalon.core.webui.keyword.WebUiBuiltInKeywords.setText(WebUiBuiltInKeywords.groovy:979)
	at com.kms.katalon.core.webui.keyword.WebUiBuiltInKeywords$setText$2.call(Unknown Source)
	at BlogEntries.run(BlogEntries:64)
	at com.kms.katalon.core.main.ScriptEngine.run(ScriptEngine.java:194)
	at com.kms.katalon.core.main.ScriptEngine.runScriptAsRawText(ScriptEngine.java:119)
	at com.kms.katalon.core.main.TestCaseExecutor.runScript(TestCaseExecutor.java:398)
	at com.kms.katalon.core.main.TestCaseExecutor.doExecute(TestCaseExecutor.java:389)
	at com.kms.katalon.core.main.TestCaseExecutor.processExecutionPhase(TestCaseExecutor.java:368)
	at com.kms.katalon.core.main.TestCaseExecutor.accessMainPhase(TestCaseExecutor.java:360)
	at com.kms.katalon.core.main.TestCaseExecutor.execute(TestCaseExecutor.java:255)
	at com.kms.katalon.core.main.TestSuiteExecutor.accessTestCaseMainPhase(TestSuiteExecutor.java:203)
	at com.kms.katalon.core.main.TestSuiteExecutor.accessTestSuiteMainPhase(TestSuiteExecutor.java:152)
	at com.kms.katalon.core.main.TestSuiteExecutor.execute(TestSuiteExecutor.java:95)
	at com.kms.katalon.core.main.TestCaseMain.startTestSuite(TestCaseMain.java:157)
	at com.kms.katalon.core.main.TestCaseMain$startTestSuite$0.call(Unknown Source)
	at TempTestSuite1620679014006.run(TempTestSuite1620679014006.groovy:39)
Caused by: org.openqa.selenium.InvalidElementStateException: invalid element state
  (Session info: chrome=90.0.4430.93)
Build info: version: '3.141.59', revision: 'e82be7d358', time: '2018-11-14T08:25:53'
System info: host: 'DESKTOP-21F1E8S', ip: '192.168.100.73', os.name: 'Windows 10', os.arch: 'amd64', os.version: '10.0', java.version: '1.8.0_181'
Driver info: com.kms.katalon.selenium.driver.CChromeDriver
Capabilities {acceptInsecureCerts: false, browserName: chrome, browserVersion: 90.0.4430.93, chrome: {chromedriverVersion: 90.0.4430.24 (4c6d850f087da..., userDataDir: C:\Users\moham\AppData\Loca...}, goog:chromeOptions: {debuggerAddress: localhost:14247}, javascriptEnabled: true, networkConnectionEnabled: false, pageLoadStrategy: normal, platform: WINDOWS, platformName: WINDOWS, proxy: Proxy(), setWindowRect: true, strictFileInteractability: false, timeouts: {implicit: 0, pageLoad: 300000, script: 30000}, unhandledPromptBehavior: dismiss and notify, webauthn:extension:largeBlob: true, webauthn:virtualAuthenticators: true}
Session ID: dbb371adcbe60303acf92abe786481f2
	at org.openqa.selenium.remote.http.W3CHttpResponseCodec.createException(W3CHttpResponseCodec.java:187)
	at org.openqa.selenium.remote.http.W3CHttpResponseCodec.decode(W3CHttpResponseCodec.java:122)
	at org.openqa.selenium.remote.http.W3CHttpResponseCodec.decode(W3CHttpResponseCodec.java:49)
	at org.openqa.selenium.remote.HttpCommandExecutor.execute(HttpCommandExecutor.java:158)
	at org.openqa.selenium.remote.service.DriverCommandExecutor.execute(DriverCommandExecutor.java:83)
	at org.openqa.selenium.remote.RemoteWebDriver.execute(RemoteWebDriver.java:552)
	at com.kms.katalon.selenium.driver.CChromeDriver.execute(CChromeDriver.java:19)
	at org.openqa.selenium.remote.RemoteWebElement.execute(RemoteWebElement.java:285)
	at org.openqa.selenium.remote.RemoteWebElement.clear(RemoteWebElement.java:124)
	at org.openqa.selenium.support.events.EventFiringWebDriver$EventFiringWebElement.lambda$new$0(EventFiringWebDriver.java:404)
	at com.sun.proxy.$Proxy11.clear(Unknown Source)
	at org.openqa.selenium.support.events.EventFiringWebDriver$EventFiringWebElement.clear(EventFiringWebDriver.java:436)
	at com.kms.katalon.core.webui.keyword.builtin.SetTextKeyword$_setText_closure1.doCall(SetTextKeyword.groovy:53)
	at com.kms.katalon.core.webui.keyword.builtin.SetTextKeyword$_setText_closure1.call(SetTextKeyword.groovy)
	at com.kms.katalon.core.webui.keyword.internal.WebUIKeywordMain.runKeyword(WebUIKeywordMain.groovy:20)
	at com.kms.katalon.core.webui.keyword.builtin.SetTextKeyword.setText(SetTextKeyword.groovy:66)
	at com.kms.katalon.core.webui.keyword.builtin.SetTextKeyword.execute(SetTextKeyword.groovy:37)
	at com.kms.katalon.core.keyword.internal.KeywordExecutor.executeKeywordForPlatform(KeywordExecutor.groovy:73)
	at com.kms.katalon.core.webui.keyword.WebUiBuiltInKeywords.setText(WebUiBuiltInKeywords.groovy:979)
	at com.kms.katalon.core.webui.keyword.WebUiBuiltInKeywords$setText$2.call(Unknown Source)
	at Script1620656559910.run(Script1620656559910.groovy:64)
	... 13 more
)

2021-05-10 23:39:57 - [MESSAGE][FAILED] - Unable to set text '1 <p>1</p>' of object 'Object Repository/BlogEntries/Page_SUCourse Blogs Add a new entry/div_1 1' (Root cause: com.kms.katalon.core.exception.StepFailedException: Unable to set text '1 <p>1</p>' of object 'Object Repository/BlogEntries/Page_SUCourse Blogs Add a new entry/div_1 1'
	at com.kms.katalon.core.webui.keyword.internal.WebUIKeywordMain.stepFailed(WebUIKeywordMain.groovy:64)
	at com.kms.katalon.core.webui.keyword.internal.WebUIKeywordMain.runKeyword(WebUIKeywordMain.groovy:26)
	at com.kms.katalon.core.webui.keyword.builtin.SetTextKeyword.setText(SetTextKeyword.groovy:66)
	at com.kms.katalon.core.webui.keyword.builtin.SetTextKeyword.execute(SetTextKeyword.groovy:37)
	at com.kms.katalon.core.keyword.internal.KeywordExecutor.executeKeywordForPlatform(KeywordExecutor.groovy:73)
	at com.kms.katalon.core.webui.keyword.WebUiBuiltInKeywords.setText(WebUiBuiltInKeywords.groovy:979)
	at com.kms.katalon.core.webui.keyword.WebUiBuiltInKeywords$setText$2.call(Unknown Source)
	at BlogEntries.run(BlogEntries:64)
	at com.kms.katalon.core.main.ScriptEngine.run(ScriptEngine.java:194)
	at com.kms.katalon.core.main.ScriptEngine.runScriptAsRawText(ScriptEngine.java:119)
	at com.kms.katalon.core.main.TestCaseExecutor.runScript(TestCaseExecutor.java:398)
	at com.kms.katalon.core.main.TestCaseExecutor.doExecute(TestCaseExecutor.java:389)
	at com.kms.katalon.core.main.TestCaseExecutor.processExecutionPhase(TestCaseExecutor.java:368)
	at com.kms.katalon.core.main.TestCaseExecutor.accessMainPhase(TestCaseExecutor.java:360)
	at com.kms.katalon.core.main.TestCaseExecutor.execute(TestCaseExecutor.java:255)
	at com.kms.katalon.core.main.TestSuiteExecutor.accessTestCaseMainPhase(TestSuiteExecutor.java:203)
	at com.kms.katalon.core.main.TestSuiteExecutor.accessTestSuiteMainPhase(TestSuiteExecutor.java:152)
	at com.kms.katalon.core.main.TestSuiteExecutor.execute(TestSuiteExecutor.java:95)
	at com.kms.katalon.core.main.TestCaseMain.startTestSuite(TestCaseMain.java:157)
	at com.kms.katalon.core.main.TestCaseMain$startTestSuite$0.call(Unknown Source)
	at TempTestSuite1620679014006.run(TempTestSuite1620679014006.groovy:39)
Caused by: org.openqa.selenium.InvalidElementStateException: invalid element state
  (Session info: chrome=90.0.4430.93)
Build info: version: '3.141.59', revision: 'e82be7d358', time: '2018-11-14T08:25:53'
System info: host: 'DESKTOP-21F1E8S', ip: '192.168.100.73', os.name: 'Windows 10', os.arch: 'amd64', os.version: '10.0', java.version: '1.8.0_181'
Driver info: com.kms.katalon.selenium.driver.CChromeDriver
Capabilities {acceptInsecureCerts: false, browserName: chrome, browserVersion: 90.0.4430.93, chrome: {chromedriverVersion: 90.0.4430.24 (4c6d850f087da..., userDataDir: C:\Users\moham\AppData\Loca...}, goog:chromeOptions: {debuggerAddress: localhost:14247}, javascriptEnabled: true, networkConnectionEnabled: false, pageLoadStrategy: normal, platform: WINDOWS, platformName: WINDOWS, proxy: Proxy(), setWindowRect: true, strictFileInteractability: false, timeouts: {implicit: 0, pageLoad: 300000, script: 30000}, unhandledPromptBehavior: dismiss and notify, webauthn:extension:largeBlob: true, webauthn:virtualAuthenticators: true}
Session ID: dbb371adcbe60303acf92abe786481f2
	at org.openqa.selenium.remote.http.W3CHttpResponseCodec.createException(W3CHttpResponseCodec.java:187)
	at org.openqa.selenium.remote.http.W3CHttpResponseCodec.decode(W3CHttpResponseCodec.java:122)
	at org.openqa.selenium.remote.http.W3CHttpResponseCodec.decode(W3CHttpResponseCodec.java:49)
	at org.openqa.selenium.remote.HttpCommandExecutor.execute(HttpCommandExecutor.java:158)
	at org.openqa.selenium.remote.service.DriverCommandExecutor.execute(DriverCommandExecutor.java:83)
	at org.openqa.selenium.remote.RemoteWebDriver.execute(RemoteWebDriver.java:552)
	at com.kms.katalon.selenium.driver.CChromeDriver.execute(CChromeDriver.java:19)
	at org.openqa.selenium.remote.RemoteWebElement.execute(RemoteWebElement.java:285)
	at org.openqa.selenium.remote.RemoteWebElement.clear(RemoteWebElement.java:124)
	at org.openqa.selenium.support.events.EventFiringWebDriver$EventFiringWebElement.lambda$new$0(EventFiringWebDriver.java:404)
	at com.sun.proxy.$Proxy11.clear(Unknown Source)
	at org.openqa.selenium.support.events.EventFiringWebDriver$EventFiringWebElement.clear(EventFiringWebDriver.java:436)
	at com.kms.katalon.core.webui.keyword.builtin.SetTextKeyword$_setText_closure1.doCall(SetTextKeyword.groovy:53)
	at com.kms.katalon.core.webui.keyword.builtin.SetTextKeyword$_setText_closure1.call(SetTextKeyword.groovy)
	at com.kms.katalon.core.webui.keyword.internal.WebUIKeywordMain.runKeyword(WebUIKeywordMain.groovy:20)
	at com.kms.katalon.core.webui.keyword.builtin.SetTextKeyword.setText(SetTextKeyword.groovy:66)
	at com.kms.katalon.core.webui.keyword.builtin.SetTextKeyword.execute(SetTextKeyword.groovy:37)
	at com.kms.katalon.core.keyword.internal.KeywordExecutor.executeKeywordForPlatform(KeywordExecutor.groovy:73)
	at com.kms.katalon.core.webui.keyword.WebUiBuiltInKeywords.setText(WebUiBuiltInKeywords.groovy:979)
	at com.kms.katalon.core.webui.keyword.WebUiBuiltInKeywords$setText$2.call(Unknown Source)
	at Script1620656559910.run(Script1620656559910.groovy:64)
	... 13 more
)
[[ATTACHMENT|C:\\Users\\moham\\git\\SuCourse_Katalon\\Reports\\20210510_233654\\Navigation\\20210510_233654\\1620679196953.png]]]]></system-out>
         <system-err><![CDATA[2021-05-10 23:39:26 - [TEST_CASE][FAILED] - Test Cases/BlogEntries: Test Cases/BlogEntries FAILED.
Reason:
com.kms.katalon.core.exception.StepFailedException: Unable to set text '1 <p>1</p>' of object 'Object Repository/BlogEntries/Page_SUCourse Blogs Add a new entry/div_1 1'
	at com.kms.katalon.core.webui.keyword.internal.WebUIKeywordMain.stepFailed(WebUIKeywordMain.groovy:64)
	at com.kms.katalon.core.webui.keyword.internal.WebUIKeywordMain.runKeyword(WebUIKeywordMain.groovy:26)
	at com.kms.katalon.core.webui.keyword.builtin.SetTextKeyword.setText(SetTextKeyword.groovy:66)
	at com.kms.katalon.core.webui.keyword.builtin.SetTextKeyword.execute(SetTextKeyword.groovy:37)
	at com.kms.katalon.core.keyword.internal.KeywordExecutor.executeKeywordForPlatform(KeywordExecutor.groovy:73)
	at com.kms.katalon.core.webui.keyword.WebUiBuiltInKeywords.setText(WebUiBuiltInKeywords.groovy:979)
	at com.kms.katalon.core.webui.keyword.WebUiBuiltInKeywords$setText$2.call(Unknown Source)
	at BlogEntries.run(BlogEntries:64)
	at com.kms.katalon.core.main.ScriptEngine.run(ScriptEngine.java:194)
	at com.kms.katalon.core.main.ScriptEngine.runScriptAsRawText(ScriptEngine.java:119)
	at com.kms.katalon.core.main.TestCaseExecutor.runScript(TestCaseExecutor.java:398)
	at com.kms.katalon.core.main.TestCaseExecutor.doExecute(TestCaseExecutor.java:389)
	at com.kms.katalon.core.main.TestCaseExecutor.processExecutionPhase(TestCaseExecutor.java:368)
	at com.kms.katalon.core.main.TestCaseExecutor.accessMainPhase(TestCaseExecutor.java:360)
	at com.kms.katalon.core.main.TestCaseExecutor.execute(TestCaseExecutor.java:255)
	at com.kms.katalon.core.main.TestSuiteExecutor.accessTestCaseMainPhase(TestSuiteExecutor.java:203)
	at com.kms.katalon.core.main.TestSuiteExecutor.accessTestSuiteMainPhase(TestSuiteExecutor.java:152)
	at com.kms.katalon.core.main.TestSuiteExecutor.execute(TestSuiteExecutor.java:95)
	at com.kms.katalon.core.main.TestCaseMain.startTestSuite(TestCaseMain.java:157)
	at com.kms.katalon.core.main.TestCaseMain$startTestSuite$0.call(Unknown Source)
	at TempTestSuite1620679014006.run(TempTestSuite1620679014006.groovy:39)
Caused by: org.openqa.selenium.InvalidElementStateException: invalid element state
  (Session info: chrome=90.0.4430.93)
Build info: version: '3.141.59', revision: 'e82be7d358', time: '2018-11-14T08:25:53'
System info: host: 'DESKTOP-21F1E8S', ip: '192.168.100.73', os.name: 'Windows 10', os.arch: 'amd64', os.version: '10.0', java.version: '1.8.0_181'
Driver info: com.kms.katalon.selenium.driver.CChromeDriver
Capabilities {acceptInsecureCerts: false, browserName: chrome, browserVersion: 90.0.4430.93, chrome: {chromedriverVersion: 90.0.4430.24 (4c6d850f087da..., userDataDir: C:\Users\moham\AppData\Loca...}, goog:chromeOptions: {debuggerAddress: localhost:14247}, javascriptEnabled: true, networkConnectionEnabled: false, pageLoadStrategy: normal, platform: WINDOWS, platformName: WINDOWS, proxy: Proxy(), setWindowRect: true, strictFileInteractability: false, timeouts: {implicit: 0, pageLoad: 300000, script: 30000}, unhandledPromptBehavior: dismiss and notify, webauthn:extension:largeBlob: true, webauthn:virtualAuthenticators: true}
Session ID: dbb371adcbe60303acf92abe786481f2
	at org.openqa.selenium.remote.http.W3CHttpResponseCodec.createException(W3CHttpResponseCodec.java:187)
	at org.openqa.selenium.remote.http.W3CHttpResponseCodec.decode(W3CHttpResponseCodec.java:122)
	at org.openqa.selenium.remote.http.W3CHttpResponseCodec.decode(W3CHttpResponseCodec.java:49)
	at org.openqa.selenium.remote.HttpCommandExecutor.execute(HttpCommandExecutor.java:158)
	at org.openqa.selenium.remote.service.DriverCommandExecutor.execute(DriverCommandExecutor.java:83)
	at org.openqa.selenium.remote.RemoteWebDriver.execute(RemoteWebDriver.java:552)
	at com.kms.katalon.selenium.driver.CChromeDriver.execute(CChromeDriver.java:19)
	at org.openqa.selenium.remote.RemoteWebElement.execute(RemoteWebElement.java:285)
	at org.openqa.selenium.remote.RemoteWebElement.clear(RemoteWebElement.java:124)
	at org.openqa.selenium.support.events.EventFiringWebDriver$EventFiringWebElement.lambda$new$0(EventFiringWebDriver.java:404)
	at com.sun.proxy.$Proxy11.clear(Unknown Source)
	at org.openqa.selenium.support.events.EventFiringWebDriver$EventFiringWebElement.clear(EventFiringWebDriver.java:436)
	at com.kms.katalon.core.webui.keyword.builtin.SetTextKeyword$_setText_closure1.doCall(SetTextKeyword.groovy:53)
	at com.kms.katalon.core.webui.keyword.builtin.SetTextKeyword$_setText_closure1.call(SetTextKeyword.groovy)
	at com.kms.katalon.core.webui.keyword.internal.WebUIKeywordMain.runKeyword(WebUIKeywordMain.groovy:20)
	... 19 more]]></system-err>
      </testcase>
      <testcase name="Test Cases/SuCourseCalendar" time="127.482" classname="Test Cases/SuCourseCalendar" status="PASSED">
         <system-out><![CDATA[2021-05-10 23:39:57 - [TEST_CASE][PASSED] - Test Cases/SuCourseCalendar: Test Cases/SuCourseCalendar

2021-05-10 23:39:57 - [TEST_STEP][PASSED] - openBrowser(""): Browser is opened with url: ''

2021-05-10 23:39:57 - [MESSAGE][WARNING] - A browser is already opened. Closing browser and opening a new one

2021-05-10 23:39:58 - [MESSAGE][INFO] - Starting 'Chrome' driver

2021-05-10 23:39:58 - [MESSAGE][INFO] - Action delay is set to 0 milliseconds

2021-05-10 23:40:00 - [MESSAGE][PASSED] - Browser is opened with url: ''

2021-05-10 23:40:00 - [TEST_STEP][PASSED] - navigateToUrl("https://sucourse.sabanciuniv.edu/plus/"): Navigate to 'https://sucourse.sabanciuniv.edu/plus/' successfully

2021-05-10 23:40:05 - [MESSAGE][PASSED] - Navigate to 'https://sucourse.sabanciuniv.edu/plus/' successfully

2021-05-10 23:40:05 - [TEST_STEP][PASSED] - delay(1): Delayed 1 second(s)

2021-05-10 23:40:06 - [MESSAGE][PASSED] - Delayed 1 second(s)

2021-05-10 23:40:06 - [TEST_STEP][PASSED] - click(findTestObject("Object Repository/SuCourseCalendar/Page_SUCourse/a_Login")): Object: 'Object Repository/SuCourseCalendar/Page_SUCourse/a_Login' is clicked on

2021-05-10 23:40:07 - [MESSAGE][PASSED] - Object: 'Object Repository/SuCourseCalendar/Page_SUCourse/a_Login' is clicked on

2021-05-10 23:40:07 - [TEST_STEP][PASSED] - delay(1): Delayed 1 second(s)

2021-05-10 23:40:08 - [MESSAGE][PASSED] - Delayed 1 second(s)

2021-05-10 23:40:08 - [TEST_STEP][PASSED] - click(findTestObject("Object Repository/SuCourseCalendar/Page_SUCourse Authentication choice/a_SUNet users (Sabanc University members)")): Object: 'Object Repository/SuCourseCalendar/Page_SUCourse Authentication choice/a_SUNet users (Sabanc University members)' is clicked on

2021-05-10 23:40:10 - [MESSAGE][PASSED] - Object: 'Object Repository/SuCourseCalendar/Page_SUCourse Authentication choice/a_SUNet users (Sabanc University members)' is clicked on

2021-05-10 23:40:10 - [TEST_STEP][PASSED] - delay(1): Delayed 1 second(s)

2021-05-10 23:40:11 - [MESSAGE][PASSED] - Delayed 1 second(s)

2021-05-10 23:40:11 - [TEST_STEP][PASSED] - setText(findTestObject("Object Repository/SuCourseCalendar/Page_Login - CAS  Central Authentication Service/input_U_username"), "mohamedkassem"): Text 'mohamedkassem' is set on object 'Object Repository/SuCourseCalendar/Page_Login - CAS  Central Authentication Service/input_U_username'

2021-05-10 23:40:12 - [MESSAGE][PASSED] - Text 'mohamedkassem' is set on object 'Object Repository/SuCourseCalendar/Page_Login - CAS  Central Authentication Service/input_U_username'

2021-05-10 23:40:12 - [TEST_STEP][PASSED] - delay(1): Delayed 1 second(s)

2021-05-10 23:40:13 - [MESSAGE][PASSED] - Delayed 1 second(s)

2021-05-10 23:40:13 - [TEST_STEP][PASSED] - setEncryptedText(findTestObject("Object Repository/SuCourseCalendar/Page_Login - CAS  Central Authentication Service/input_P_password"), "lsh4UT/KYs157Zjg3xgr3w=="): Text ****** has been set on object 'Object Repository/SuCourseCalendar/Page_Login - CAS  Central Authentication Service/input_P_password'

2021-05-10 23:40:13 - [MESSAGE][PASSED] - Text ****** has been set on object 'Object Repository/SuCourseCalendar/Page_Login - CAS  Central Authentication Service/input_P_password'

2021-05-10 23:40:13 - [TEST_STEP][PASSED] - delay(1): Delayed 1 second(s)

2021-05-10 23:40:14 - [MESSAGE][PASSED] - Delayed 1 second(s)

2021-05-10 23:40:14 - [TEST_STEP][PASSED] - click(findTestObject("Object Repository/SuCourseCalendar/Page_Login - CAS  Central Authentication Service/input_Remember Me_submit")): Object: 'Object Repository/SuCourseCalendar/Page_Login - CAS  Central Authentication Service/input_Remember Me_submit' is clicked on

2021-05-10 23:40:17 - [MESSAGE][PASSED] - Object: 'Object Repository/SuCourseCalendar/Page_Login - CAS  Central Authentication Service/input_Remember Me_submit' is clicked on

2021-05-10 23:40:17 - [TEST_STEP][PASSED] - delay(1): Delayed 1 second(s)

2021-05-10 23:40:18 - [MESSAGE][PASSED] - Delayed 1 second(s)

2021-05-10 23:40:18 - [TEST_STEP][PASSED] - click(findTestObject("Object Repository/SuCourseCalendar/Page_Dashboard/img_Skip Calendar_block-hider-hide")): Object: 'Object Repository/SuCourseCalendar/Page_Dashboard/img_Skip Calendar_block-hider-hide' is clicked on

2021-05-10 23:40:49 - [MESSAGE][INFO] - Unable to find the element located by 'By.xpath: //div[@id='yui_3_17_2_1_1620593542117_95']/div/img'. Please recheck the objects properties to make sure the desired element is located. 

2021-05-10 23:40:49 - [MESSAGE][WARNING] - [SELF-HEALING] Failed to find element with id 'Object Repository/SuCourseCalendar/Page_Dashboard/img_Skip Calendar_block-hider-hide'. Try using Self-healing.

2021-05-10 23:40:49 - [MESSAGE][INFO] - [SELF-HEALING] Failed Locator: '//div[@id='yui_3_17_2_1_1620593542117_95']/div/img'.

2021-05-10 23:40:50 - [MESSAGE][INFO] - [SELF-HEALING] Working Locator: '//img[@alt='Hide Calendar block']'.

2021-05-10 23:40:50 - [MESSAGE][INFO] - [SELF-HEALING] Screenshot: C:/Users/moham/git/SuCourse_Katalon/Reports/Self-healing/Object Repository/SuCourseCalendar/Page_Dashboard/img_Skip Calendar_block-hider-hide_img.png

2021-05-10 23:40:50 - [MESSAGE][WARNING] - [SELF-HEALING] The current locator of test object 'Object Repository/SuCourseCalendar/Page_Dashboard/img_Skip Calendar_block-hider-hide' was broken. Propose an alternative one: '//img[@alt='Hide Calendar block']'.

2021-05-10 23:40:50 - [MESSAGE][PASSED] - Object: 'Object Repository/SuCourseCalendar/Page_Dashboard/img_Skip Calendar_block-hider-hide' is clicked on

2021-05-10 23:40:50 - [TEST_STEP][PASSED] - delay(1): Delayed 1 second(s)

2021-05-10 23:40:51 - [MESSAGE][PASSED] - Delayed 1 second(s)

2021-05-10 23:40:51 - [TEST_STEP][PASSED] - click(findTestObject("Object Repository/SuCourseCalendar/Page_Dashboard/img_Skip Calendar_block-hider-show")): Object: 'Object Repository/SuCourseCalendar/Page_Dashboard/img_Skip Calendar_block-hider-show' is clicked on

2021-05-10 23:41:23 - [MESSAGE][INFO] - Unable to find the element located by 'By.xpath: //div[@id='yui_3_17_2_1_1620593542117_396']/img[2]'. Please recheck the objects properties to make sure the desired element is located. 

2021-05-10 23:41:23 - [MESSAGE][WARNING] - [SELF-HEALING] Failed to find element with id 'Object Repository/SuCourseCalendar/Page_Dashboard/img_Skip Calendar_block-hider-show'. Try using Self-healing.

2021-05-10 23:41:23 - [MESSAGE][INFO] - [SELF-HEALING] Failed Locator: '//div[@id='yui_3_17_2_1_1620593542117_396']/img[2]'.

2021-05-10 23:41:23 - [MESSAGE][INFO] - [SELF-HEALING] Working Locator: '//img[@alt='Show Calendar block']'.

2021-05-10 23:41:23 - [MESSAGE][INFO] - [SELF-HEALING] Screenshot: C:/Users/moham/git/SuCourse_Katalon/Reports/Self-healing/Object Repository/SuCourseCalendar/Page_Dashboard/img_Skip Calendar_block-hider-show_img.png

2021-05-10 23:41:23 - [MESSAGE][WARNING] - [SELF-HEALING] The current locator of test object 'Object Repository/SuCourseCalendar/Page_Dashboard/img_Skip Calendar_block-hider-show' was broken. Propose an alternative one: '//img[@alt='Show Calendar block']'.

2021-05-10 23:41:23 - [MESSAGE][PASSED] - Object: 'Object Repository/SuCourseCalendar/Page_Dashboard/img_Skip Calendar_block-hider-show' is clicked on

2021-05-10 23:41:23 - [TEST_STEP][PASSED] - delay(1): Delayed 1 second(s)

2021-05-10 23:41:24 - [MESSAGE][PASSED] - Delayed 1 second(s)

2021-05-10 23:41:24 - [TEST_STEP][PASSED] - click(findTestObject("Object Repository/SuCourseCalendar/Page_Dashboard/h2_Calendar")): Object: 'Object Repository/SuCourseCalendar/Page_Dashboard/h2_Calendar' is clicked on

2021-05-10 23:41:25 - [MESSAGE][PASSED] - Object: 'Object Repository/SuCourseCalendar/Page_Dashboard/h2_Calendar' is clicked on

2021-05-10 23:41:25 - [TEST_STEP][PASSED] - delay(1): Delayed 1 second(s)

2021-05-10 23:41:26 - [MESSAGE][PASSED] - Delayed 1 second(s)

2021-05-10 23:41:26 - [TEST_STEP][PASSED] - click(findTestObject("Object Repository/SuCourseCalendar/Page_Dashboard/h2_Calendar")): Object: 'Object Repository/SuCourseCalendar/Page_Dashboard/h2_Calendar' is clicked on

2021-05-10 23:41:26 - [MESSAGE][PASSED] - Object: 'Object Repository/SuCourseCalendar/Page_Dashboard/h2_Calendar' is clicked on

2021-05-10 23:41:26 - [TEST_STEP][PASSED] - delay(1): Delayed 1 second(s)

2021-05-10 23:41:28 - [MESSAGE][PASSED] - Delayed 1 second(s)

2021-05-10 23:41:28 - [TEST_STEP][PASSED] - click(findTestObject("Object Repository/SuCourseCalendar/Page_Dashboard/a_May 2021")): Object: 'Object Repository/SuCourseCalendar/Page_Dashboard/a_May 2021' is clicked on

2021-05-10 23:41:29 - [MESSAGE][PASSED] - Object: 'Object Repository/SuCourseCalendar/Page_Dashboard/a_May 2021' is clicked on

2021-05-10 23:41:29 - [TEST_STEP][PASSED] - delay(1): Delayed 1 second(s)

2021-05-10 23:41:30 - [MESSAGE][PASSED] - Delayed 1 second(s)

2021-05-10 23:41:30 - [TEST_STEP][PASSED] - click(findTestObject("Object Repository/SuCourseCalendar/Page_SUCourse Calendar Detailed month view _34c8e7/span_April 2021")): Object: 'Object Repository/SuCourseCalendar/Page_SUCourse Calendar Detailed month view _34c8e7/span_April 2021' is clicked on

2021-05-10 23:42:01 - [MESSAGE][INFO] - Unable to find the element located by 'By.xpath: //div[@id='month-navigation-60984b933914b60984b92d991527']/div/a/span[2]'. Please recheck the objects properties to make sure the desired element is located. 

2021-05-10 23:42:01 - [MESSAGE][WARNING] - [SELF-HEALING] Failed to find element with id 'Object Repository/SuCourseCalendar/Page_SUCourse Calendar Detailed month view _34c8e7/span_April 2021'. Try using Self-healing.

2021-05-10 23:42:02 - [MESSAGE][INFO] - [SELF-HEALING] Failed Locator: '//div[@id='month-navigation-60984b933914b60984b92d991527']/div/a/span[2]'.

2021-05-10 23:42:02 - [MESSAGE][INFO] - [SELF-HEALING] Working Locator: '(.//*[normalize-space(text()) and normalize-space(.)='◄'])[1]/following::span[1]'.

2021-05-10 23:42:02 - [MESSAGE][INFO] - [SELF-HEALING] Screenshot: C:/Users/moham/git/SuCourse_Katalon/Reports/Self-healing/Object Repository/SuCourseCalendar/Page_SUCourse Calendar Detailed month view _34c8e7/span_April 2021_neighbor.png

2021-05-10 23:42:02 - [MESSAGE][WARNING] - [SELF-HEALING] The current locator of test object 'Object Repository/SuCourseCalendar/Page_SUCourse Calendar Detailed month view _34c8e7/span_April 2021' was broken. Propose an alternative one: '(.//*[normalize-space(text()) and normalize-space(.)='◄'])[1]/following::span[1]'.

2021-05-10 23:42:02 - [MESSAGE][PASSED] - Object: 'Object Repository/SuCourseCalendar/Page_SUCourse Calendar Detailed month view _34c8e7/span_April 2021' is clicked on

2021-05-10 23:42:02 - [TEST_STEP][PASSED] - delay(1): Delayed 1 second(s)

2021-05-10 23:42:03 - [MESSAGE][PASSED] - Delayed 1 second(s)

2021-05-10 23:42:03 - [TEST_STEP][PASSED] - closeBrowser(): Browser is closed

2021-05-10 23:42:04 - [MESSAGE][PASSED] - Browser is closed]]></system-out>
         <system-err><![CDATA[]]></system-err>
      </testcase>
      <system-out><![CDATA[2021-05-10 23:36:59 - [TEST_SUITE][FAILED] - Navigation: Test Cases/BlogEntries FAILED.
Reason:
com.kms.katalon.core.exception.StepFailedException: Unable to set text '1 <p>1</p>' of object 'Object Repository/BlogEntries/Page_SUCourse Blogs Add a new entry/div_1 1'
	at com.kms.katalon.core.webui.keyword.internal.WebUIKeywordMain.stepFailed(WebUIKeywordMain.groovy:64)
	at com.kms.katalon.core.webui.keyword.internal.WebUIKeywordMain.runKeyword(WebUIKeywordMain.groovy:26)
	at com.kms.katalon.core.webui.keyword.builtin.SetTextKeyword.setText(SetTextKeyword.groovy:66)
	at com.kms.katalon.core.webui.keyword.builtin.SetTextKeyword.execute(SetTextKeyword.groovy:37)
	at com.kms.katalon.core.keyword.internal.KeywordExecutor.executeKeywordForPlatform(KeywordExecutor.groovy:73)
	at com.kms.katalon.core.webui.keyword.WebUiBuiltInKeywords.setText(WebUiBuiltInKeywords.groovy:979)
	at com.kms.katalon.core.webui.keyword.WebUiBuiltInKeywords$setText$2.call(Unknown Source)
	at BlogEntries.run(BlogEntries:64)
	at com.kms.katalon.core.main.ScriptEngine.run(ScriptEngine.java:194)
	at com.kms.katalon.core.main.ScriptEngine.runScriptAsRawText(ScriptEngine.java:119)
	at com.kms.katalon.core.main.TestCaseExecutor.runScript(TestCaseExecutor.java:398)
	at com.kms.katalon.core.main.TestCaseExecutor.doExecute(TestCaseExecutor.java:389)
	at com.kms.katalon.core.main.TestCaseExecutor.processExecutionPhase(TestCaseExecutor.java:368)
	at com.kms.katalon.core.main.TestCaseExecutor.accessMainPhase(TestCaseExecutor.java:360)
	at com.kms.katalon.core.main.TestCaseExecutor.execute(TestCaseExecutor.java:255)
	at com.kms.katalon.core.main.TestSuiteExecutor.accessTestCaseMainPhase(TestSuiteExecutor.java:203)
	at com.kms.katalon.core.main.TestSuiteExecutor.accessTestSuiteMainPhase(TestSuiteExecutor.java:152)
	at com.kms.katalon.core.main.TestSuiteExecutor.execute(TestSuiteExecutor.java:95)
	at com.kms.katalon.core.main.TestCaseMain.startTestSuite(TestCaseMain.java:157)
	at com.kms.katalon.core.main.TestCaseMain$startTestSuite$0.call(Unknown Source)
	at TempTestSuite1620679014006.run(TempTestSuite1620679014006.groovy:39)
Caused by: org.openqa.selenium.InvalidElementStateException: invalid element state
  (Session info: chrome=90.0.4430.93)
Build info: version: '3.141.59', revision: 'e82be7d358', time: '2018-11-14T08:25:53'
System info: host: 'DESKTOP-21F1E8S', ip: '192.168.100.73', os.name: 'Windows 10', os.arch: 'amd64', os.version: '10.0', java.version: '1.8.0_181'
Driver info: com.kms.katalon.selenium.driver.CChromeDriver
Capabilities {acceptInsecureCerts: false, browserName: chrome, browserVersion: 90.0.4430.93, chrome: {chromedriverVersion: 90.0.4430.24 (4c6d850f087da..., userDataDir: C:\Users\moham\AppData\Loca...}, goog:chromeOptions: {debuggerAddress: localhost:14247}, javascriptEnabled: true, networkConnectionEnabled: false, pageLoadStrategy: normal, platform: WINDOWS, platformName: WINDOWS, proxy: Proxy(), setWindowRect: true, strictFileInteractability: false, timeouts: {implicit: 0, pageLoad: 300000, script: 30000}, unhandledPromptBehavior: dismiss and notify, webauthn:extension:largeBlob: true, webauthn:virtualAuthenticators: true}
Session ID: dbb371adcbe60303acf92abe786481f2
	at org.openqa.selenium.remote.http.W3CHttpResponseCodec.createException(W3CHttpResponseCodec.java:187)
	at org.openqa.selenium.remote.http.W3CHttpResponseCodec.decode(W3CHttpResponseCodec.java:122)
	at org.openqa.selenium.remote.http.W3CHttpResponseCodec.decode(W3CHttpResponseCodec.java:49)
	at org.openqa.selenium.remote.HttpCommandExecutor.execute(HttpCommandExecutor.java:158)
	at org.openqa.selenium.remote.service.DriverCommandExecutor.execute(DriverCommandExecutor.java:83)
	at org.openqa.selenium.remote.RemoteWebDriver.execute(RemoteWebDriver.java:552)
	at com.kms.katalon.selenium.driver.CChromeDriver.execute(CChromeDriver.java:19)
	at org.openqa.selenium.remote.RemoteWebElement.execute(RemoteWebElement.java:285)
	at org.openqa.selenium.remote.RemoteWebElement.clear(RemoteWebElement.java:124)
	at org.openqa.selenium.support.events.EventFiringWebDriver$EventFiringWebElement.lambda$new$0(EventFiringWebDriver.java:404)
	at com.sun.proxy.$Proxy11.clear(Unknown Source)
	at org.openqa.selenium.support.events.EventFiringWebDriver$EventFiringWebElement.clear(EventFiringWebDriver.java:436)
	at com.kms.katalon.core.webui.keyword.builtin.SetTextKeyword$_setText_closure1.doCall(SetTextKeyword.groovy:53)
	at com.kms.katalon.core.webui.keyword.builtin.SetTextKeyword$_setText_closure1.call(SetTextKeyword.groovy)
	at com.kms.katalon.core.webui.keyword.internal.WebUIKeywordMain.runKeyword(WebUIKeywordMain.groovy:20)
	... 19 more]]></system-out>
      <system-err><![CDATA[2021-05-10 23:36:59 - [TEST_SUITE][FAILED] - Navigation: Test Cases/BlogEntries FAILED.
Reason:
com.kms.katalon.core.exception.StepFailedException: Unable to set text '1 <p>1</p>' of object 'Object Repository/BlogEntries/Page_SUCourse Blogs Add a new entry/div_1 1'
	at com.kms.katalon.core.webui.keyword.internal.WebUIKeywordMain.stepFailed(WebUIKeywordMain.groovy:64)
	at com.kms.katalon.core.webui.keyword.internal.WebUIKeywordMain.runKeyword(WebUIKeywordMain.groovy:26)
	at com.kms.katalon.core.webui.keyword.builtin.SetTextKeyword.setText(SetTextKeyword.groovy:66)
	at com.kms.katalon.core.webui.keyword.builtin.SetTextKeyword.execute(SetTextKeyword.groovy:37)
	at com.kms.katalon.core.keyword.internal.KeywordExecutor.executeKeywordForPlatform(KeywordExecutor.groovy:73)
	at com.kms.katalon.core.webui.keyword.WebUiBuiltInKeywords.setText(WebUiBuiltInKeywords.groovy:979)
	at com.kms.katalon.core.webui.keyword.WebUiBuiltInKeywords$setText$2.call(Unknown Source)
	at BlogEntries.run(BlogEntries:64)
	at com.kms.katalon.core.main.ScriptEngine.run(ScriptEngine.java:194)
	at com.kms.katalon.core.main.ScriptEngine.runScriptAsRawText(ScriptEngine.java:119)
	at com.kms.katalon.core.main.TestCaseExecutor.runScript(TestCaseExecutor.java:398)
	at com.kms.katalon.core.main.TestCaseExecutor.doExecute(TestCaseExecutor.java:389)
	at com.kms.katalon.core.main.TestCaseExecutor.processExecutionPhase(TestCaseExecutor.java:368)
	at com.kms.katalon.core.main.TestCaseExecutor.accessMainPhase(TestCaseExecutor.java:360)
	at com.kms.katalon.core.main.TestCaseExecutor.execute(TestCaseExecutor.java:255)
	at com.kms.katalon.core.main.TestSuiteExecutor.accessTestCaseMainPhase(TestSuiteExecutor.java:203)
	at com.kms.katalon.core.main.TestSuiteExecutor.accessTestSuiteMainPhase(TestSuiteExecutor.java:152)
	at com.kms.katalon.core.main.TestSuiteExecutor.execute(TestSuiteExecutor.java:95)
	at com.kms.katalon.core.main.TestCaseMain.startTestSuite(TestCaseMain.java:157)
	at com.kms.katalon.core.main.TestCaseMain$startTestSuite$0.call(Unknown Source)
	at TempTestSuite1620679014006.run(TempTestSuite1620679014006.groovy:39)
Caused by: org.openqa.selenium.InvalidElementStateException: invalid element state
  (Session info: chrome=90.0.4430.93)
Build info: version: '3.141.59', revision: 'e82be7d358', time: '2018-11-14T08:25:53'
System info: host: 'DESKTOP-21F1E8S', ip: '192.168.100.73', os.name: 'Windows 10', os.arch: 'amd64', os.version: '10.0', java.version: '1.8.0_181'
Driver info: com.kms.katalon.selenium.driver.CChromeDriver
Capabilities {acceptInsecureCerts: false, browserName: chrome, browserVersion: 90.0.4430.93, chrome: {chromedriverVersion: 90.0.4430.24 (4c6d850f087da..., userDataDir: C:\Users\moham\AppData\Loca...}, goog:chromeOptions: {debuggerAddress: localhost:14247}, javascriptEnabled: true, networkConnectionEnabled: false, pageLoadStrategy: normal, platform: WINDOWS, platformName: WINDOWS, proxy: Proxy(), setWindowRect: true, strictFileInteractability: false, timeouts: {implicit: 0, pageLoad: 300000, script: 30000}, unhandledPromptBehavior: dismiss and notify, webauthn:extension:largeBlob: true, webauthn:virtualAuthenticators: true}
Session ID: dbb371adcbe60303acf92abe786481f2
	at org.openqa.selenium.remote.http.W3CHttpResponseCodec.createException(W3CHttpResponseCodec.java:187)
	at org.openqa.selenium.remote.http.W3CHttpResponseCodec.decode(W3CHttpResponseCodec.java:122)
	at org.openqa.selenium.remote.http.W3CHttpResponseCodec.decode(W3CHttpResponseCodec.java:49)
	at org.openqa.selenium.remote.HttpCommandExecutor.execute(HttpCommandExecutor.java:158)
	at org.openqa.selenium.remote.service.DriverCommandExecutor.execute(DriverCommandExecutor.java:83)
	at org.openqa.selenium.remote.RemoteWebDriver.execute(RemoteWebDriver.java:552)
	at com.kms.katalon.selenium.driver.CChromeDriver.execute(CChromeDriver.java:19)
	at org.openqa.selenium.remote.RemoteWebElement.execute(RemoteWebElement.java:285)
	at org.openqa.selenium.remote.RemoteWebElement.clear(RemoteWebElement.java:124)
	at org.openqa.selenium.support.events.EventFiringWebDriver$EventFiringWebElement.lambda$new$0(EventFiringWebDriver.java:404)
	at com.sun.proxy.$Proxy11.clear(Unknown Source)
	at org.openqa.selenium.support.events.EventFiringWebDriver$EventFiringWebElement.clear(EventFiringWebDriver.java:436)
	at com.kms.katalon.core.webui.keyword.builtin.SetTextKeyword$_setText_closure1.doCall(SetTextKeyword.groovy:53)
	at com.kms.katalon.core.webui.keyword.builtin.SetTextKeyword$_setText_closure1.call(SetTextKeyword.groovy)
	at com.kms.katalon.core.webui.keyword.internal.WebUIKeywordMain.runKeyword(WebUIKeywordMain.groovy:20)
	... 19 more]]></system-err>
   </testsuite>
</testsuites>
